{"C:\\Travel App\\src\\config\\database.ts": {"path":"C:\\Travel App\\src\\config\\database.ts","statementMap":{"0":{"start":{"line":1,"column":0},"end":{"line":1,"column":28}},"1":{"start":{"line":3,"column":0},"end":{"line":3,"column":16}},"2":{"start":{"line":5,"column":15},"end":{"line":46,"column":2}},"3":{"start":{"line":48,"column":0},"end":{"line":48,"column":22}}},"fnMap":{},"branchMap":{"0":{"loc":{"start":{"line":6,"column":7},"end":{"line":6,"column":35}},"type":"binary-expr","locations":[{"start":{"line":6,"column":7},"end":{"line":6,"column":25}},{"start":{"line":6,"column":29},"end":{"line":6,"column":35}}]},"1":{"loc":{"start":{"line":7,"column":8},"end":{"line":7,"column":43}},"type":"binary-expr","locations":[{"start":{"line":7,"column":8},"end":{"line":7,"column":27}},{"start":{"line":7,"column":31},"end":{"line":7,"column":43}}]},"2":{"loc":{"start":{"line":10,"column":10},"end":{"line":10,"column":44}},"type":"binary-expr","locations":[{"start":{"line":10,"column":10},"end":{"line":10,"column":29}},{"start":{"line":10,"column":33},"end":{"line":10,"column":44}}]},"3":{"loc":{"start":{"line":11,"column":19},"end":{"line":11,"column":48}},"type":"binary-expr","locations":[{"start":{"line":11,"column":19},"end":{"line":11,"column":38}},{"start":{"line":11,"column":42},"end":{"line":11,"column":48}}]},"4":{"loc":{"start":{"line":12,"column":14},"end":{"line":12,"column":53}},"type":"binary-expr","locations":[{"start":{"line":12,"column":14},"end":{"line":12,"column":37}},{"start":{"line":12,"column":41},"end":{"line":12,"column":53}}]},"5":{"loc":{"start":{"line":13,"column":10},"end":{"line":13,"column":43}},"type":"binary-expr","locations":[{"start":{"line":13,"column":10},"end":{"line":13,"column":29}},{"start":{"line":13,"column":33},"end":{"line":13,"column":43}}]},"6":{"loc":{"start":{"line":14,"column":14},"end":{"line":14,"column":49}},"type":"binary-expr","locations":[{"start":{"line":14,"column":14},"end":{"line":14,"column":37}},{"start":{"line":14,"column":41},"end":{"line":14,"column":49}}]},"7":{"loc":{"start":{"line":15,"column":9},"end":{"line":15,"column":78}},"type":"cond-expr","locations":[{"start":{"line":15,"column":41},"end":{"line":15,"column":70}},{"start":{"line":15,"column":73},"end":{"line":15,"column":78}}]},"8":{"loc":{"start":{"line":19,"column":10},"end":{"line":19,"column":47}},"type":"binary-expr","locations":[{"start":{"line":19,"column":10},"end":{"line":19,"column":32}},{"start":{"line":19,"column":36},"end":{"line":19,"column":47}}]},"9":{"loc":{"start":{"line":20,"column":19},"end":{"line":20,"column":51}},"type":"binary-expr","locations":[{"start":{"line":20,"column":19},"end":{"line":20,"column":41}},{"start":{"line":20,"column":45},"end":{"line":20,"column":51}}]},"10":{"loc":{"start":{"line":21,"column":14},"end":{"line":21,"column":51}},"type":"binary-expr","locations":[{"start":{"line":21,"column":14},"end":{"line":21,"column":40}},{"start":{"line":21,"column":44},"end":{"line":21,"column":51}}]},"11":{"loc":{"start":{"line":22,"column":10},"end":{"line":22,"column":42}},"type":"binary-expr","locations":[{"start":{"line":22,"column":10},"end":{"line":22,"column":32}},{"start":{"line":22,"column":36},"end":{"line":22,"column":42}}]},"12":{"loc":{"start":{"line":23,"column":14},"end":{"line":23,"column":54}},"type":"binary-expr","locations":[{"start":{"line":23,"column":14},"end":{"line":23,"column":40}},{"start":{"line":23,"column":44},"end":{"line":23,"column":54}}]},"13":{"loc":{"start":{"line":27,"column":14},"end":{"line":27,"column":60}},"type":"binary-expr","locations":[{"start":{"line":27,"column":14},"end":{"line":27,"column":37}},{"start":{"line":27,"column":41},"end":{"line":27,"column":60}}]},"14":{"loc":{"start":{"line":31,"column":9},"end":{"line":31,"column":69}},"type":"binary-expr","locations":[{"start":{"line":31,"column":9},"end":{"line":31,"column":32}},{"start":{"line":31,"column":36},"end":{"line":31,"column":69}}]},"15":{"loc":{"start":{"line":39,"column":18},"end":{"line":39,"column":48}},"type":"binary-expr","locations":[{"start":{"line":39,"column":18},"end":{"line":39,"column":41}},{"start":{"line":39,"column":45},"end":{"line":39,"column":48}}]},"16":{"loc":{"start":{"line":40,"column":18},"end":{"line":40,"column":49}},"type":"binary-expr","locations":[{"start":{"line":40,"column":18},"end":{"line":40,"column":41}},{"start":{"line":40,"column":45},"end":{"line":40,"column":49}}]},"17":{"loc":{"start":{"line":41,"column":35},"end":{"line":41,"column":76}},"type":"binary-expr","locations":[{"start":{"line":41,"column":35},"end":{"line":41,"column":65}},{"start":{"line":41,"column":69},"end":{"line":41,"column":76}}]},"18":{"loc":{"start":{"line":42,"column":34},"end":{"line":42,"column":74}},"type":"binary-expr","locations":[{"start":{"line":42,"column":34},"end":{"line":42,"column":63}},{"start":{"line":42,"column":67},"end":{"line":42,"column":74}}]},"19":{"loc":{"start":{"line":43,"column":35},"end":{"line":43,"column":75}},"type":"binary-expr","locations":[{"start":{"line":43,"column":35},"end":{"line":43,"column":65}},{"start":{"line":43,"column":69},"end":{"line":43,"column":75}}]},"20":{"loc":{"start":{"line":44,"column":32},"end":{"line":44,"column":70}},"type":"binary-expr","locations":[{"start":{"line":44,"column":32},"end":{"line":44,"column":59}},{"start":{"line":44,"column":63},"end":{"line":44,"column":70}}]}},"s":{"0":22,"1":22,"2":22,"3":22},"f":{},"b":{"0":[22,0],"1":[22,0],"2":[22,0],"3":[22,0],"4":[22,0],"5":[22,0],"6":[22,0],"7":[1,21],"8":[22,19],"9":[22,19],"10":[22,19],"11":[22,19],"12":[22,19],"13":[22,19],"14":[22,19],"15":[22,0],"16":[22,0],"17":[22,19],"18":[22,19],"19":[22,19],"20":[22,19]}}
,"C:\\Travel App\\src\\config\\index.ts": {"path":"C:\\Travel App\\src\\config\\index.ts","statementMap":{"0":{"start":{"line":1,"column":0},"end":{"line":1,"column":28}},"1":{"start":{"line":2,"column":0},"end":{"line":2,"column":16}},"2":{"start":{"line":4,"column":0},"end":{"line":13,"column":2}}},"fnMap":{},"branchMap":{},"s":{"0":5,"1":5,"2":5},"f":{},"b":{}}
,"C:\\Travel App\\src\\controllers\\accommodation.controller.ts": {"path":"C:\\Travel App\\src\\controllers\\accommodation.controller.ts","statementMap":{"0":{"start":{"line":2,"column":0},"end":{"line":2,"column":73}},"1":{"start":{"line":4,"column":0},"end":{"line":4,"column":49}},"2":{"start":{"line":6,"column":32},"end":{"line":13,"column":2}},"3":{"start":{"line":7,"column":21},"end":{"line":7,"column":31}},"4":{"start":{"line":8,"column":25},"end":{"line":8,"column":83}},"5":{"start":{"line":9,"column":2},"end":{"line":12,"column":5}},"6":{"start":{"line":15,"column":29},"end":{"line":30,"column":2}},"7":{"start":{"line":16,"column":17},"end":{"line":16,"column":27}},"8":{"start":{"line":17,"column":24},"end":{"line":17,"column":75}},"9":{"start":{"line":19,"column":2},"end":{"line":24,"column":3}},"10":{"start":{"line":20,"column":4},"end":{"line":23,"column":7}},"11":{"start":{"line":26,"column":2},"end":{"line":29,"column":5}},"12":{"start":{"line":32,"column":28},"end":{"line":43,"column":2}},"13":{"start":{"line":33,"column":21},"end":{"line":33,"column":31}},"14":{"start":{"line":34,"column":56},"end":{"line":34,"column":64}},"15":{"start":{"line":36,"column":24},"end":{"line":36,"column":97}},"16":{"start":{"line":38,"column":2},"end":{"line":42,"column":5}},"17":{"start":{"line":45,"column":28},"end":{"line":71,"column":2}},"18":{"start":{"line":46,"column":17},"end":{"line":46,"column":27}},"19":{"start":{"line":47,"column":49},"end":{"line":47,"column":57}},"20":{"start":{"line":48,"column":17},"end":{"line":48,"column":33}},"21":{"start":{"line":57,"column":24},"end":{"line":57,"column":86}},"22":{"start":{"line":59,"column":2},"end":{"line":64,"column":3}},"23":{"start":{"line":60,"column":4},"end":{"line":63,"column":7}},"24":{"start":{"line":66,"column":2},"end":{"line":70,"column":5}},"25":{"start":{"line":73,"column":28},"end":{"line":97,"column":2}},"26":{"start":{"line":74,"column":17},"end":{"line":74,"column":27}},"27":{"start":{"line":75,"column":17},"end":{"line":75,"column":33}},"28":{"start":{"line":84,"column":18},"end":{"line":84,"column":68}},"29":{"start":{"line":86,"column":2},"end":{"line":91,"column":3}},"30":{"start":{"line":87,"column":4},"end":{"line":90,"column":7}},"31":{"start":{"line":93,"column":2},"end":{"line":96,"column":5}},"32":{"start":{"line":99,"column":13},"end":{"line":105,"column":2}}},"fnMap":{"0":{"name":"(anonymous_0)","decl":{"start":{"line":6,"column":43},"end":{"line":6,"column":48}},"loc":{"start":{"line":6,"column":81},"end":{"line":13,"column":1}}},"1":{"name":"(anonymous_1)","decl":{"start":{"line":15,"column":40},"end":{"line":15,"column":45}},"loc":{"start":{"line":15,"column":78},"end":{"line":30,"column":1}}},"2":{"name":"(anonymous_2)","decl":{"start":{"line":32,"column":39},"end":{"line":32,"column":44}},"loc":{"start":{"line":32,"column":77},"end":{"line":43,"column":1}}},"3":{"name":"(anonymous_3)","decl":{"start":{"line":45,"column":39},"end":{"line":45,"column":44}},"loc":{"start":{"line":45,"column":77},"end":{"line":71,"column":1}}},"4":{"name":"(anonymous_4)","decl":{"start":{"line":73,"column":39},"end":{"line":73,"column":44}},"loc":{"start":{"line":73,"column":77},"end":{"line":97,"column":1}}}},"branchMap":{"0":{"loc":{"start":{"line":19,"column":2},"end":{"line":24,"column":3}},"type":"if","locations":[{"start":{"line":19,"column":2},"end":{"line":24,"column":3}},{"start":{},"end":{}}]},"1":{"loc":{"start":{"line":59,"column":2},"end":{"line":64,"column":3}},"type":"if","locations":[{"start":{"line":59,"column":2},"end":{"line":64,"column":3}},{"start":{},"end":{}}]},"2":{"loc":{"start":{"line":86,"column":2},"end":{"line":91,"column":3}},"type":"if","locations":[{"start":{"line":86,"column":2},"end":{"line":91,"column":3}},{"start":{},"end":{}}]}},"s":{"0":1,"1":1,"2":1,"3":1,"4":1,"5":1,"6":1,"7":2,"8":2,"9":2,"10":1,"11":1,"12":1,"13":1,"14":1,"15":1,"16":1,"17":1,"18":1,"19":1,"20":1,"21":1,"22":1,"23":1,"24":0,"25":1,"26":2,"27":2,"28":2,"29":2,"30":1,"31":1,"32":1},"f":{"0":1,"1":2,"2":1,"3":1,"4":2},"b":{"0":[1,1],"1":[1,0],"2":[1,1]}}
,"C:\\Travel App\\src\\controllers\\attraction.controller.ts": {"path":"C:\\Travel App\\src\\controllers\\attraction.controller.ts","statementMap":{"0":{"start":{"line":2,"column":0},"end":{"line":2,"column":67}},"1":{"start":{"line":4,"column":0},"end":{"line":4,"column":49}},"2":{"start":{"line":6,"column":29},"end":{"line":13,"column":2}},"3":{"start":{"line":7,"column":21},"end":{"line":7,"column":31}},"4":{"start":{"line":8,"column":22},"end":{"line":8,"column":74}},"5":{"start":{"line":9,"column":2},"end":{"line":12,"column":5}},"6":{"start":{"line":15,"column":26},"end":{"line":30,"column":2}},"7":{"start":{"line":16,"column":17},"end":{"line":16,"column":27}},"8":{"start":{"line":17,"column":21},"end":{"line":17,"column":66}},"9":{"start":{"line":19,"column":2},"end":{"line":24,"column":3}},"10":{"start":{"line":20,"column":4},"end":{"line":23,"column":7}},"11":{"start":{"line":26,"column":2},"end":{"line":29,"column":5}},"12":{"start":{"line":32,"column":25},"end":{"line":42,"column":2}},"13":{"start":{"line":33,"column":21},"end":{"line":33,"column":31}},"14":{"start":{"line":34,"column":50},"end":{"line":34,"column":58}},"15":{"start":{"line":35,"column":21},"end":{"line":35,"column":85}},"16":{"start":{"line":37,"column":2},"end":{"line":41,"column":5}},"17":{"start":{"line":44,"column":25},"end":{"line":62,"column":2}},"18":{"start":{"line":45,"column":17},"end":{"line":45,"column":27}},"19":{"start":{"line":46,"column":46},"end":{"line":46,"column":54}},"20":{"start":{"line":47,"column":17},"end":{"line":47,"column":33}},"21":{"start":{"line":48,"column":21},"end":{"line":48,"column":77}},"22":{"start":{"line":50,"column":2},"end":{"line":55,"column":3}},"23":{"start":{"line":51,"column":4},"end":{"line":54,"column":7}},"24":{"start":{"line":57,"column":2},"end":{"line":61,"column":5}},"25":{"start":{"line":64,"column":25},"end":{"line":80,"column":2}},"26":{"start":{"line":65,"column":17},"end":{"line":65,"column":27}},"27":{"start":{"line":66,"column":17},"end":{"line":66,"column":33}},"28":{"start":{"line":67,"column":18},"end":{"line":67,"column":62}},"29":{"start":{"line":69,"column":2},"end":{"line":74,"column":3}},"30":{"start":{"line":70,"column":4},"end":{"line":73,"column":7}},"31":{"start":{"line":76,"column":2},"end":{"line":79,"column":5}},"32":{"start":{"line":82,"column":13},"end":{"line":88,"column":2}}},"fnMap":{"0":{"name":"(anonymous_0)","decl":{"start":{"line":6,"column":40},"end":{"line":6,"column":45}},"loc":{"start":{"line":6,"column":78},"end":{"line":13,"column":1}}},"1":{"name":"(anonymous_1)","decl":{"start":{"line":15,"column":37},"end":{"line":15,"column":42}},"loc":{"start":{"line":15,"column":75},"end":{"line":30,"column":1}}},"2":{"name":"(anonymous_2)","decl":{"start":{"line":32,"column":36},"end":{"line":32,"column":41}},"loc":{"start":{"line":32,"column":74},"end":{"line":42,"column":1}}},"3":{"name":"(anonymous_3)","decl":{"start":{"line":44,"column":36},"end":{"line":44,"column":41}},"loc":{"start":{"line":44,"column":74},"end":{"line":62,"column":1}}},"4":{"name":"(anonymous_4)","decl":{"start":{"line":64,"column":36},"end":{"line":64,"column":41}},"loc":{"start":{"line":64,"column":74},"end":{"line":80,"column":1}}}},"branchMap":{"0":{"loc":{"start":{"line":19,"column":2},"end":{"line":24,"column":3}},"type":"if","locations":[{"start":{"line":19,"column":2},"end":{"line":24,"column":3}},{"start":{},"end":{}}]},"1":{"loc":{"start":{"line":50,"column":2},"end":{"line":55,"column":3}},"type":"if","locations":[{"start":{"line":50,"column":2},"end":{"line":55,"column":3}},{"start":{},"end":{}}]},"2":{"loc":{"start":{"line":69,"column":2},"end":{"line":74,"column":3}},"type":"if","locations":[{"start":{"line":69,"column":2},"end":{"line":74,"column":3}},{"start":{},"end":{}}]}},"s":{"0":1,"1":1,"2":1,"3":1,"4":1,"5":1,"6":1,"7":1,"8":1,"9":1,"10":1,"11":0,"12":1,"13":1,"14":1,"15":1,"16":1,"17":1,"18":1,"19":1,"20":1,"21":1,"22":1,"23":1,"24":0,"25":1,"26":1,"27":1,"28":1,"29":1,"30":1,"31":0,"32":1},"f":{"0":1,"1":1,"2":1,"3":1,"4":1},"b":{"0":[1,0],"1":[1,0],"2":[1,0]}}
,"C:\\Travel App\\src\\controllers\\auth.controller.ts": {"path":"C:\\Travel App\\src\\controllers\\auth.controller.ts","statementMap":{"0":{"start":{"line":1,"column":0},"end":{"line":1,"column":31}},"1":{"start":{"line":2,"column":0},"end":{"line":2,"column":49}},"2":{"start":{"line":3,"column":0},"end":{"line":3,"column":56}},"3":{"start":{"line":5,"column":17},"end":{"line":13,"column":2}},"4":{"start":{"line":6,"column":2},"end":{"line":6,"column":32}},"5":{"start":{"line":7,"column":17},"end":{"line":7,"column":54}},"6":{"start":{"line":8,"column":2},"end":{"line":12,"column":5}},"7":{"start":{"line":15,"column":14},"end":{"line":31,"column":2}},"8":{"start":{"line":16,"column":40},"end":{"line":16,"column":74}},"9":{"start":{"line":18,"column":2},"end":{"line":22,"column":5}},"10":{"start":{"line":24,"column":2},"end":{"line":30,"column":5}},"11":{"start":{"line":33,"column":21},"end":{"line":53,"column":2}},"12":{"start":{"line":34,"column":21},"end":{"line":34,"column":32}},"13":{"start":{"line":35,"column":23},"end":{"line":35,"column":56}},"14":{"start":{"line":36,"column":2},"end":{"line":36,"column":44}},"15":{"start":{"line":37,"column":2},"end":{"line":42,"column":3}},"16":{"start":{"line":38,"column":4},"end":{"line":41,"column":7}},"17":{"start":{"line":44,"column":26},"end":{"line":44,"column":71}},"18":{"start":{"line":46,"column":2},"end":{"line":52,"column":5}},"19":{"start":{"line":55,"column":13},"end":{"line":59,"column":2}}},"fnMap":{"0":{"name":"(anonymous_1)","decl":{"start":{"line":5,"column":28},"end":{"line":5,"column":33}},"loc":{"start":{"line":5,"column":47},"end":{"line":13,"column":1}}},"1":{"name":"(anonymous_2)","decl":{"start":{"line":15,"column":25},"end":{"line":15,"column":30}},"loc":{"start":{"line":15,"column":44},"end":{"line":31,"column":1}}},"2":{"name":"(anonymous_3)","decl":{"start":{"line":33,"column":32},"end":{"line":33,"column":37}},"loc":{"start":{"line":33,"column":51},"end":{"line":53,"column":1}}}},"branchMap":{"0":{"loc":{"start":{"line":37,"column":2},"end":{"line":42,"column":3}},"type":"if","locations":[{"start":{"line":37,"column":2},"end":{"line":42,"column":3}},{"start":{},"end":{}}]}},"s":{"0":1,"1":1,"2":1,"3":1,"4":1,"5":1,"6":1,"7":1,"8":1,"9":1,"10":1,"11":1,"12":2,"13":2,"14":2,"15":2,"16":1,"17":1,"18":1,"19":1},"f":{"0":1,"1":1,"2":2},"b":{"0":[1,1]}}
,"C:\\Travel App\\src\\controllers\\dining.controller.ts": {"path":"C:\\Travel App\\src\\controllers\\dining.controller.ts","statementMap":{"0":{"start":{"line":2,"column":0},"end":{"line":2,"column":58}},"1":{"start":{"line":4,"column":0},"end":{"line":4,"column":49}},"2":{"start":{"line":6,"column":25},"end":{"line":13,"column":2}},"3":{"start":{"line":7,"column":21},"end":{"line":7,"column":31}},"4":{"start":{"line":8,"column":18},"end":{"line":8,"column":62}},"5":{"start":{"line":9,"column":2},"end":{"line":12,"column":5}},"6":{"start":{"line":15,"column":22},"end":{"line":30,"column":2}},"7":{"start":{"line":16,"column":17},"end":{"line":16,"column":27}},"8":{"start":{"line":17,"column":17},"end":{"line":17,"column":54}},"9":{"start":{"line":19,"column":2},"end":{"line":24,"column":3}},"10":{"start":{"line":20,"column":4},"end":{"line":23,"column":7}},"11":{"start":{"line":26,"column":2},"end":{"line":29,"column":5}},"12":{"start":{"line":32,"column":21},"end":{"line":43,"column":2}},"13":{"start":{"line":33,"column":21},"end":{"line":33,"column":31}},"14":{"start":{"line":34,"column":42},"end":{"line":34,"column":50}},"15":{"start":{"line":35,"column":17},"end":{"line":35,"column":33}},"16":{"start":{"line":36,"column":17},"end":{"line":36,"column":69}},"17":{"start":{"line":38,"column":2},"end":{"line":42,"column":5}},"18":{"start":{"line":45,"column":21},"end":{"line":63,"column":2}},"19":{"start":{"line":46,"column":17},"end":{"line":46,"column":27}},"20":{"start":{"line":47,"column":42},"end":{"line":47,"column":50}},"21":{"start":{"line":48,"column":17},"end":{"line":48,"column":33}},"22":{"start":{"line":49,"column":17},"end":{"line":49,"column":65}},"23":{"start":{"line":51,"column":2},"end":{"line":56,"column":3}},"24":{"start":{"line":52,"column":4},"end":{"line":55,"column":7}},"25":{"start":{"line":58,"column":2},"end":{"line":62,"column":5}},"26":{"start":{"line":65,"column":21},"end":{"line":81,"column":2}},"27":{"start":{"line":66,"column":17},"end":{"line":66,"column":27}},"28":{"start":{"line":67,"column":17},"end":{"line":67,"column":33}},"29":{"start":{"line":68,"column":18},"end":{"line":68,"column":54}},"30":{"start":{"line":70,"column":2},"end":{"line":75,"column":3}},"31":{"start":{"line":71,"column":4},"end":{"line":74,"column":7}},"32":{"start":{"line":77,"column":2},"end":{"line":80,"column":5}},"33":{"start":{"line":83,"column":13},"end":{"line":89,"column":2}}},"fnMap":{"0":{"name":"(anonymous_0)","decl":{"start":{"line":6,"column":36},"end":{"line":6,"column":41}},"loc":{"start":{"line":6,"column":74},"end":{"line":13,"column":1}}},"1":{"name":"(anonymous_1)","decl":{"start":{"line":15,"column":33},"end":{"line":15,"column":38}},"loc":{"start":{"line":15,"column":71},"end":{"line":30,"column":1}}},"2":{"name":"(anonymous_2)","decl":{"start":{"line":32,"column":32},"end":{"line":32,"column":37}},"loc":{"start":{"line":32,"column":70},"end":{"line":43,"column":1}}},"3":{"name":"(anonymous_3)","decl":{"start":{"line":45,"column":32},"end":{"line":45,"column":37}},"loc":{"start":{"line":45,"column":70},"end":{"line":63,"column":1}}},"4":{"name":"(anonymous_4)","decl":{"start":{"line":65,"column":32},"end":{"line":65,"column":37}},"loc":{"start":{"line":65,"column":70},"end":{"line":81,"column":1}}}},"branchMap":{"0":{"loc":{"start":{"line":19,"column":2},"end":{"line":24,"column":3}},"type":"if","locations":[{"start":{"line":19,"column":2},"end":{"line":24,"column":3}},{"start":{},"end":{}}]},"1":{"loc":{"start":{"line":51,"column":2},"end":{"line":56,"column":3}},"type":"if","locations":[{"start":{"line":51,"column":2},"end":{"line":56,"column":3}},{"start":{},"end":{}}]},"2":{"loc":{"start":{"line":70,"column":2},"end":{"line":75,"column":3}},"type":"if","locations":[{"start":{"line":70,"column":2},"end":{"line":75,"column":3}},{"start":{},"end":{}}]}},"s":{"0":1,"1":1,"2":1,"3":1,"4":1,"5":1,"6":1,"7":2,"8":2,"9":2,"10":1,"11":1,"12":1,"13":1,"14":1,"15":1,"16":1,"17":1,"18":1,"19":2,"20":2,"21":2,"22":2,"23":2,"24":1,"25":1,"26":1,"27":2,"28":2,"29":2,"30":2,"31":1,"32":1,"33":1},"f":{"0":1,"1":2,"2":1,"3":2,"4":2},"b":{"0":[1,1],"1":[1,1],"2":[1,1]}}
,"C:\\Travel App\\src\\controllers\\location.controller.ts": {"path":"C:\\Travel App\\src\\controllers\\location.controller.ts","statementMap":{"0":{"start":{"line":2,"column":0},"end":{"line":2,"column":63}},"1":{"start":{"line":4,"column":0},"end":{"line":4,"column":49}},"2":{"start":{"line":6,"column":24},"end":{"line":20,"column":2}},"3":{"start":{"line":7,"column":52},"end":{"line":7,"column":61}},"4":{"start":{"line":9,"column":20},"end":{"line":14,"column":4}},"5":{"start":{"line":16,"column":2},"end":{"line":19,"column":5}},"6":{"start":{"line":22,"column":24},"end":{"line":38,"column":2}},"7":{"start":{"line":23,"column":16},"end":{"line":23,"column":25}},"8":{"start":{"line":25,"column":2},"end":{"line":30,"column":3}},"9":{"start":{"line":26,"column":4},"end":{"line":29,"column":7}},"10":{"start":{"line":32,"column":20},"end":{"line":32,"column":70}},"11":{"start":{"line":34,"column":2},"end":{"line":37,"column":5}},"12":{"start":{"line":40,"column":24},"end":{"line":55,"column":2}},"13":{"start":{"line":41,"column":17},"end":{"line":41,"column":27}},"14":{"start":{"line":42,"column":19},"end":{"line":42,"column":60}},"15":{"start":{"line":44,"column":2},"end":{"line":49,"column":3}},"16":{"start":{"line":45,"column":4},"end":{"line":48,"column":7}},"17":{"start":{"line":51,"column":2},"end":{"line":54,"column":5}},"18":{"start":{"line":57,"column":23},"end":{"line":67,"column":2}},"19":{"start":{"line":58,"column":46},"end":{"line":58,"column":54}},"20":{"start":{"line":60,"column":19},"end":{"line":60,"column":69}},"21":{"start":{"line":62,"column":2},"end":{"line":66,"column":5}},"22":{"start":{"line":69,"column":23},"end":{"line":87,"column":2}},"23":{"start":{"line":70,"column":17},"end":{"line":70,"column":27}},"24":{"start":{"line":71,"column":44},"end":{"line":71,"column":52}},"25":{"start":{"line":73,"column":19},"end":{"line":73,"column":71}},"26":{"start":{"line":75,"column":2},"end":{"line":80,"column":3}},"27":{"start":{"line":76,"column":4},"end":{"line":79,"column":7}},"28":{"start":{"line":82,"column":2},"end":{"line":86,"column":5}},"29":{"start":{"line":89,"column":23},"end":{"line":105,"column":2}},"30":{"start":{"line":90,"column":17},"end":{"line":90,"column":27}},"31":{"start":{"line":92,"column":18},"end":{"line":92,"column":58}},"32":{"start":{"line":94,"column":2},"end":{"line":99,"column":3}},"33":{"start":{"line":95,"column":4},"end":{"line":98,"column":7}},"34":{"start":{"line":101,"column":2},"end":{"line":104,"column":5}},"35":{"start":{"line":107,"column":13},"end":{"line":114,"column":2}}},"fnMap":{"0":{"name":"(anonymous_0)","decl":{"start":{"line":6,"column":35},"end":{"line":6,"column":40}},"loc":{"start":{"line":6,"column":73},"end":{"line":20,"column":1}}},"1":{"name":"(anonymous_1)","decl":{"start":{"line":22,"column":35},"end":{"line":22,"column":40}},"loc":{"start":{"line":22,"column":73},"end":{"line":38,"column":1}}},"2":{"name":"(anonymous_2)","decl":{"start":{"line":40,"column":35},"end":{"line":40,"column":40}},"loc":{"start":{"line":40,"column":73},"end":{"line":55,"column":1}}},"3":{"name":"(anonymous_3)","decl":{"start":{"line":57,"column":34},"end":{"line":57,"column":39}},"loc":{"start":{"line":57,"column":72},"end":{"line":67,"column":1}}},"4":{"name":"(anonymous_4)","decl":{"start":{"line":69,"column":34},"end":{"line":69,"column":39}},"loc":{"start":{"line":69,"column":72},"end":{"line":87,"column":1}}},"5":{"name":"(anonymous_5)","decl":{"start":{"line":89,"column":34},"end":{"line":89,"column":39}},"loc":{"start":{"line":89,"column":72},"end":{"line":105,"column":1}}}},"branchMap":{"0":{"loc":{"start":{"line":7,"column":10},"end":{"line":7,"column":18}},"type":"default-arg","locations":[{"start":{"line":7,"column":17},"end":{"line":7,"column":18}}]},"1":{"loc":{"start":{"line":7,"column":20},"end":{"line":7,"column":30}},"type":"default-arg","locations":[{"start":{"line":7,"column":28},"end":{"line":7,"column":30}}]},"2":{"loc":{"start":{"line":25,"column":2},"end":{"line":30,"column":3}},"type":"if","locations":[{"start":{"line":25,"column":2},"end":{"line":30,"column":3}},{"start":{},"end":{}}]},"3":{"loc":{"start":{"line":44,"column":2},"end":{"line":49,"column":3}},"type":"if","locations":[{"start":{"line":44,"column":2},"end":{"line":49,"column":3}},{"start":{},"end":{}}]},"4":{"loc":{"start":{"line":75,"column":2},"end":{"line":80,"column":3}},"type":"if","locations":[{"start":{"line":75,"column":2},"end":{"line":80,"column":3}},{"start":{},"end":{}}]},"5":{"loc":{"start":{"line":94,"column":2},"end":{"line":99,"column":3}},"type":"if","locations":[{"start":{"line":94,"column":2},"end":{"line":99,"column":3}},{"start":{},"end":{}}]}},"s":{"0":1,"1":1,"2":1,"3":2,"4":2,"5":2,"6":1,"7":2,"8":2,"9":1,"10":1,"11":1,"12":1,"13":2,"14":2,"15":2,"16":1,"17":1,"18":1,"19":1,"20":1,"21":1,"22":1,"23":2,"24":2,"25":2,"26":2,"27":1,"28":1,"29":1,"30":2,"31":2,"32":2,"33":1,"34":1,"35":1},"f":{"0":2,"1":2,"2":2,"3":1,"4":2,"5":2},"b":{"0":[1],"1":[1],"2":[1,1],"3":[1,1],"4":[1,1],"5":[1,1]}}
,"C:\\Travel App\\src\\controllers\\notification.controller.ts": {"path":"C:\\Travel App\\src\\controllers\\notification.controller.ts","statementMap":{"0":{"start":{"line":2,"column":0},"end":{"line":2,"column":71}},"1":{"start":{"line":4,"column":0},"end":{"line":4,"column":49}},"2":{"start":{"line":6,"column":31},"end":{"line":25,"column":2}},"3":{"start":{"line":7,"column":21},"end":{"line":7,"column":31}},"4":{"start":{"line":8,"column":45},"end":{"line":8,"column":54}},"5":{"start":{"line":10,"column":22},"end":{"line":10,"column":47}},"6":{"start":{"line":11,"column":23},"end":{"line":11,"column":49}},"7":{"start":{"line":12,"column":23},"end":{"line":12,"column":88}},"8":{"start":{"line":14,"column":24},"end":{"line":18,"column":null}},"9":{"start":{"line":21,"column":2},"end":{"line":24,"column":5}},"10":{"start":{"line":27,"column":28},"end":{"line":42,"column":2}},"11":{"start":{"line":28,"column":17},"end":{"line":28,"column":27}},"12":{"start":{"line":29,"column":23},"end":{"line":29,"column":72}},"13":{"start":{"line":31,"column":2},"end":{"line":36,"column":3}},"14":{"start":{"line":32,"column":4},"end":{"line":35,"column":7}},"15":{"start":{"line":38,"column":2},"end":{"line":41,"column":5}},"16":{"start":{"line":44,"column":27},"end":{"line":54,"column":2}},"17":{"start":{"line":45,"column":54},"end":{"line":45,"column":62}},"18":{"start":{"line":47,"column":25},"end":{"line":47,"column":87}},"19":{"start":{"line":49,"column":2},"end":{"line":53,"column":5}},"20":{"start":{"line":56,"column":27},"end":{"line":75,"column":2}},"21":{"start":{"line":57,"column":17},"end":{"line":57,"column":27}},"22":{"start":{"line":58,"column":48},"end":{"line":58,"column":56}},"23":{"start":{"line":59,"column":17},"end":{"line":59,"column":33}},"24":{"start":{"line":61,"column":23},"end":{"line":61,"column":91}},"25":{"start":{"line":63,"column":2},"end":{"line":68,"column":3}},"26":{"start":{"line":64,"column":4},"end":{"line":67,"column":7}},"27":{"start":{"line":70,"column":2},"end":{"line":74,"column":5}},"28":{"start":{"line":77,"column":27},"end":{"line":94,"column":2}},"29":{"start":{"line":78,"column":17},"end":{"line":78,"column":27}},"30":{"start":{"line":79,"column":17},"end":{"line":79,"column":33}},"31":{"start":{"line":81,"column":18},"end":{"line":81,"column":74}},"32":{"start":{"line":83,"column":2},"end":{"line":88,"column":3}},"33":{"start":{"line":84,"column":4},"end":{"line":87,"column":7}},"34":{"start":{"line":90,"column":2},"end":{"line":93,"column":5}},"35":{"start":{"line":96,"column":19},"end":{"line":113,"column":2}},"36":{"start":{"line":97,"column":17},"end":{"line":97,"column":27}},"37":{"start":{"line":98,"column":17},"end":{"line":98,"column":33}},"38":{"start":{"line":100,"column":18},"end":{"line":100,"column":66}},"39":{"start":{"line":102,"column":2},"end":{"line":107,"column":3}},"40":{"start":{"line":103,"column":4},"end":{"line":106,"column":7}},"41":{"start":{"line":109,"column":2},"end":{"line":112,"column":5}},"42":{"start":{"line":115,"column":22},"end":{"line":125,"column":2}},"43":{"start":{"line":116,"column":21},"end":{"line":116,"column":31}},"44":{"start":{"line":118,"column":23},"end":{"line":118,"column":70}},"45":{"start":{"line":120,"column":2},"end":{"line":124,"column":5}},"46":{"start":{"line":127,"column":23},"end":{"line":136,"column":2}},"47":{"start":{"line":128,"column":21},"end":{"line":128,"column":31}},"48":{"start":{"line":130,"column":16},"end":{"line":130,"column":64}},"49":{"start":{"line":132,"column":2},"end":{"line":135,"column":5}},"50":{"start":{"line":138,"column":31},"end":{"line":149,"column":2}},"51":{"start":{"line":139,"column":27},"end":{"line":139,"column":37}},"52":{"start":{"line":140,"column":25},"end":{"line":140,"column":34}},"53":{"start":{"line":142,"column":22},"end":{"line":142,"column":47}},"54":{"start":{"line":143,"column":24},"end":{"line":143,"column":99}},"55":{"start":{"line":145,"column":2},"end":{"line":148,"column":5}},"56":{"start":{"line":151,"column":24},"end":{"line":162,"column":2}},"57":{"start":{"line":152,"column":27},"end":{"line":152,"column":37}},"58":{"start":{"line":153,"column":25},"end":{"line":153,"column":34}},"59":{"start":{"line":155,"column":22},"end":{"line":155,"column":47}},"60":{"start":{"line":156,"column":24},"end":{"line":156,"column":92}},"61":{"start":{"line":158,"column":2},"end":{"line":161,"column":5}},"62":{"start":{"line":164,"column":23},"end":{"line":182,"column":2}},"63":{"start":{"line":165,"column":21},"end":{"line":165,"column":31}},"64":{"start":{"line":166,"column":18},"end":{"line":166,"column":26}},"65":{"start":{"line":168,"column":2},"end":{"line":173,"column":3}},"66":{"start":{"line":169,"column":4},"end":{"line":172,"column":7}},"67":{"start":{"line":175,"column":23},"end":{"line":175,"column":76}},"68":{"start":{"line":177,"column":2},"end":{"line":181,"column":5}},"69":{"start":{"line":184,"column":31},"end":{"line":196,"column":2}},"70":{"start":{"line":185,"column":21},"end":{"line":185,"column":31}},"71":{"start":{"line":186,"column":27},"end":{"line":186,"column":36}},"72":{"start":{"line":188,"column":24},"end":{"line":188,"column":51}},"73":{"start":{"line":189,"column":23},"end":{"line":189,"column":94}},"74":{"start":{"line":191,"column":2},"end":{"line":195,"column":5}},"75":{"start":{"line":198,"column":23},"end":{"line":207,"column":2}},"76":{"start":{"line":199,"column":21},"end":{"line":199,"column":31}},"77":{"start":{"line":201,"column":16},"end":{"line":201,"column":64}},"78":{"start":{"line":203,"column":2},"end":{"line":206,"column":5}},"79":{"start":{"line":209,"column":13},"end":{"line":223,"column":2}}},"fnMap":{"0":{"name":"(anonymous_0)","decl":{"start":{"line":6,"column":42},"end":{"line":6,"column":47}},"loc":{"start":{"line":6,"column":80},"end":{"line":25,"column":1}}},"1":{"name":"(anonymous_1)","decl":{"start":{"line":27,"column":39},"end":{"line":27,"column":44}},"loc":{"start":{"line":27,"column":77},"end":{"line":42,"column":1}}},"2":{"name":"(anonymous_2)","decl":{"start":{"line":44,"column":38},"end":{"line":44,"column":43}},"loc":{"start":{"line":44,"column":76},"end":{"line":54,"column":1}}},"3":{"name":"(anonymous_3)","decl":{"start":{"line":56,"column":38},"end":{"line":56,"column":43}},"loc":{"start":{"line":56,"column":76},"end":{"line":75,"column":1}}},"4":{"name":"(anonymous_4)","decl":{"start":{"line":77,"column":38},"end":{"line":77,"column":43}},"loc":{"start":{"line":77,"column":76},"end":{"line":94,"column":1}}},"5":{"name":"(anonymous_5)","decl":{"start":{"line":96,"column":30},"end":{"line":96,"column":35}},"loc":{"start":{"line":96,"column":68},"end":{"line":113,"column":1}}},"6":{"name":"(anonymous_6)","decl":{"start":{"line":115,"column":33},"end":{"line":115,"column":38}},"loc":{"start":{"line":115,"column":71},"end":{"line":125,"column":1}}},"7":{"name":"(anonymous_7)","decl":{"start":{"line":127,"column":34},"end":{"line":127,"column":39}},"loc":{"start":{"line":127,"column":72},"end":{"line":136,"column":1}}},"8":{"name":"(anonymous_8)","decl":{"start":{"line":138,"column":42},"end":{"line":138,"column":47}},"loc":{"start":{"line":138,"column":80},"end":{"line":149,"column":1}}},"9":{"name":"(anonymous_9)","decl":{"start":{"line":151,"column":35},"end":{"line":151,"column":40}},"loc":{"start":{"line":151,"column":73},"end":{"line":162,"column":1}}},"10":{"name":"(anonymous_10)","decl":{"start":{"line":164,"column":34},"end":{"line":164,"column":39}},"loc":{"start":{"line":164,"column":72},"end":{"line":182,"column":1}}},"11":{"name":"(anonymous_11)","decl":{"start":{"line":184,"column":42},"end":{"line":184,"column":47}},"loc":{"start":{"line":184,"column":80},"end":{"line":196,"column":1}}},"12":{"name":"(anonymous_12)","decl":{"start":{"line":198,"column":34},"end":{"line":198,"column":39}},"loc":{"start":{"line":198,"column":72},"end":{"line":207,"column":1}}}},"branchMap":{"0":{"loc":{"start":{"line":8,"column":10},"end":{"line":8,"column":20}},"type":"default-arg","locations":[{"start":{"line":8,"column":18},"end":{"line":8,"column":20}}]},"1":{"loc":{"start":{"line":8,"column":22},"end":{"line":8,"column":32}},"type":"default-arg","locations":[{"start":{"line":8,"column":31},"end":{"line":8,"column":32}}]},"2":{"loc":{"start":{"line":12,"column":23},"end":{"line":12,"column":88}},"type":"cond-expr","locations":[{"start":{"line":12,"column":43},"end":{"line":12,"column":47}},{"start":{"line":12,"column":50},"end":{"line":12,"column":88}}]},"3":{"loc":{"start":{"line":12,"column":50},"end":{"line":12,"column":88}},"type":"cond-expr","locations":[{"start":{"line":12,"column":71},"end":{"line":12,"column":76}},{"start":{"line":12,"column":79},"end":{"line":12,"column":88}}]},"4":{"loc":{"start":{"line":31,"column":2},"end":{"line":36,"column":3}},"type":"if","locations":[{"start":{"line":31,"column":2},"end":{"line":36,"column":3}},{"start":{},"end":{}}]},"5":{"loc":{"start":{"line":63,"column":2},"end":{"line":68,"column":3}},"type":"if","locations":[{"start":{"line":63,"column":2},"end":{"line":68,"column":3}},{"start":{},"end":{}}]},"6":{"loc":{"start":{"line":83,"column":2},"end":{"line":88,"column":3}},"type":"if","locations":[{"start":{"line":83,"column":2},"end":{"line":88,"column":3}},{"start":{},"end":{}}]},"7":{"loc":{"start":{"line":102,"column":2},"end":{"line":107,"column":3}},"type":"if","locations":[{"start":{"line":102,"column":2},"end":{"line":107,"column":3}},{"start":{},"end":{}}]},"8":{"loc":{"start":{"line":140,"column":10},"end":{"line":140,"column":20}},"type":"default-arg","locations":[{"start":{"line":140,"column":18},"end":{"line":140,"column":20}}]},"9":{"loc":{"start":{"line":153,"column":10},"end":{"line":153,"column":20}},"type":"default-arg","locations":[{"start":{"line":153,"column":18},"end":{"line":153,"column":20}}]},"10":{"loc":{"start":{"line":168,"column":2},"end":{"line":173,"column":3}},"type":"if","locations":[{"start":{"line":168,"column":2},"end":{"line":173,"column":3}},{"start":{},"end":{}}]},"11":{"loc":{"start":{"line":168,"column":6},"end":{"line":168,"column":45}},"type":"binary-expr","locations":[{"start":{"line":168,"column":6},"end":{"line":168,"column":25}},{"start":{"line":168,"column":29},"end":{"line":168,"column":45}}]},"12":{"loc":{"start":{"line":186,"column":10},"end":{"line":186,"column":22}},"type":"default-arg","locations":[{"start":{"line":186,"column":20},"end":{"line":186,"column":22}}]}},"s":{"0":1,"1":1,"2":1,"3":1,"4":1,"5":1,"6":1,"7":1,"8":1,"9":1,"10":1,"11":2,"12":2,"13":2,"14":1,"15":1,"16":1,"17":1,"18":1,"19":1,"20":1,"21":2,"22":2,"23":2,"24":2,"25":2,"26":1,"27":1,"28":1,"29":2,"30":2,"31":2,"32":2,"33":1,"34":1,"35":1,"36":2,"37":2,"38":2,"39":2,"40":1,"41":1,"42":1,"43":1,"44":1,"45":1,"46":1,"47":1,"48":1,"49":1,"50":1,"51":1,"52":1,"53":1,"54":1,"55":1,"56":1,"57":1,"58":1,"59":1,"60":1,"61":1,"62":1,"63":2,"64":2,"65":2,"66":1,"67":1,"68":1,"69":1,"70":1,"71":1,"72":1,"73":1,"74":1,"75":1,"76":1,"77":1,"78":1,"79":1},"f":{"0":1,"1":2,"2":1,"3":2,"4":2,"5":2,"6":1,"7":1,"8":1,"9":1,"10":2,"11":1,"12":1},"b":{"0":[1],"1":[1],"2":[0,1],"3":[0,1],"4":[1,1],"5":[1,1],"6":[1,1],"7":[1,1],"8":[1],"9":[1],"10":[1,1],"11":[2,2],"12":[1]}}
,"C:\\Travel App\\src\\controllers\\post.controller.ts": {"path":"C:\\Travel App\\src\\controllers\\post.controller.ts","statementMap":{"0":{"start":{"line":2,"column":0},"end":{"line":2,"column":55}},"1":{"start":{"line":4,"column":0},"end":{"line":4,"column":49}},"2":{"start":{"line":6,"column":17},"end":{"line":17,"column":2}},"3":{"start":{"line":7,"column":33},"end":{"line":7,"column":42}},"4":{"start":{"line":8,"column":17},"end":{"line":8,"column":56}},"5":{"start":{"line":9,"column":18},"end":{"line":9,"column":59}},"6":{"start":{"line":11,"column":19},"end":{"line":11,"column":67}},"7":{"start":{"line":13,"column":4},"end":{"line":16,"column":7}},"8":{"start":{"line":19,"column":25},"end":{"line":27,"column":2}},"9":{"start":{"line":20,"column":18},"end":{"line":20,"column":59}},"10":{"start":{"line":21,"column":18},"end":{"line":21,"column":59}},"11":{"start":{"line":23,"column":4},"end":{"line":26,"column":7}},"12":{"start":{"line":29,"column":20},"end":{"line":44,"column":2}},"13":{"start":{"line":30,"column":19},"end":{"line":30,"column":29}},"14":{"start":{"line":31,"column":17},"end":{"line":31,"column":50}},"15":{"start":{"line":33,"column":4},"end":{"line":38,"column":5}},"16":{"start":{"line":34,"column":8},"end":{"line":37,"column":11}},"17":{"start":{"line":40,"column":4},"end":{"line":43,"column":7}},"18":{"start":{"line":46,"column":27},"end":{"line":61,"column":2}},"19":{"start":{"line":47,"column":19},"end":{"line":47,"column":29}},"20":{"start":{"line":48,"column":17},"end":{"line":48,"column":57}},"21":{"start":{"line":50,"column":4},"end":{"line":55,"column":5}},"22":{"start":{"line":51,"column":8},"end":{"line":54,"column":11}},"23":{"start":{"line":57,"column":4},"end":{"line":60,"column":7}},"24":{"start":{"line":63,"column":19},"end":{"line":75,"column":2}},"25":{"start":{"line":64,"column":19},"end":{"line":64,"column":35}},"26":{"start":{"line":65,"column":40},"end":{"line":65,"column":48}},"27":{"start":{"line":66,"column":4},"end":{"line":66,"column":26}},"28":{"start":{"line":68,"column":17},"end":{"line":68,"column":63}},"29":{"start":{"line":70,"column":4},"end":{"line":74,"column":7}},"30":{"start":{"line":77,"column":19},"end":{"line":96,"column":2}},"31":{"start":{"line":78,"column":19},"end":{"line":78,"column":29}},"32":{"start":{"line":79,"column":19},"end":{"line":79,"column":35}},"33":{"start":{"line":80,"column":42},"end":{"line":80,"column":50}},"34":{"start":{"line":82,"column":17},"end":{"line":82,"column":69}},"35":{"start":{"line":84,"column":4},"end":{"line":89,"column":5}},"36":{"start":{"line":85,"column":8},"end":{"line":88,"column":11}},"37":{"start":{"line":91,"column":4},"end":{"line":95,"column":7}},"38":{"start":{"line":98,"column":19},"end":{"line":115,"column":2}},"39":{"start":{"line":99,"column":19},"end":{"line":99,"column":29}},"40":{"start":{"line":100,"column":19},"end":{"line":100,"column":35}},"41":{"start":{"line":102,"column":20},"end":{"line":102,"column":60}},"42":{"start":{"line":104,"column":4},"end":{"line":109,"column":5}},"43":{"start":{"line":105,"column":8},"end":{"line":108,"column":11}},"44":{"start":{"line":111,"column":4},"end":{"line":114,"column":7}},"45":{"start":{"line":117,"column":17},"end":{"line":128,"column":2}},"46":{"start":{"line":118,"column":19},"end":{"line":118,"column":29}},"47":{"start":{"line":119,"column":19},"end":{"line":119,"column":35}},"48":{"start":{"line":121,"column":19},"end":{"line":121,"column":57}},"49":{"start":{"line":123,"column":4},"end":{"line":127,"column":7}},"50":{"start":{"line":130,"column":19},"end":{"line":141,"column":2}},"51":{"start":{"line":131,"column":19},"end":{"line":131,"column":29}},"52":{"start":{"line":132,"column":19},"end":{"line":132,"column":35}},"53":{"start":{"line":134,"column":19},"end":{"line":134,"column":59}},"54":{"start":{"line":136,"column":4},"end":{"line":140,"column":7}},"55":{"start":{"line":143,"column":17},"end":{"line":154,"column":2}},"56":{"start":{"line":144,"column":19},"end":{"line":144,"column":29}},"57":{"start":{"line":145,"column":19},"end":{"line":145,"column":35}},"58":{"start":{"line":147,"column":19},"end":{"line":147,"column":57}},"59":{"start":{"line":149,"column":4},"end":{"line":153,"column":7}},"60":{"start":{"line":156,"column":19},"end":{"line":167,"column":2}},"61":{"start":{"line":157,"column":19},"end":{"line":157,"column":29}},"62":{"start":{"line":158,"column":19},"end":{"line":158,"column":35}},"63":{"start":{"line":160,"column":19},"end":{"line":160,"column":59}},"64":{"start":{"line":162,"column":4},"end":{"line":166,"column":7}},"65":{"start":{"line":169,"column":18},"end":{"line":181,"column":2}},"66":{"start":{"line":170,"column":19},"end":{"line":170,"column":29}},"67":{"start":{"line":171,"column":19},"end":{"line":171,"column":35}},"68":{"start":{"line":172,"column":25},"end":{"line":172,"column":33}},"69":{"start":{"line":174,"column":19},"end":{"line":174,"column":68}},"70":{"start":{"line":176,"column":4},"end":{"line":180,"column":7}},"71":{"start":{"line":183,"column":21},"end":{"line":194,"column":2}},"72":{"start":{"line":184,"column":19},"end":{"line":184,"column":35}},"73":{"start":{"line":185,"column":17},"end":{"line":185,"column":56}},"74":{"start":{"line":186,"column":18},"end":{"line":186,"column":59}},"75":{"start":{"line":188,"column":19},"end":{"line":188,"column":70}},"76":{"start":{"line":190,"column":4},"end":{"line":193,"column":7}},"77":{"start":{"line":196,"column":26},"end":{"line":207,"column":2}},"78":{"start":{"line":197,"column":19},"end":{"line":197,"column":35}},"79":{"start":{"line":198,"column":17},"end":{"line":198,"column":56}},"80":{"start":{"line":199,"column":18},"end":{"line":199,"column":59}},"81":{"start":{"line":201,"column":19},"end":{"line":201,"column":75}},"82":{"start":{"line":203,"column":4},"end":{"line":206,"column":7}},"83":{"start":{"line":209,"column":26},"end":{"line":220,"column":2}},"84":{"start":{"line":210,"column":19},"end":{"line":210,"column":35}},"85":{"start":{"line":211,"column":17},"end":{"line":211,"column":56}},"86":{"start":{"line":212,"column":18},"end":{"line":212,"column":59}},"87":{"start":{"line":214,"column":19},"end":{"line":214,"column":75}},"88":{"start":{"line":216,"column":4},"end":{"line":219,"column":7}},"89":{"start":{"line":222,"column":19},"end":{"line":234,"column":2}},"90":{"start":{"line":223,"column":19},"end":{"line":223,"column":29}},"91":{"start":{"line":224,"column":4},"end":{"line":224,"column":26}},"92":{"start":{"line":225,"column":45},"end":{"line":225,"column":53}},"93":{"start":{"line":226,"column":4},"end":{"line":226,"column":117}},"94":{"start":{"line":227,"column":19},"end":{"line":227,"column":81}},"95":{"start":{"line":229,"column":4},"end":{"line":233,"column":7}},"96":{"start":{"line":236,"column":26},"end":{"line":251,"column":2}},"97":{"start":{"line":237,"column":19},"end":{"line":237,"column":29}},"98":{"start":{"line":238,"column":17},"end":{"line":238,"column":56}},"99":{"start":{"line":239,"column":4},"end":{"line":244,"column":5}},"100":{"start":{"line":240,"column":8},"end":{"line":243,"column":11}},"101":{"start":{"line":246,"column":4},"end":{"line":250,"column":7}},"102":{"start":{"line":253,"column":19},"end":{"line":262,"column":2}},"103":{"start":{"line":254,"column":17},"end":{"line":254,"column":56}},"104":{"start":{"line":255,"column":18},"end":{"line":255,"column":59}},"105":{"start":{"line":256,"column":19},"end":{"line":256,"column":45}},"106":{"start":{"line":257,"column":19},"end":{"line":257,"column":68}},"107":{"start":{"line":258,"column":4},"end":{"line":261,"column":7}},"108":{"start":{"line":264,"column":22},"end":{"line":279,"column":2}},"109":{"start":{"line":265,"column":25},"end":{"line":265,"column":35}},"110":{"start":{"line":266,"column":19},"end":{"line":266,"column":60}},"111":{"start":{"line":268,"column":4},"end":{"line":273,"column":5}},"112":{"start":{"line":269,"column":8},"end":{"line":272,"column":11}},"113":{"start":{"line":274,"column":4},"end":{"line":278,"column":7}},"114":{"start":{"line":281,"column":27},"end":{"line":296,"column":2}},"115":{"start":{"line":282,"column":25},"end":{"line":282,"column":35}},"116":{"start":{"line":283,"column":20},"end":{"line":283,"column":66}},"117":{"start":{"line":285,"column":4},"end":{"line":290,"column":5}},"118":{"start":{"line":286,"column":8},"end":{"line":289,"column":11}},"119":{"start":{"line":292,"column":4},"end":{"line":295,"column":7}},"120":{"start":{"line":298,"column":13},"end":{"line":319,"column":2}}},"fnMap":{"0":{"name":"(anonymous_0)","decl":{"start":{"line":6,"column":28},"end":{"line":6,"column":33}},"loc":{"start":{"line":6,"column":66},"end":{"line":17,"column":1}}},"1":{"name":"(anonymous_1)","decl":{"start":{"line":19,"column":36},"end":{"line":19,"column":41}},"loc":{"start":{"line":19,"column":74},"end":{"line":27,"column":1}}},"2":{"name":"(anonymous_2)","decl":{"start":{"line":29,"column":31},"end":{"line":29,"column":36}},"loc":{"start":{"line":29,"column":69},"end":{"line":44,"column":1}}},"3":{"name":"(anonymous_3)","decl":{"start":{"line":46,"column":38},"end":{"line":46,"column":43}},"loc":{"start":{"line":46,"column":76},"end":{"line":61,"column":1}}},"4":{"name":"(anonymous_4)","decl":{"start":{"line":63,"column":30},"end":{"line":63,"column":35}},"loc":{"start":{"line":63,"column":68},"end":{"line":75,"column":1}}},"5":{"name":"(anonymous_5)","decl":{"start":{"line":77,"column":30},"end":{"line":77,"column":35}},"loc":{"start":{"line":77,"column":68},"end":{"line":96,"column":1}}},"6":{"name":"(anonymous_6)","decl":{"start":{"line":98,"column":30},"end":{"line":98,"column":35}},"loc":{"start":{"line":98,"column":68},"end":{"line":115,"column":1}}},"7":{"name":"(anonymous_7)","decl":{"start":{"line":117,"column":28},"end":{"line":117,"column":33}},"loc":{"start":{"line":117,"column":66},"end":{"line":128,"column":1}}},"8":{"name":"(anonymous_8)","decl":{"start":{"line":130,"column":30},"end":{"line":130,"column":35}},"loc":{"start":{"line":130,"column":68},"end":{"line":141,"column":1}}},"9":{"name":"(anonymous_9)","decl":{"start":{"line":143,"column":28},"end":{"line":143,"column":33}},"loc":{"start":{"line":143,"column":66},"end":{"line":154,"column":1}}},"10":{"name":"(anonymous_10)","decl":{"start":{"line":156,"column":30},"end":{"line":156,"column":35}},"loc":{"start":{"line":156,"column":68},"end":{"line":167,"column":1}}},"11":{"name":"(anonymous_11)","decl":{"start":{"line":169,"column":29},"end":{"line":169,"column":34}},"loc":{"start":{"line":169,"column":67},"end":{"line":181,"column":1}}},"12":{"name":"(anonymous_12)","decl":{"start":{"line":183,"column":32},"end":{"line":183,"column":37}},"loc":{"start":{"line":183,"column":70},"end":{"line":194,"column":1}}},"13":{"name":"(anonymous_13)","decl":{"start":{"line":196,"column":37},"end":{"line":196,"column":42}},"loc":{"start":{"line":196,"column":75},"end":{"line":207,"column":1}}},"14":{"name":"(anonymous_14)","decl":{"start":{"line":209,"column":37},"end":{"line":209,"column":42}},"loc":{"start":{"line":209,"column":75},"end":{"line":220,"column":1}}},"15":{"name":"(anonymous_15)","decl":{"start":{"line":222,"column":30},"end":{"line":222,"column":35}},"loc":{"start":{"line":222,"column":68},"end":{"line":234,"column":1}}},"16":{"name":"(anonymous_16)","decl":{"start":{"line":236,"column":37},"end":{"line":236,"column":42}},"loc":{"start":{"line":236,"column":75},"end":{"line":251,"column":1}}},"17":{"name":"(anonymous_17)","decl":{"start":{"line":253,"column":30},"end":{"line":253,"column":35}},"loc":{"start":{"line":253,"column":68},"end":{"line":262,"column":1}}},"18":{"name":"(anonymous_18)","decl":{"start":{"line":264,"column":33},"end":{"line":264,"column":38}},"loc":{"start":{"line":264,"column":71},"end":{"line":279,"column":1}}},"19":{"name":"(anonymous_19)","decl":{"start":{"line":281,"column":38},"end":{"line":281,"column":43}},"loc":{"start":{"line":281,"column":76},"end":{"line":296,"column":1}}}},"branchMap":{"0":{"loc":{"start":{"line":8,"column":17},"end":{"line":8,"column":56}},"type":"binary-expr","locations":[{"start":{"line":8,"column":17},"end":{"line":8,"column":51}},{"start":{"line":8,"column":55},"end":{"line":8,"column":56}}]},"1":{"loc":{"start":{"line":9,"column":18},"end":{"line":9,"column":59}},"type":"binary-expr","locations":[{"start":{"line":9,"column":18},"end":{"line":9,"column":53}},{"start":{"line":9,"column":57},"end":{"line":9,"column":59}}]},"2":{"loc":{"start":{"line":20,"column":18},"end":{"line":20,"column":59}},"type":"binary-expr","locations":[{"start":{"line":20,"column":18},"end":{"line":20,"column":53}},{"start":{"line":20,"column":57},"end":{"line":20,"column":59}}]},"3":{"loc":{"start":{"line":33,"column":4},"end":{"line":38,"column":5}},"type":"if","locations":[{"start":{"line":33,"column":4},"end":{"line":38,"column":5}},{"start":{},"end":{}}]},"4":{"loc":{"start":{"line":50,"column":4},"end":{"line":55,"column":5}},"type":"if","locations":[{"start":{"line":50,"column":4},"end":{"line":55,"column":5}},{"start":{},"end":{}}]},"5":{"loc":{"start":{"line":84,"column":4},"end":{"line":89,"column":5}},"type":"if","locations":[{"start":{"line":84,"column":4},"end":{"line":89,"column":5}},{"start":{},"end":{}}]},"6":{"loc":{"start":{"line":104,"column":4},"end":{"line":109,"column":5}},"type":"if","locations":[{"start":{"line":104,"column":4},"end":{"line":109,"column":5}},{"start":{},"end":{}}]},"7":{"loc":{"start":{"line":185,"column":17},"end":{"line":185,"column":56}},"type":"binary-expr","locations":[{"start":{"line":185,"column":17},"end":{"line":185,"column":51}},{"start":{"line":185,"column":55},"end":{"line":185,"column":56}}]},"8":{"loc":{"start":{"line":186,"column":18},"end":{"line":186,"column":59}},"type":"binary-expr","locations":[{"start":{"line":186,"column":18},"end":{"line":186,"column":53}},{"start":{"line":186,"column":57},"end":{"line":186,"column":59}}]},"9":{"loc":{"start":{"line":198,"column":17},"end":{"line":198,"column":56}},"type":"binary-expr","locations":[{"start":{"line":198,"column":17},"end":{"line":198,"column":51}},{"start":{"line":198,"column":55},"end":{"line":198,"column":56}}]},"10":{"loc":{"start":{"line":199,"column":18},"end":{"line":199,"column":59}},"type":"binary-expr","locations":[{"start":{"line":199,"column":18},"end":{"line":199,"column":53}},{"start":{"line":199,"column":57},"end":{"line":199,"column":59}}]},"11":{"loc":{"start":{"line":211,"column":17},"end":{"line":211,"column":56}},"type":"binary-expr","locations":[{"start":{"line":211,"column":17},"end":{"line":211,"column":51}},{"start":{"line":211,"column":55},"end":{"line":211,"column":56}}]},"12":{"loc":{"start":{"line":212,"column":18},"end":{"line":212,"column":59}},"type":"binary-expr","locations":[{"start":{"line":212,"column":18},"end":{"line":212,"column":53}},{"start":{"line":212,"column":57},"end":{"line":212,"column":59}}]},"13":{"loc":{"start":{"line":239,"column":4},"end":{"line":244,"column":5}},"type":"if","locations":[{"start":{"line":239,"column":4},"end":{"line":244,"column":5}},{"start":{},"end":{}}]},"14":{"loc":{"start":{"line":248,"column":25},"end":{"line":248,"column":69}},"type":"cond-expr","locations":[{"start":{"line":248,"column":44},"end":{"line":248,"column":54}},{"start":{"line":248,"column":57},"end":{"line":248,"column":69}}]},"15":{"loc":{"start":{"line":254,"column":17},"end":{"line":254,"column":56}},"type":"binary-expr","locations":[{"start":{"line":254,"column":17},"end":{"line":254,"column":51}},{"start":{"line":254,"column":55},"end":{"line":254,"column":56}}]},"16":{"loc":{"start":{"line":255,"column":18},"end":{"line":255,"column":59}},"type":"binary-expr","locations":[{"start":{"line":255,"column":18},"end":{"line":255,"column":53}},{"start":{"line":255,"column":57},"end":{"line":255,"column":59}}]},"17":{"loc":{"start":{"line":268,"column":4},"end":{"line":273,"column":5}},"type":"if","locations":[{"start":{"line":268,"column":4},"end":{"line":273,"column":5}},{"start":{},"end":{}}]},"18":{"loc":{"start":{"line":285,"column":4},"end":{"line":290,"column":5}},"type":"if","locations":[{"start":{"line":285,"column":4},"end":{"line":290,"column":5}},{"start":{},"end":{}}]}},"s":{"0":1,"1":1,"2":1,"3":1,"4":1,"5":1,"6":1,"7":1,"8":1,"9":0,"10":0,"11":0,"12":1,"13":2,"14":2,"15":2,"16":1,"17":1,"18":1,"19":0,"20":0,"21":0,"22":0,"23":0,"24":1,"25":1,"26":1,"27":1,"28":1,"29":1,"30":1,"31":1,"32":1,"33":1,"34":1,"35":1,"36":1,"37":0,"38":1,"39":2,"40":2,"41":2,"42":2,"43":1,"44":1,"45":1,"46":1,"47":1,"48":1,"49":1,"50":1,"51":0,"52":0,"53":0,"54":0,"55":1,"56":0,"57":0,"58":0,"59":0,"60":1,"61":0,"62":0,"63":0,"64":0,"65":1,"66":0,"67":0,"68":0,"69":0,"70":0,"71":1,"72":0,"73":0,"74":0,"75":0,"76":0,"77":1,"78":0,"79":0,"80":0,"81":0,"82":0,"83":1,"84":0,"85":0,"86":0,"87":0,"88":0,"89":1,"90":1,"91":1,"92":1,"93":1,"94":1,"95":1,"96":1,"97":2,"98":2,"99":2,"100":1,"101":1,"102":1,"103":0,"104":0,"105":0,"106":0,"107":0,"108":1,"109":0,"110":0,"111":0,"112":0,"113":0,"114":1,"115":0,"116":0,"117":0,"118":0,"119":0,"120":1},"f":{"0":1,"1":0,"2":2,"3":0,"4":1,"5":1,"6":2,"7":1,"8":0,"9":0,"10":0,"11":0,"12":0,"13":0,"14":0,"15":1,"16":2,"17":0,"18":0,"19":0},"b":{"0":[1,1],"1":[1,1],"2":[0,0],"3":[1,1],"4":[0,0],"5":[1,0],"6":[1,1],"7":[0,0],"8":[0,0],"9":[0,0],"10":[0,0],"11":[0,0],"12":[0,0],"13":[1,1],"14":[1,0],"15":[0,0],"16":[0,0],"17":[0,0],"18":[0,0]}}
,"C:\\Travel App\\src\\controllers\\proximity.controller.ts": {"path":"C:\\Travel App\\src\\controllers\\proximity.controller.ts","statementMap":{"0":{"start":{"line":2,"column":0},"end":{"line":2,"column":65}},"1":{"start":{"line":8,"column":0},"end":{"line":8,"column":49}},"2":{"start":{"line":10,"column":29},"end":{"line":25,"column":2}},"3":{"start":{"line":11,"column":17},"end":{"line":11,"column":33}},"4":{"start":{"line":12,"column":2},"end":{"line":17,"column":3}},"5":{"start":{"line":13,"column":4},"end":{"line":16,"column":7}},"6":{"start":{"line":19,"column":19},"end":{"line":19,"column":70}},"7":{"start":{"line":21,"column":2},"end":{"line":24,"column":5}},"8":{"start":{"line":27,"column":32},"end":{"line":45,"column":2}},"9":{"start":{"line":28,"column":17},"end":{"line":28,"column":33}},"10":{"start":{"line":29,"column":55},"end":{"line":29,"column":63}},"11":{"start":{"line":31,"column":2},"end":{"line":36,"column":3}},"12":{"start":{"line":32,"column":4},"end":{"line":35,"column":7}},"13":{"start":{"line":38,"column":19},"end":{"line":38,"column":87}},"14":{"start":{"line":40,"column":2},"end":{"line":44,"column":5}},"15":{"start":{"line":47,"column":32},"end":{"line":72,"column":2}},"16":{"start":{"line":48,"column":17},"end":{"line":48,"column":33}},"17":{"start":{"line":49,"column":53},"end":{"line":49,"column":61}},"18":{"start":{"line":51,"column":2},"end":{"line":56,"column":3}},"19":{"start":{"line":52,"column":4},"end":{"line":55,"column":7}},"20":{"start":{"line":58,"column":19},"end":{"line":58,"column":85}},"21":{"start":{"line":60,"column":2},"end":{"line":65,"column":3}},"22":{"start":{"line":61,"column":4},"end":{"line":64,"column":7}},"23":{"start":{"line":67,"column":2},"end":{"line":71,"column":5}},"24":{"start":{"line":74,"column":27},"end":{"line":94,"column":2}},"25":{"start":{"line":75,"column":17},"end":{"line":75,"column":33}},"26":{"start":{"line":76,"column":46},"end":{"line":76,"column":54}},"27":{"start":{"line":78,"column":2},"end":{"line":83,"column":3}},"28":{"start":{"line":79,"column":4},"end":{"line":82,"column":7}},"29":{"start":{"line":85,"column":19},"end":{"line":85,"column":82}},"30":{"start":{"line":87,"column":2},"end":{"line":87,"column":71}},"31":{"start":{"line":89,"column":2},"end":{"line":93,"column":5}},"32":{"start":{"line":96,"column":24},"end":{"line":125,"column":2}},"33":{"start":{"line":97,"column":17},"end":{"line":97,"column":42}},"34":{"start":{"line":98,"column":2},"end":{"line":103,"column":3}},"35":{"start":{"line":99,"column":4},"end":{"line":102,"column":7}},"36":{"start":{"line":105,"column":2},"end":{"line":110,"column":3}},"37":{"start":{"line":106,"column":4},"end":{"line":109,"column":7}},"38":{"start":{"line":112,"column":19},"end":{"line":112,"column":65}},"39":{"start":{"line":114,"column":2},"end":{"line":119,"column":3}},"40":{"start":{"line":115,"column":4},"end":{"line":118,"column":7}},"41":{"start":{"line":121,"column":2},"end":{"line":124,"column":5}},"42":{"start":{"line":127,"column":27},"end":{"line":150,"column":2}},"43":{"start":{"line":128,"column":17},"end":{"line":128,"column":42}},"44":{"start":{"line":129,"column":4},"end":{"line":134,"column":3}},"45":{"start":{"line":130,"column":4},"end":{"line":133,"column":7}},"46":{"start":{"line":135,"column":49},"end":{"line":135,"column":58}},"47":{"start":{"line":137,"column":2},"end":{"line":142,"column":3}},"48":{"start":{"line":138,"column":4},"end":{"line":141,"column":7}},"49":{"start":{"line":144,"column":17},"end":{"line":144,"column":79}},"50":{"start":{"line":146,"column":2},"end":{"line":149,"column":5}},"51":{"start":{"line":152,"column":28},"end":{"line":169,"column":2}},"52":{"start":{"line":153,"column":17},"end":{"line":153,"column":33}},"53":{"start":{"line":154,"column":37},"end":{"line":154,"column":46}},"54":{"start":{"line":156,"column":2},"end":{"line":161,"column":3}},"55":{"start":{"line":157,"column":4},"end":{"line":160,"column":7}},"56":{"start":{"line":163,"column":18},"end":{"line":163,"column":99}},"57":{"start":{"line":165,"column":2},"end":{"line":168,"column":5}},"58":{"start":{"line":171,"column":29},"end":{"line":195,"column":2}},"59":{"start":{"line":172,"column":17},"end":{"line":172,"column":27}},"60":{"start":{"line":173,"column":17},"end":{"line":173,"column":33}},"61":{"start":{"line":175,"column":2},"end":{"line":180,"column":3}},"62":{"start":{"line":176,"column":4},"end":{"line":179,"column":7}},"63":{"start":{"line":182,"column":18},"end":{"line":182,"column":73}},"64":{"start":{"line":184,"column":2},"end":{"line":189,"column":3}},"65":{"start":{"line":185,"column":4},"end":{"line":188,"column":7}},"66":{"start":{"line":191,"column":2},"end":{"line":194,"column":5}},"67":{"start":{"line":197,"column":35},"end":{"line":219,"column":2}},"68":{"start":{"line":198,"column":17},"end":{"line":198,"column":42}},"69":{"start":{"line":199,"column":2},"end":{"line":204,"column":3}},"70":{"start":{"line":200,"column":4},"end":{"line":203,"column":7}},"71":{"start":{"line":206,"column":2},"end":{"line":211,"column":3}},"72":{"start":{"line":207,"column":4},"end":{"line":210,"column":7}},"73":{"start":{"line":213,"column":22},"end":{"line":213,"column":79}},"74":{"start":{"line":215,"column":2},"end":{"line":218,"column":5}},"75":{"start":{"line":221,"column":34},"end":{"line":243,"column":2}},"76":{"start":{"line":222,"column":17},"end":{"line":222,"column":42}},"77":{"start":{"line":223,"column":4},"end":{"line":228,"column":3}},"78":{"start":{"line":224,"column":4},"end":{"line":227,"column":7}},"79":{"start":{"line":230,"column":2},"end":{"line":235,"column":3}},"80":{"start":{"line":231,"column":4},"end":{"line":234,"column":7}},"81":{"start":{"line":237,"column":29},"end":{"line":237,"column":85}},"82":{"start":{"line":239,"column":2},"end":{"line":242,"column":5}},"83":{"start":{"line":245,"column":31},"end":{"line":267,"column":2}},"84":{"start":{"line":246,"column":17},"end":{"line":246,"column":42}},"85":{"start":{"line":247,"column":4},"end":{"line":252,"column":3}},"86":{"start":{"line":248,"column":4},"end":{"line":251,"column":7}},"87":{"start":{"line":254,"column":2},"end":{"line":259,"column":3}},"88":{"start":{"line":255,"column":4},"end":{"line":258,"column":7}},"89":{"start":{"line":261,"column":22},"end":{"line":261,"column":75}},"90":{"start":{"line":263,"column":2},"end":{"line":266,"column":5}},"91":{"start":{"line":269,"column":29},"end":{"line":291,"column":2}},"92":{"start":{"line":270,"column":15},"end":{"line":270,"column":40}},"93":{"start":{"line":271,"column":2},"end":{"line":271,"column":22}},"94":{"start":{"line":272,"column":2},"end":{"line":277,"column":3}},"95":{"start":{"line":273,"column":4},"end":{"line":276,"column":7}},"96":{"start":{"line":278,"column":2},"end":{"line":283,"column":3}},"97":{"start":{"line":279,"column":4},"end":{"line":282,"column":7}},"98":{"start":{"line":285,"column":28},"end":{"line":285,"column":79}},"99":{"start":{"line":287,"column":2},"end":{"line":290,"column":5}},"100":{"start":{"line":293,"column":32},"end":{"line":315,"column":2}},"101":{"start":{"line":294,"column":17},"end":{"line":294,"column":42}},"102":{"start":{"line":295,"column":4},"end":{"line":300,"column":3}},"103":{"start":{"line":296,"column":4},"end":{"line":299,"column":7}},"104":{"start":{"line":302,"column":2},"end":{"line":307,"column":3}},"105":{"start":{"line":303,"column":4},"end":{"line":306,"column":7}},"106":{"start":{"line":309,"column":31},"end":{"line":309,"column":85}},"107":{"start":{"line":311,"column":2},"end":{"line":314,"column":5}},"108":{"start":{"line":317,"column":24},"end":{"line":339,"column":2}},"109":{"start":{"line":318,"column":17},"end":{"line":318,"column":42}},"110":{"start":{"line":319,"column":4},"end":{"line":324,"column":3}},"111":{"start":{"line":320,"column":4},"end":{"line":323,"column":7}},"112":{"start":{"line":326,"column":2},"end":{"line":331,"column":3}},"113":{"start":{"line":327,"column":4},"end":{"line":330,"column":7}},"114":{"start":{"line":333,"column":23},"end":{"line":333,"column":69}},"115":{"start":{"line":335,"column":2},"end":{"line":338,"column":5}},"116":{"start":{"line":341,"column":31},"end":{"line":357,"column":2}},"117":{"start":{"line":342,"column":17},"end":{"line":342,"column":33}},"118":{"start":{"line":344,"column":2},"end":{"line":349,"column":3}},"119":{"start":{"line":345,"column":4},"end":{"line":348,"column":7}},"120":{"start":{"line":351,"column":2},"end":{"line":351,"column":56}},"121":{"start":{"line":353,"column":2},"end":{"line":356,"column":5}},"122":{"start":{"line":359,"column":13},"end":{"line":375,"column":2}}},"fnMap":{"0":{"name":"(anonymous_0)","decl":{"start":{"line":10,"column":40},"end":{"line":10,"column":45}},"loc":{"start":{"line":10,"column":78},"end":{"line":25,"column":1}}},"1":{"name":"(anonymous_1)","decl":{"start":{"line":27,"column":43},"end":{"line":27,"column":48}},"loc":{"start":{"line":27,"column":81},"end":{"line":45,"column":1}}},"2":{"name":"(anonymous_2)","decl":{"start":{"line":47,"column":43},"end":{"line":47,"column":48}},"loc":{"start":{"line":47,"column":81},"end":{"line":72,"column":1}}},"3":{"name":"(anonymous_3)","decl":{"start":{"line":74,"column":38},"end":{"line":74,"column":43}},"loc":{"start":{"line":74,"column":76},"end":{"line":94,"column":1}}},"4":{"name":"(anonymous_4)","decl":{"start":{"line":96,"column":35},"end":{"line":96,"column":40}},"loc":{"start":{"line":96,"column":73},"end":{"line":125,"column":1}}},"5":{"name":"(anonymous_5)","decl":{"start":{"line":127,"column":38},"end":{"line":127,"column":43}},"loc":{"start":{"line":127,"column":76},"end":{"line":150,"column":1}}},"6":{"name":"(anonymous_6)","decl":{"start":{"line":152,"column":39},"end":{"line":152,"column":44}},"loc":{"start":{"line":152,"column":77},"end":{"line":169,"column":1}}},"7":{"name":"(anonymous_7)","decl":{"start":{"line":171,"column":40},"end":{"line":171,"column":45}},"loc":{"start":{"line":171,"column":78},"end":{"line":195,"column":1}}},"8":{"name":"(anonymous_8)","decl":{"start":{"line":197,"column":46},"end":{"line":197,"column":51}},"loc":{"start":{"line":197,"column":84},"end":{"line":219,"column":1}}},"9":{"name":"(anonymous_9)","decl":{"start":{"line":221,"column":45},"end":{"line":221,"column":50}},"loc":{"start":{"line":221,"column":83},"end":{"line":243,"column":1}}},"10":{"name":"(anonymous_10)","decl":{"start":{"line":245,"column":42},"end":{"line":245,"column":47}},"loc":{"start":{"line":245,"column":80},"end":{"line":267,"column":1}}},"11":{"name":"(anonymous_11)","decl":{"start":{"line":269,"column":40},"end":{"line":269,"column":45}},"loc":{"start":{"line":269,"column":78},"end":{"line":291,"column":1}}},"12":{"name":"(anonymous_12)","decl":{"start":{"line":293,"column":43},"end":{"line":293,"column":48}},"loc":{"start":{"line":293,"column":81},"end":{"line":315,"column":1}}},"13":{"name":"(anonymous_13)","decl":{"start":{"line":317,"column":35},"end":{"line":317,"column":40}},"loc":{"start":{"line":317,"column":73},"end":{"line":339,"column":1}}},"14":{"name":"(anonymous_14)","decl":{"start":{"line":341,"column":42},"end":{"line":341,"column":47}},"loc":{"start":{"line":341,"column":80},"end":{"line":357,"column":1}}}},"branchMap":{"0":{"loc":{"start":{"line":12,"column":2},"end":{"line":17,"column":3}},"type":"if","locations":[{"start":{"line":12,"column":2},"end":{"line":17,"column":3}},{"start":{},"end":{}}]},"1":{"loc":{"start":{"line":12,"column":6},"end":{"line":12,"column":39}},"type":"binary-expr","locations":[{"start":{"line":12,"column":6},"end":{"line":12,"column":13}},{"start":{"line":12,"column":17},"end":{"line":12,"column":39}}]},"2":{"loc":{"start":{"line":31,"column":2},"end":{"line":36,"column":3}},"type":"if","locations":[{"start":{"line":31,"column":2},"end":{"line":36,"column":3}},{"start":{},"end":{}}]},"3":{"loc":{"start":{"line":31,"column":6},"end":{"line":31,"column":39}},"type":"binary-expr","locations":[{"start":{"line":31,"column":6},"end":{"line":31,"column":13}},{"start":{"line":31,"column":17},"end":{"line":31,"column":39}}]},"4":{"loc":{"start":{"line":51,"column":2},"end":{"line":56,"column":3}},"type":"if","locations":[{"start":{"line":51,"column":2},"end":{"line":56,"column":3}},{"start":{},"end":{}}]},"5":{"loc":{"start":{"line":51,"column":6},"end":{"line":51,"column":39}},"type":"binary-expr","locations":[{"start":{"line":51,"column":6},"end":{"line":51,"column":13}},{"start":{"line":51,"column":17},"end":{"line":51,"column":39}}]},"6":{"loc":{"start":{"line":60,"column":2},"end":{"line":65,"column":3}},"type":"if","locations":[{"start":{"line":60,"column":2},"end":{"line":65,"column":3}},{"start":{},"end":{}}]},"7":{"loc":{"start":{"line":78,"column":2},"end":{"line":83,"column":3}},"type":"if","locations":[{"start":{"line":78,"column":2},"end":{"line":83,"column":3}},{"start":{},"end":{}}]},"8":{"loc":{"start":{"line":78,"column":6},"end":{"line":78,"column":39}},"type":"binary-expr","locations":[{"start":{"line":78,"column":6},"end":{"line":78,"column":13}},{"start":{"line":78,"column":17},"end":{"line":78,"column":39}}]},"9":{"loc":{"start":{"line":98,"column":2},"end":{"line":103,"column":3}},"type":"if","locations":[{"start":{"line":98,"column":2},"end":{"line":103,"column":3}},{"start":{},"end":{}}]},"10":{"loc":{"start":{"line":98,"column":6},"end":{"line":98,"column":39}},"type":"binary-expr","locations":[{"start":{"line":98,"column":6},"end":{"line":98,"column":13}},{"start":{"line":98,"column":17},"end":{"line":98,"column":39}}]},"11":{"loc":{"start":{"line":105,"column":2},"end":{"line":110,"column":3}},"type":"if","locations":[{"start":{"line":105,"column":2},"end":{"line":110,"column":3}},{"start":{},"end":{}}]},"12":{"loc":{"start":{"line":105,"column":6},"end":{"line":105,"column":39}},"type":"binary-expr","locations":[{"start":{"line":105,"column":6},"end":{"line":105,"column":13}},{"start":{"line":105,"column":17},"end":{"line":105,"column":39}}]},"13":{"loc":{"start":{"line":114,"column":2},"end":{"line":119,"column":3}},"type":"if","locations":[{"start":{"line":114,"column":2},"end":{"line":119,"column":3}},{"start":{},"end":{}}]},"14":{"loc":{"start":{"line":129,"column":4},"end":{"line":134,"column":3}},"type":"if","locations":[{"start":{"line":129,"column":4},"end":{"line":134,"column":3}},{"start":{},"end":{}}]},"15":{"loc":{"start":{"line":129,"column":8},"end":{"line":129,"column":41}},"type":"binary-expr","locations":[{"start":{"line":129,"column":8},"end":{"line":129,"column":15}},{"start":{"line":129,"column":19},"end":{"line":129,"column":41}}]},"16":{"loc":{"start":{"line":137,"column":2},"end":{"line":142,"column":3}},"type":"if","locations":[{"start":{"line":137,"column":2},"end":{"line":142,"column":3}},{"start":{},"end":{}}]},"17":{"loc":{"start":{"line":137,"column":6},"end":{"line":137,"column":39}},"type":"binary-expr","locations":[{"start":{"line":137,"column":6},"end":{"line":137,"column":13}},{"start":{"line":137,"column":17},"end":{"line":137,"column":39}}]},"18":{"loc":{"start":{"line":154,"column":10},"end":{"line":154,"column":20}},"type":"default-arg","locations":[{"start":{"line":154,"column":18},"end":{"line":154,"column":20}}]},"19":{"loc":{"start":{"line":154,"column":22},"end":{"line":154,"column":32}},"type":"default-arg","locations":[{"start":{"line":154,"column":31},"end":{"line":154,"column":32}}]},"20":{"loc":{"start":{"line":156,"column":2},"end":{"line":161,"column":3}},"type":"if","locations":[{"start":{"line":156,"column":2},"end":{"line":161,"column":3}},{"start":{},"end":{}}]},"21":{"loc":{"start":{"line":156,"column":6},"end":{"line":156,"column":39}},"type":"binary-expr","locations":[{"start":{"line":156,"column":6},"end":{"line":156,"column":13}},{"start":{"line":156,"column":17},"end":{"line":156,"column":39}}]},"22":{"loc":{"start":{"line":175,"column":2},"end":{"line":180,"column":3}},"type":"if","locations":[{"start":{"line":175,"column":2},"end":{"line":180,"column":3}},{"start":{},"end":{}}]},"23":{"loc":{"start":{"line":175,"column":6},"end":{"line":175,"column":39}},"type":"binary-expr","locations":[{"start":{"line":175,"column":6},"end":{"line":175,"column":13}},{"start":{"line":175,"column":17},"end":{"line":175,"column":39}}]},"24":{"loc":{"start":{"line":184,"column":2},"end":{"line":189,"column":3}},"type":"if","locations":[{"start":{"line":184,"column":2},"end":{"line":189,"column":3}},{"start":{},"end":{}}]},"25":{"loc":{"start":{"line":199,"column":2},"end":{"line":204,"column":3}},"type":"if","locations":[{"start":{"line":199,"column":2},"end":{"line":204,"column":3}},{"start":{},"end":{}}]},"26":{"loc":{"start":{"line":199,"column":6},"end":{"line":199,"column":39}},"type":"binary-expr","locations":[{"start":{"line":199,"column":6},"end":{"line":199,"column":13}},{"start":{"line":199,"column":17},"end":{"line":199,"column":39}}]},"27":{"loc":{"start":{"line":206,"column":2},"end":{"line":211,"column":3}},"type":"if","locations":[{"start":{"line":206,"column":2},"end":{"line":211,"column":3}},{"start":{},"end":{}}]},"28":{"loc":{"start":{"line":206,"column":6},"end":{"line":206,"column":39}},"type":"binary-expr","locations":[{"start":{"line":206,"column":6},"end":{"line":206,"column":13}},{"start":{"line":206,"column":17},"end":{"line":206,"column":39}}]},"29":{"loc":{"start":{"line":223,"column":4},"end":{"line":228,"column":3}},"type":"if","locations":[{"start":{"line":223,"column":4},"end":{"line":228,"column":3}},{"start":{},"end":{}}]},"30":{"loc":{"start":{"line":223,"column":8},"end":{"line":223,"column":41}},"type":"binary-expr","locations":[{"start":{"line":223,"column":8},"end":{"line":223,"column":15}},{"start":{"line":223,"column":19},"end":{"line":223,"column":41}}]},"31":{"loc":{"start":{"line":230,"column":2},"end":{"line":235,"column":3}},"type":"if","locations":[{"start":{"line":230,"column":2},"end":{"line":235,"column":3}},{"start":{},"end":{}}]},"32":{"loc":{"start":{"line":230,"column":6},"end":{"line":230,"column":39}},"type":"binary-expr","locations":[{"start":{"line":230,"column":6},"end":{"line":230,"column":13}},{"start":{"line":230,"column":17},"end":{"line":230,"column":39}}]},"33":{"loc":{"start":{"line":247,"column":4},"end":{"line":252,"column":3}},"type":"if","locations":[{"start":{"line":247,"column":4},"end":{"line":252,"column":3}},{"start":{},"end":{}}]},"34":{"loc":{"start":{"line":247,"column":8},"end":{"line":247,"column":41}},"type":"binary-expr","locations":[{"start":{"line":247,"column":8},"end":{"line":247,"column":15}},{"start":{"line":247,"column":19},"end":{"line":247,"column":41}}]},"35":{"loc":{"start":{"line":254,"column":2},"end":{"line":259,"column":3}},"type":"if","locations":[{"start":{"line":254,"column":2},"end":{"line":259,"column":3}},{"start":{},"end":{}}]},"36":{"loc":{"start":{"line":254,"column":6},"end":{"line":254,"column":39}},"type":"binary-expr","locations":[{"start":{"line":254,"column":6},"end":{"line":254,"column":13}},{"start":{"line":254,"column":17},"end":{"line":254,"column":39}}]},"37":{"loc":{"start":{"line":272,"column":2},"end":{"line":277,"column":3}},"type":"if","locations":[{"start":{"line":272,"column":2},"end":{"line":277,"column":3}},{"start":{},"end":{}}]},"38":{"loc":{"start":{"line":272,"column":6},"end":{"line":272,"column":39}},"type":"binary-expr","locations":[{"start":{"line":272,"column":6},"end":{"line":272,"column":13}},{"start":{"line":272,"column":17},"end":{"line":272,"column":39}}]},"39":{"loc":{"start":{"line":278,"column":2},"end":{"line":283,"column":3}},"type":"if","locations":[{"start":{"line":278,"column":2},"end":{"line":283,"column":3}},{"start":{},"end":{}}]},"40":{"loc":{"start":{"line":278,"column":6},"end":{"line":278,"column":39}},"type":"binary-expr","locations":[{"start":{"line":278,"column":6},"end":{"line":278,"column":13}},{"start":{"line":278,"column":17},"end":{"line":278,"column":39}}]},"41":{"loc":{"start":{"line":295,"column":4},"end":{"line":300,"column":3}},"type":"if","locations":[{"start":{"line":295,"column":4},"end":{"line":300,"column":3}},{"start":{},"end":{}}]},"42":{"loc":{"start":{"line":295,"column":8},"end":{"line":295,"column":41}},"type":"binary-expr","locations":[{"start":{"line":295,"column":8},"end":{"line":295,"column":15}},{"start":{"line":295,"column":19},"end":{"line":295,"column":41}}]},"43":{"loc":{"start":{"line":302,"column":2},"end":{"line":307,"column":3}},"type":"if","locations":[{"start":{"line":302,"column":2},"end":{"line":307,"column":3}},{"start":{},"end":{}}]},"44":{"loc":{"start":{"line":302,"column":6},"end":{"line":302,"column":39}},"type":"binary-expr","locations":[{"start":{"line":302,"column":6},"end":{"line":302,"column":13}},{"start":{"line":302,"column":17},"end":{"line":302,"column":39}}]},"45":{"loc":{"start":{"line":319,"column":4},"end":{"line":324,"column":3}},"type":"if","locations":[{"start":{"line":319,"column":4},"end":{"line":324,"column":3}},{"start":{},"end":{}}]},"46":{"loc":{"start":{"line":319,"column":8},"end":{"line":319,"column":41}},"type":"binary-expr","locations":[{"start":{"line":319,"column":8},"end":{"line":319,"column":15}},{"start":{"line":319,"column":19},"end":{"line":319,"column":41}}]},"47":{"loc":{"start":{"line":326,"column":2},"end":{"line":331,"column":3}},"type":"if","locations":[{"start":{"line":326,"column":2},"end":{"line":331,"column":3}},{"start":{},"end":{}}]},"48":{"loc":{"start":{"line":326,"column":6},"end":{"line":326,"column":39}},"type":"binary-expr","locations":[{"start":{"line":326,"column":6},"end":{"line":326,"column":13}},{"start":{"line":326,"column":17},"end":{"line":326,"column":39}}]},"49":{"loc":{"start":{"line":344,"column":2},"end":{"line":349,"column":3}},"type":"if","locations":[{"start":{"line":344,"column":2},"end":{"line":349,"column":3}},{"start":{},"end":{}}]},"50":{"loc":{"start":{"line":344,"column":6},"end":{"line":344,"column":39}},"type":"binary-expr","locations":[{"start":{"line":344,"column":6},"end":{"line":344,"column":13}},{"start":{"line":344,"column":17},"end":{"line":344,"column":39}}]}},"s":{"0":1,"1":1,"2":1,"3":2,"4":2,"5":1,"6":1,"7":1,"8":1,"9":2,"10":2,"11":2,"12":1,"13":1,"14":1,"15":1,"16":3,"17":3,"18":3,"19":1,"20":2,"21":2,"22":1,"23":1,"24":1,"25":2,"26":2,"27":2,"28":1,"29":1,"30":1,"31":1,"32":1,"33":3,"34":3,"35":1,"36":2,"37":0,"38":2,"39":2,"40":1,"41":1,"42":1,"43":2,"44":2,"45":1,"46":1,"47":1,"48":0,"49":1,"50":1,"51":1,"52":2,"53":2,"54":2,"55":1,"56":1,"57":1,"58":1,"59":3,"60":3,"61":3,"62":1,"63":2,"64":2,"65":1,"66":1,"67":1,"68":2,"69":2,"70":1,"71":1,"72":0,"73":1,"74":1,"75":1,"76":2,"77":2,"78":1,"79":1,"80":0,"81":1,"82":1,"83":1,"84":2,"85":2,"86":1,"87":1,"88":0,"89":1,"90":1,"91":1,"92":2,"93":2,"94":2,"95":1,"96":1,"97":0,"98":1,"99":1,"100":1,"101":2,"102":2,"103":1,"104":1,"105":0,"106":1,"107":1,"108":1,"109":2,"110":2,"111":1,"112":1,"113":0,"114":1,"115":1,"116":1,"117":2,"118":2,"119":1,"120":1,"121":1,"122":1},"f":{"0":2,"1":2,"2":3,"3":2,"4":3,"5":2,"6":2,"7":3,"8":2,"9":2,"10":2,"11":2,"12":2,"13":2,"14":2},"b":{"0":[1,1],"1":[2,1],"2":[1,1],"3":[2,1],"4":[1,2],"5":[3,2],"6":[1,1],"7":[1,1],"8":[2,1],"9":[1,2],"10":[3,3],"11":[0,2],"12":[2,2],"13":[1,1],"14":[1,1],"15":[2,2],"16":[0,1],"17":[1,1],"18":[1],"19":[1],"20":[1,1],"21":[2,1],"22":[1,2],"23":[3,2],"24":[1,1],"25":[1,1],"26":[2,2],"27":[0,1],"28":[1,1],"29":[1,1],"30":[2,2],"31":[0,1],"32":[1,1],"33":[1,1],"34":[2,2],"35":[0,1],"36":[1,1],"37":[1,1],"38":[2,2],"39":[0,1],"40":[1,1],"41":[1,1],"42":[2,2],"43":[0,1],"44":[1,1],"45":[1,1],"46":[2,2],"47":[0,1],"48":[1,1],"49":[1,1],"50":[2,1]}}
[...]
,"C:\\Travel App\\src\\services\\wishlist.service.ts": {"path":"C:\\Travel App\\src\\services\\wishlist.service.ts","statementMap":{"0":{"start":{"line":1,"column":0},"end":{"line":1,"column":68}},"1":{"start":{"line":2,"column":0},"end":{"line":2,"column":68}},"2":{"start":{"line":16,"column":23},"end":{"line":21,"column":1}},"3":{"start":{"line":17,"column":21},"end":{"line":17,"column":61}},"4":{"start":{"line":18,"column":26},"end":{"line":18,"column":66}},"5":{"start":{"line":19,"column":2},"end":{"line":19,"column":77}},"6":{"start":{"line":19,"column":24},"end":{"line":19,"column":77}},"7":{"start":{"line":20,"column":2},"end":{"line":20,"column":25}},"8":{"start":{"line":23,"column":24},"end":{"line":28,"column":1}},"9":{"start":{"line":24,"column":19},"end":{"line":24,"column":56}},"10":{"start":{"line":25,"column":2},"end":{"line":25,"column":29}},"11":{"start":{"line":25,"column":17},"end":{"line":25,"column":29}},"12":{"start":{"line":26,"column":2},"end":{"line":26,"column":70}},"13":{"start":{"line":26,"column":58},"end":{"line":26,"column":70}},"14":{"start":{"line":27,"column":2},"end":{"line":27,"column":18}},"15":{"start":{"line":30,"column":25},"end":{"line":32,"column":1}},"16":{"start":{"line":31,"column":2},"end":{"line":31,"column":59}},"17":{"start":{"line":34,"column":27},"end":{"line":36,"column":1}},"18":{"start":{"line":35,"column":2},"end":{"line":35,"column":49}},"19":{"start":{"line":38,"column":23},"end":{"line":45,"column":1}},"20":{"start":{"line":39,"column":19},"end":{"line":39,"column":51}},"21":{"start":{"line":40,"column":2},"end":{"line":40,"column":29}},"22":{"start":{"line":40,"column":17},"end":{"line":40,"column":29}},"23":{"start":{"line":41,"column":23},"end":{"line":41,"column":69}},"24":{"start":{"line":42,"column":2},"end":{"line":42,"column":33}},"25":{"start":{"line":42,"column":21},"end":{"line":42,"column":33}},"26":{"start":{"line":43,"column":2},"end":{"line":43,"column":39}},"27":{"start":{"line":44,"column":2},"end":{"line":44,"column":42}},"28":{"start":{"line":47,"column":23},"end":{"line":53,"column":1}},"29":{"start":{"line":48,"column":19},"end":{"line":48,"column":51}},"30":{"start":{"line":49,"column":2},"end":{"line":49,"column":30}},"31":{"start":{"line":49,"column":17},"end":{"line":49,"column":30}},"32":{"start":{"line":50,"column":23},"end":{"line":50,"column":69}},"33":{"start":{"line":51,"column":2},"end":{"line":51,"column":34}},"34":{"start":{"line":51,"column":21},"end":{"line":51,"column":34}},"35":{"start":{"line":52,"column":2},"end":{"line":52,"column":40}},"36":{"start":{"line":55,"column":24},"end":{"line":100,"column":1}},"37":{"start":{"line":60,"column":23},"end":{"line":60,"column":77}},"38":{"start":{"line":61,"column":2},"end":{"line":61,"column":33}},"39":{"start":{"line":61,"column":21},"end":{"line":61,"column":33}},"40":{"start":{"line":62,"column":19},"end":{"line":62,"column":35}},"41":{"start":{"line":64,"column":2},"end":{"line":84,"column":3}},"42":{"start":{"line":65,"column":25},"end":{"line":72,"column":6}},"43":{"start":{"line":74,"column":4},"end":{"line":83,"column":5}},"44":{"start":{"line":75,"column":6},"end":{"line":75,"column":60}},"45":{"start":{"line":77,"column":6},"end":{"line":79,"column":7}},"46":{"start":{"line":78,"column":8},"end":{"line":78,"column":61}},"47":{"start":{"line":81,"column":6},"end":{"line":81,"column":57}},"48":{"start":{"line":82,"column":6},"end":{"line":82,"column":18}},"49":{"start":{"line":86,"column":2},"end":{"line":86,"column":31}},"50":{"start":{"line":86,"column":19},"end":{"line":86,"column":31}},"51":{"start":{"line":88,"column":25},"end":{"line":88,"column":76}},"52":{"start":{"line":89,"column":2},"end":{"line":89,"column":35}},"53":{"start":{"line":89,"column":23},"end":{"line":89,"column":35}},"54":{"start":{"line":91,"column":22},"end":{"line":91,"column":84}},"55":{"start":{"line":92,"column":2},"end":{"line":92,"column":31}},"56":{"start":{"line":92,"column":19},"end":{"line":92,"column":31}},"57":{"start":{"line":94,"column":17},"end":{"line":94,"column":97}},"58":{"start":{"line":96,"column":22},"end":{"line":96,"column":62}},"59":{"start":{"line":97,"column":2},"end":{"line":97,"column":78}},"60":{"start":{"line":97,"column":20},"end":{"line":97,"column":78}},"61":{"start":{"line":99,"column":2},"end":{"line":99,"column":21}},"62":{"start":{"line":102,"column":27},"end":{"line":109,"column":1}},"63":{"start":{"line":103,"column":15},"end":{"line":103,"column":51}},"64":{"start":{"line":104,"column":2},"end":{"line":104,"column":25}},"65":{"start":{"line":104,"column":13},"end":{"line":104,"column":25}},"66":{"start":{"line":105,"column":23},"end":{"line":105,"column":73}},"67":{"start":{"line":106,"column":2},"end":{"line":106,"column":33}},"68":{"start":{"line":106,"column":21},"end":{"line":106,"column":33}},"69":{"start":{"line":107,"column":2},"end":{"line":107,"column":43}},"70":{"start":{"line":108,"column":2},"end":{"line":108,"column":46}},"71":{"start":{"line":111,"column":27},"end":{"line":117,"column":1}},"72":{"start":{"line":112,"column":15},"end":{"line":112,"column":51}},"73":{"start":{"line":113,"column":2},"end":{"line":113,"column":26}},"74":{"start":{"line":113,"column":13},"end":{"line":113,"column":26}},"75":{"start":{"line":114,"column":23},"end":{"line":114,"column":73}},"76":{"start":{"line":115,"column":2},"end":{"line":115,"column":34}},"77":{"start":{"line":115,"column":21},"end":{"line":115,"column":34}},"78":{"start":{"line":116,"column":2},"end":{"line":116,"column":44}},"79":{"start":{"line":119,"column":22},"end":{"line":135,"column":1}},"80":{"start":{"line":120,"column":23},"end":{"line":120,"column":69}},"81":{"start":{"line":121,"column":2},"end":{"line":121,"column":33}},"82":{"start":{"line":121,"column":21},"end":{"line":121,"column":33}},"83":{"start":{"line":122,"column":19},"end":{"line":122,"column":51}},"84":{"start":{"line":123,"column":2},"end":{"line":123,"column":29}},"85":{"start":{"line":123,"column":17},"end":{"line":123,"column":29}},"86":{"start":{"line":124,"column":2},"end":{"line":124,"column":79}},"87":{"start":{"line":124,"column":27},"end":{"line":124,"column":79}},"88":{"start":{"line":126,"column":28},"end":{"line":126,"column":65}},"89":{"start":{"line":127,"column":2},"end":{"line":127,"column":38}},"90":{"start":{"line":127,"column":26},"end":{"line":127,"column":38}},"91":{"start":{"line":129,"column":19},"end":{"line":129,"column":94}},"92":{"start":{"line":131,"column":2},"end":{"line":134,"column":4}},"93":{"start":{"line":137,"column":26},"end":{"line":141,"column":1}},"94":{"start":{"line":138,"column":19},"end":{"line":138,"column":56}},"95":{"start":{"line":139,"column":2},"end":{"line":139,"column":52}},"96":{"start":{"line":139,"column":40},"end":{"line":139,"column":52}},"97":{"start":{"line":140,"column":2},"end":{"line":140,"column":18}},"98":{"start":{"line":143,"column":13},"end":{"line":155,"column":2}}},"fnMap":{"0":{"name":"(anonymous_0)","decl":{"start":{"line":16,"column":23},"end":{"line":16,"column":28}},"loc":{"start":{"line":16,"column":96},"end":{"line":21,"column":1}}},"1":{"name":"(anonymous_1)","decl":{"start":{"line":23,"column":24},"end":{"line":23,"column":29}},"loc":{"start":{"line":23,"column":97},"end":{"line":28,"column":1}}},"2":{"name":"(anonymous_2)","decl":{"start":{"line":30,"column":25},"end":{"line":30,"column":30}},"loc":{"start":{"line":30,"column":102},"end":{"line":32,"column":1}}},"3":{"name":"(anonymous_3)","decl":{"start":{"line":34,"column":27},"end":{"line":34,"column":32}},"loc":{"start":{"line":34,"column":88},"end":{"line":36,"column":1}}},"4":{"name":"(anonymous_4)","decl":{"start":{"line":38,"column":23},"end":{"line":38,"column":28}},"loc":{"start":{"line":38,"column":115},"end":{"line":45,"column":1}}},"5":{"name":"(anonymous_5)","decl":{"start":{"line":47,"column":23},"end":{"line":47,"column":28}},"loc":{"start":{"line":47,"column":78},"end":{"line":53,"column":1}}},"6":{"name":"(anonymous_6)","decl":{"start":{"line":55,"column":24},"end":{"line":55,"column":29}},"loc":{"start":{"line":59,"column":34},"end":{"line":100,"column":1}}},"7":{"name":"(anonymous_7)","decl":{"start":{"line":102,"column":27},"end":{"line":102,"column":32}},"loc":{"start":{"line":102,"column":127},"end":{"line":109,"column":1}}},"8":{"name":"(anonymous_8)","decl":{"start":{"line":111,"column":27},"end":{"line":111,"column":32}},"loc":{"start":{"line":111,"column":82},"end":{"line":117,"column":1}}},"9":{"name":"(anonymous_9)","decl":{"start":{"line":119,"column":22},"end":{"line":119,"column":27}},"loc":{"start":{"line":119,"column":98},"end":{"line":135,"column":1}}},"10":{"name":"(anonymous_10)","decl":{"start":{"line":137,"column":26},"end":{"line":137,"column":31}},"loc":{"start":{"line":137,"column":82},"end":{"line":141,"column":1}}}},"branchMap":{"0":{"loc":{"start":{"line":19,"column":2},"end":{"line":19,"column":77}},"type":"if","locations":[{"start":{"line":19,"column":2},"end":{"line":19,"column":77}},{"start":{},"end":{}}]},"1":{"loc":{"start":{"line":25,"column":2},"end":{"line":25,"column":29}},"type":"if","locations":[{"start":{"line":25,"column":2},"end":{"line":25,"column":29}},{"start":{},"end":{}}]},"2":{"loc":{"start":{"line":26,"column":2},"end":{"line":26,"column":70}},"type":"if","locations":[{"start":{"line":26,"column":2},"end":{"line":26,"column":70}},{"start":{},"end":{}}]},"3":{"loc":{"start":{"line":26,"column":6},"end":{"line":26,"column":56}},"type":"binary-expr","locations":[{"start":{"line":26,"column":6},"end":{"line":26,"column":25}},{"start":{"line":26,"column":29},"end":{"line":26,"column":56}}]},"4":{"loc":{"start":{"line":30,"column":48},"end":{"line":30,"column":77}},"type":"default-arg","locations":[{"start":{"line":30,"column":75},"end":{"line":30,"column":77}}]},"5":{"loc":{"start":{"line":34,"column":34},"end":{"line":34,"column":63}},"type":"default-arg","locations":[{"start":{"line":34,"column":61},"end":{"line":34,"column":63}}]},"6":{"loc":{"start":{"line":40,"column":2},"end":{"line":40,"column":29}},"type":"if","locations":[{"start":{"line":40,"column":2},"end":{"line":40,"column":29}},{"start":{},"end":{}}]},"7":{"loc":{"start":{"line":42,"column":2},"end":{"line":42,"column":33}},"type":"if","locations":[{"start":{"line":42,"column":2},"end":{"line":42,"column":33}},{"start":{},"end":{}}]},"8":{"loc":{"start":{"line":49,"column":2},"end":{"line":49,"column":30}},"type":"if","locations":[{"start":{"line":49,"column":2},"end":{"line":49,"column":30}},{"start":{},"end":{}}]},"9":{"loc":{"start":{"line":51,"column":2},"end":{"line":51,"column":34}},"type":"if","locations":[{"start":{"line":51,"column":2},"end":{"line":51,"column":34}},{"start":{},"end":{}}]},"10":{"loc":{"start":{"line":61,"column":2},"end":{"line":61,"column":33}},"type":"if","locations":[{"start":{"line":61,"column":2},"end":{"line":61,"column":33}},{"start":{},"end":{}}]},"11":{"loc":{"start":{"line":64,"column":2},"end":{"line":84,"column":3}},"type":"if","locations":[{"start":{"line":64,"column":2},"end":{"line":84,"column":3}},{"start":{},"end":{}}]},"12":{"loc":{"start":{"line":64,"column":6},"end":{"line":64,"column":34}},"type":"binary-expr","locations":[{"start":{"line":64,"column":6},"end":{"line":64,"column":17}},{"start":{"line":64,"column":21},"end":{"line":64,"column":34}}]},"13":{"loc":{"start":{"line":67,"column":15},"end":{"line":67,"column":44}},"type":"binary-expr","locations":[{"start":{"line":67,"column":15},"end":{"line":67,"column":36}},{"start":{"line":67,"column":40},"end":{"line":67,"column":44}}]},"14":{"loc":{"start":{"line":68,"column":14},"end":{"line":68,"column":42}},"type":"binary-expr","locations":[{"start":{"line":68,"column":14},"end":{"line":68,"column":34}},{"start":{"line":68,"column":38},"end":{"line":68,"column":42}}]},"15":{"loc":{"start":{"line":71,"column":16},"end":{"line":71,"column":47}},"type":"binary-expr","locations":[{"start":{"line":71,"column":16},"end":{"line":71,"column":38}},{"start":{"line":71,"column":42},"end":{"line":71,"column":47}}]},"16":{"loc":{"start":{"line":77,"column":6},"end":{"line":79,"column":7}},"type":"if","locations":[{"start":{"line":77,"column":6},"end":{"line":79,"column":7}},{"start":{},"end":{}}]},"17":{"loc":{"start":{"line":86,"column":2},"end":{"line":86,"column":31}},"type":"if","locations":[{"start":{"line":86,"column":2},"end":{"line":86,"column":31}},{"start":{},"end":{}}]},"18":{"loc":{"start":{"line":89,"column":2},"end":{"line":89,"column":35}},"type":"if","locations":[{"start":{"line":89,"column":2},"end":{"line":89,"column":35}},{"start":{},"end":{}}]},"19":{"loc":{"start":{"line":92,"column":2},"end":{"line":92,"column":31}},"type":"if","locations":[{"start":{"line":92,"column":2},"end":{"line":92,"column":31}},{"start":{},"end":{}}]},"20":{"loc":{"start":{"line":97,"column":2},"end":{"line":97,"column":78}},"type":"if","locations":[{"start":{"line":97,"column":2},"end":{"line":97,"column":78}},{"start":{},"end":{}}]},"21":{"loc":{"start":{"line":104,"column":2},"end":{"line":104,"column":25}},"type":"if","locations":[{"start":{"line":104,"column":2},"end":{"line":104,"column":25}},{"start":{},"end":{}}]},"22":{"loc":{"start":{"line":106,"column":2},"end":{"line":106,"column":33}},"type":"if","locations":[{"start":{"line":106,"column":2},"end":{"line":106,"column":33}},{"start":{},"end":{}}]},"23":{"loc":{"start":{"line":113,"column":2},"end":{"line":113,"column":26}},"type":"if","locations":[{"start":{"line":113,"column":2},"end":{"line":113,"column":26}},{"start":{},"end":{}}]},"24":{"loc":{"start":{"line":115,"column":2},"end":{"line":115,"column":34}},"type":"if","locations":[{"start":{"line":115,"column":2},"end":{"line":115,"column":34}},{"start":{},"end":{}}]},"25":{"loc":{"start":{"line":121,"column":2},"end":{"line":121,"column":33}},"type":"if","locations":[{"start":{"line":121,"column":2},"end":{"line":121,"column":33}},{"start":{},"end":{}}]},"26":{"loc":{"start":{"line":123,"column":2},"end":{"line":123,"column":29}},"type":"if","locations":[{"start":{"line":123,"column":2},"end":{"line":123,"column":29}},{"start":{},"end":{}}]},"27":{"loc":{"start":{"line":124,"column":2},"end":{"line":124,"column":79}},"type":"if","locations":[{"start":{"line":124,"column":2},"end":{"line":124,"column":79}},{"start":{},"end":{}}]},"28":{"loc":{"start":{"line":127,"column":2},"end":{"line":127,"column":38}},"type":"if","locations":[{"start":{"line":127,"column":2},"end":{"line":127,"column":38}},{"start":{},"end":{}}]},"29":{"loc":{"start":{"line":129,"column":22},"end":{"line":129,"column":69}},"type":"binary-expr","locations":[{"start":{"line":129,"column":22},"end":{"line":129,"column":42}},{"start":{"line":129,"column":46},"end":{"line":129,"column":69}}]},"30":{"loc":{"start":{"line":139,"column":2},"end":{"line":139,"column":52}},"type":"if","locations":[{"start":{"line":139,"column":2},"end":{"line":139,"column":52}},{"start":{},"end":{}}]},"31":{"loc":{"start":{"line":139,"column":6},"end":{"line":139,"column":38}},"type":"binary-expr","locations":[{"start":{"line":139,"column":6},"end":{"line":139,"column":15}},{"start":{"line":139,"column":19},"end":{"line":139,"column":38}}]}},"s":{"0":1,"1":1,"2":1,"3":0,"4":0,"5":0,"6":0,"7":0,"8":1,"9":0,"10":0,"11":0,"12":0,"13":0,"14":0,"15":1,"16":0,"17":1,"18":0,"19":1,"20":0,"21":0,"22":0,"23":0,"24":0,"25":0,"26":0,"27":0,"28":1,"29":0,"30":0,"31":0,"32":0,"33":0,"34":0,"35":0,"36":1,"37":0,"38":0,"39":0,"40":0,"41":0,"42":0,"43":0,"44":0,"45":0,"46":0,"47":0,"48":0,"49":0,"50":0,"51":0,"52":0,"53":0,"54":0,"55":0,"56":0,"57":0,"58":0,"59":0,"60":0,"61":0,"62":1,"63":0,"64":0,"65":0,"66":0,"67":0,"68":0,"69":0,"70":0,"71":1,"72":0,"73":0,"74":0,"75":0,"76":0,"77":0,"78":0,"79":1,"80":0,"81":0,"82":0,"83":0,"84":0,"85":0,"86":0,"87":0,"88":0,"89":0,"90":0,"91":0,"92":0,"93":1,"94":0,"95":0,"96":0,"97":0,"98":1},"f":{"0":0,"1":0,"2":0,"3":0,"4":0,"5":0,"6":0,"7":0,"8":0,"9":0,"10":0},"b":{"0":[0,0],"1":[0,0],"2":[0,0],"3":[0,0],"4":[0],"5":[0],"6":[0,0],"7":[0,0],"8":[0,0],"9":[0,0],"10":[0,0],"11":[0,0],"12":[0,0],"13":[0,0],"14":[0,0],"15":[0,0],"16":[0,0],"17":[0,0],"18":[0,0],"19":[0,0],"20":[0,0],"21":[0,0],"22":[0,0],"23":[0,0],"24":[0,0],"25":[0,0],"26":[0,0],"27":[0,0],"28":[0,0],"29":[0,0],"30":[0,0],"31":[0,0]}}
,"C:\\Travel App\\src\\utils\\auth.util.ts": {"path":"C:\\Travel App\\src\\utils\\auth.util.ts","statementMap":{"0":{"start":{"line":1,"column":0},"end":{"line":1,"column":32}},"1":{"start":{"line":3,"column":33},"end":{"line":9,"column":1}},"2":{"start":{"line":7,"column":20},"end":{"line":7,"column":73}},"3":{"start":{"line":8,"column":2},"end":{"line":8,"column":19}},"4":{"start":{"line":3,"column":13},"end":{"line":3,"column":33}}},"fnMap":{"0":{"name":"(anonymous_1)","decl":{"start":{"line":3,"column":33},"end":{"line":3,"column":38}},"loc":{"start":{"line":6,"column":22},"end":{"line":9,"column":1}}}},"branchMap":{},"s":{"0":2,"1":2,"2":0,"3":0,"4":2},"f":{"0":0},"b":{}}
,"C:\\Travel App\\src\\utils\\catchAsync.ts": {"path":"C:\\Travel App\\src\\utils\\catchAsync.ts","statementMap":{"0":{"start":{"line":3,"column":26},"end":{"line":21,"column":1}},"1":{"start":{"line":4,"column":2},"end":{"line":20,"column":4}},"2":{"start":{"line":16,"column":4},"end":{"line":19,"column":7}},"3":{"start":{"line":17,"column":6},"end":{"line":17,"column":25}},"4":{"start":{"line":18,"column":6},"end":{"line":18,"column":18}},"5":{"start":{"line":3,"column":13},"end":{"line":3,"column":26}}},"fnMap":{"0":{"name":"(anonymous_0)","decl":{"start":{"line":3,"column":26},"end":{"line":3,"column":27}},"loc":{"start":{"line":3,"column":49},"end":{"line":21,"column":1}}},"1":{"name":"(anonymous_1)","decl":{"start":{"line":4,"column":9},"end":{"line":4,"column":14}},"loc":{"start":{"line":4,"column":67},"end":{"line":20,"column":3}}},"2":{"name":"(anonymous_2)","decl":{"start":{"line":16,"column":46},"end":{"line":16,"column":47}},"loc":{"start":{"line":16,"column":62},"end":{"line":19,"column":5}}}},"branchMap":{},"s":{"0":12,"1":107,"2":173,"3":0,"4":0,"5":12},"f":{"0":107,"1":173,"2":0},"b":{}}
}
