TN:
SF:src\config\database.ts
FNF:0
FNH:0
DA:1,42
DA:3,42
DA:5,42
DA:48,42
LF:4
LH:4
BRDA:6,0,0,42
BRDA:6,0,1,0
BRDA:7,1,0,42
BRDA:7,1,1,0
BRDA:10,2,0,42
BRDA:10,2,1,0
BRDA:11,3,0,42
BRDA:11,3,1,0
BRDA:12,4,0,42
BRDA:12,4,1,0
BRDA:13,5,0,42
BRDA:13,5,1,0
BRDA:14,6,0,42
BRDA:14,6,1,0
BRDA:15,7,0,1
BRDA:15,7,1,41
BRDA:19,8,0,42
BRDA:19,8,1,32
BRDA:20,9,0,42
BRDA:20,9,1,32
BRDA:21,10,0,42
BRDA:21,10,1,32
BRDA:22,11,0,42
BRDA:22,11,1,32
BRDA:23,12,0,42
BRDA:23,12,1,32
BRDA:27,13,0,42
BRDA:27,13,1,32
BRDA:31,14,0,42
BRDA:31,14,1,32
BRDA:39,15,0,42
BRDA:39,15,1,0
BRDA:40,16,0,42
BRDA:40,16,1,0
BRDA:41,17,0,42
BRDA:41,17,1,32
BRDA:42,18,0,42
BRDA:42,18,1,32
BRDA:43,19,0,42
BRDA:43,19,1,32
BRDA:44,20,0,42
BRDA:44,20,1,32
BRF:42
BRH:33
end_of_record
TN:
SF:src\config\index.ts
FNF:0
FNH:0
DA:1,10
DA:2,10
DA:4,10
LF:3
LH:3
BRF:0
BRH:0
end_of_record
TN:
SF:src\controllers\accommodation.controller.ts
FN:6,(anonymous_0)
FN:15,(anonymous_1)
FN:32,(anonymous_2)
FN:45,(anonymous_3)
FN:73,(anonymous_4)
FNF:5
FNH:5
FNDA:1,(anonymous_0)
FNDA:2,(anonymous_1)
FNDA:1,(anonymous_2)
FNDA:1,(anonymous_3)
FNDA:2,(anonymous_4)
DA:2,1
DA:4,1
DA:6,1
DA:7,1
DA:8,1
DA:9,1
DA:15,1
DA:16,2
DA:17,2
DA:19,2
DA:20,1
DA:26,1
DA:32,1
DA:33,1
DA:34,1
DA:36,1
DA:38,1
DA:45,1
DA:46,1
DA:47,1
DA:48,1
DA:57,1
DA:59,1
DA:60,1
DA:66,0
DA:73,1
DA:74,2
DA:75,2
DA:84,2
DA:86,2
DA:87,1
DA:93,1
DA:99,1
LF:33
LH:32
BRDA:19,0,0,1
BRDA:19,0,1,1
BRDA:59,1,0,1
BRDA:59,1,1,0
BRDA:86,2,0,1
BRDA:86,2,1,1
BRF:6
BRH:5
end_of_record
TN:
SF:src\controllers\attraction.controller.ts
FN:6,(anonymous_0)
FN:15,(anonymous_1)
FN:32,(anonymous_2)
FN:44,(anonymous_3)
FN:64,(anonymous_4)
FNF:5
FNH:5
FNDA:1,(anonymous_0)
FNDA:1,(anonymous_1)
FNDA:1,(anonymous_2)
FNDA:1,(anonymous_3)
FNDA:1,(anonymous_4)
DA:2,1
DA:4,1
DA:6,1
DA:7,1
DA:8,1
DA:9,1
DA:15,1
DA:16,1
DA:17,1
DA:19,1
DA:20,1
DA:26,0
DA:32,1
DA:33,1
DA:34,1
DA:35,1
DA:37,1
DA:44,1
DA:45,1
DA:46,1
DA:47,1
DA:48,1
DA:50,1
DA:51,1
DA:57,0
DA:64,1
DA:65,1
DA:66,1
DA:67,1
DA:69,1
DA:70,1
DA:76,0
DA:82,1
LF:33
LH:30
BRDA:19,0,0,1
BRDA:19,0,1,0
BRDA:50,1,0,1
BRDA:50,1,1,0
BRDA:69,2,0,1
BRDA:69,2,1,0
BRF:6
BRH:3
end_of_record
TN:
SF:src\controllers\auth.controller.ts
FN:5,(anonymous_1)
FN:14,(anonymous_2)
FN:32,(anonymous_3)
FNF:3
FNH:3
FNDA:1,(anonymous_1)
FNDA:1,(anonymous_2)
FNDA:2,(anonymous_3)
DA:1,1
DA:2,1
DA:3,1
DA:5,1
DA:6,1
DA:7,1
DA:14,1
DA:15,1
DA:17,1
DA:23,1
DA:32,1
DA:33,2
DA:34,2
DA:35,2
DA:36,1
DA:42,1
DA:44,1
DA:53,1
LF:18
LH:18
BRDA:35,0,0,1
BRDA:35,0,1,1
BRF:2
BRH:2
end_of_record
TN:
SF:src\controllers\dining.controller.ts
FN:5,(anonymous_0)
FN:14,(anonymous_1)
FN:31,(anonymous_2)
FN:44,(anonymous_3)
FN:64,(anonymous_4)
FNF:5
FNH:5
FNDA:1,(anonymous_0)
FNDA:2,(anonymous_1)
FNDA:1,(anonymous_2)
FNDA:2,(anonymous_3)
FNDA:2,(anonymous_4)
DA:2,1
DA:4,1
DA:5,1
DA:6,1
DA:7,1
DA:8,1
DA:14,1
DA:15,2
DA:16,2
DA:18,2
DA:19,1
DA:25,1
DA:31,1
DA:32,1
DA:33,1
DA:34,1
DA:35,1
DA:37,1
DA:44,1
DA:45,2
DA:46,2
DA:47,2
DA:48,2
DA:50,2
DA:51,1
DA:57,1
DA:64,1
DA:65,2
DA:66,2
DA:67,2
DA:69,2
DA:70,1
DA:76,1
DA:82,1
LF:34
LH:34
BRDA:18,0,0,1
BRDA:18,0,1,1
BRDA:50,1,0,1
BRDA:50,1,1,1
BRDA:69,2,0,1
BRDA:69,2,1,1
BRF:6
BRH:6
end_of_record
TN:
SF:src\controllers\location.controller.ts
FN:6,(anonymous_0)
FN:22,(anonymous_1)
FN:40,(anonymous_2)
FN:57,(anonymous_3)
FN:69,(anonymous_4)
FN:89,(anonymous_5)
FNF:6
FNH:6
FNDA:2,(anonymous_0)
FNDA:2,(anonymous_1)
FNDA:2,(anonymous_2)
FNDA:1,(anonymous_3)
FNDA:2,(anonymous_4)
FNDA:2,(anonymous_5)
DA:2,1
DA:4,1
DA:6,1
DA:7,2
DA:9,2
DA:16,2
DA:22,1
DA:23,2
DA:25,2
DA:26,1
DA:32,1
DA:34,1
DA:40,1
DA:41,2
DA:42,2
DA:44,2
DA:45,1
DA:51,1
DA:57,1
DA:58,1
DA:60,1
DA:62,1
DA:69,1
DA:70,2
DA:71,2
DA:73,2
DA:75,2
DA:76,1
DA:82,1
DA:89,1
DA:90,2
DA:92,2
DA:94,2
DA:95,1
DA:101,1
DA:107,1
LF:36
LH:36
BRDA:7,0,0,1
BRDA:7,1,0,1
BRDA:25,2,0,1
BRDA:25,2,1,1
BRDA:44,3,0,1
BRDA:44,3,1,1
BRDA:75,4,0,1
BRDA:75,4,1,1
BRDA:94,5,0,1
BRDA:94,5,1,1
BRF:10
BRH:10
end_of_record
TN:
SF:src\controllers\notification.controller.ts
FN:6,(anonymous_0)
FN:27,(anonymous_1)
FN:44,(anonymous_2)
FN:56,(anonymous_3)
FN:77,(anonymous_4)
FN:96,(anonymous_5)
FN:115,(anonymous_6)
FN:127,(anonymous_7)
FN:138,(anonymous_8)
FN:151,(anonymous_9)
FN:164,(anonymous_10)
FN:184,(anonymous_11)
FN:198,(anonymous_12)
FNF:13
FNH:13
FNDA:1,(anonymous_0)
FNDA:2,(anonymous_1)
FNDA:1,(anonymous_2)
FNDA:2,(anonymous_3)
FNDA:2,(anonymous_4)
FNDA:2,(anonymous_5)
FNDA:1,(anonymous_6)
FNDA:1,(anonymous_7)
FNDA:1,(anonymous_8)
FNDA:1,(anonymous_9)
FNDA:2,(anonymous_10)
FNDA:1,(anonymous_11)
FNDA:1,(anonymous_12)
DA:2,1
DA:4,1
DA:6,1
DA:7,1
DA:8,1
DA:10,1
DA:11,1
DA:12,1
DA:14,1
DA:21,1
DA:27,1
DA:28,2
DA:29,2
DA:31,2
DA:32,1
DA:38,1
DA:44,1
DA:45,1
DA:47,1
DA:49,1
DA:56,1
DA:57,2
DA:58,2
DA:59,2
DA:61,2
DA:63,2
DA:64,1
DA:70,1
DA:77,1
DA:78,2
DA:79,2
DA:81,2
DA:83,2
DA:84,1
DA:90,1
DA:96,1
DA:97,2
DA:98,2
DA:100,2
DA:102,2
DA:103,1
DA:109,1
DA:115,1
DA:116,1
DA:118,1
DA:120,1
DA:127,1
DA:128,1
DA:130,1
DA:132,1
DA:138,1
DA:139,1
DA:140,1
DA:142,1
DA:143,1
DA:145,1
DA:151,1
DA:152,1
DA:153,1
DA:155,1
DA:156,1
DA:158,1
DA:164,1
DA:165,2
DA:166,2
DA:168,2
DA:169,1
DA:175,1
DA:177,1
DA:184,1
DA:185,1
DA:186,1
DA:188,1
DA:189,1
DA:191,1
DA:198,1
DA:199,1
DA:201,1
DA:203,1
DA:209,1
LF:80
LH:80
BRDA:8,0,0,1
BRDA:8,1,0,1
BRDA:12,2,0,0
BRDA:12,2,1,1
BRDA:12,3,0,0
BRDA:12,3,1,1
BRDA:31,4,0,1
BRDA:31,4,1,1
BRDA:63,5,0,1
BRDA:63,5,1,1
BRDA:83,6,0,1
BRDA:83,6,1,1
BRDA:102,7,0,1
BRDA:102,7,1,1
BRDA:140,8,0,1
BRDA:153,9,0,1
BRDA:168,10,0,1
BRDA:168,10,1,1
BRDA:168,11,0,2
BRDA:168,11,1,2
BRDA:186,12,0,1
BRF:21
BRH:19
end_of_record
TN:
SF:src\controllers\post.controller.ts
FN:6,(anonymous_0)
FN:19,(anonymous_1)
FN:29,(anonymous_2)
FN:46,(anonymous_3)
FN:63,(anonymous_4)
FN:75,(anonymous_5)
FN:96,(anonymous_6)
FN:115,(anonymous_7)
FN:128,(anonymous_8)
FN:141,(anonymous_9)
FN:154,(anonymous_10)
FN:167,(anonymous_11)
FN:181,(anonymous_12)
FN:194,(anonymous_13)
FN:207,(anonymous_14)
FN:220,(anonymous_15)
FN:231,(anonymous_16)
FN:248,(anonymous_17)
FN:259,(anonymous_18)
FN:276,(anonymous_19)
FNF:20
FNH:8
FNDA:1,(anonymous_0)
FNDA:0,(anonymous_1)
FNDA:2,(anonymous_2)
FNDA:0,(anonymous_3)
FNDA:1,(anonymous_4)
FNDA:1,(anonymous_5)
FNDA:2,(anonymous_6)
FNDA:1,(anonymous_7)
FNDA:0,(anonymous_8)
FNDA:0,(anonymous_9)
FNDA:0,(anonymous_10)
FNDA:0,(anonymous_11)
FNDA:0,(anonymous_12)
FNDA:0,(anonymous_13)
FNDA:0,(anonymous_14)
FNDA:1,(anonymous_15)
FNDA:2,(anonymous_16)
FNDA:0,(anonymous_17)
FNDA:0,(anonymous_18)
FNDA:0,(anonymous_19)
DA:2,1
DA:4,1
DA:6,1
DA:7,1
DA:8,1
DA:9,1
DA:11,1
DA:13,1
DA:19,1
DA:20,0
DA:21,0
DA:23,0
DA:29,1
DA:30,2
DA:31,2
DA:33,2
DA:34,1
DA:40,1
DA:46,1
DA:47,0
DA:48,0
DA:50,0
DA:51,0
DA:57,0
DA:63,1
DA:64,1
DA:65,1
DA:66,1
DA:68,1
DA:75,1
DA:76,1
DA:77,1
DA:78,1
DA:80,1
DA:82,1
DA:83,1
DA:89,0
DA:96,1
DA:97,2
DA:98,2
DA:100,2
DA:102,2
DA:103,1
DA:109,1
DA:115,1
DA:116,1
DA:117,1
DA:119,1
DA:121,1
DA:128,1
DA:129,0
DA:130,0
DA:132,0
DA:134,0
DA:141,1
DA:142,0
DA:143,0
DA:145,0
DA:147,0
DA:154,1
DA:155,0
DA:156,0
DA:158,0
DA:160,0
DA:167,1
DA:168,0
DA:169,0
DA:170,0
DA:172,0
DA:174,0
DA:181,1
DA:182,0
DA:183,0
DA:184,0
DA:186,0
DA:188,0
DA:194,1
DA:195,0
DA:196,0
DA:197,0
DA:199,0
DA:201,0
DA:207,1
DA:208,0
DA:209,0
DA:210,0
DA:212,0
DA:214,0
DA:220,1
DA:221,1
DA:222,1
DA:223,1
DA:224,1
DA:231,1
DA:232,2
DA:233,2
DA:234,2
DA:235,1
DA:241,1
DA:248,1
DA:249,0
DA:250,0
DA:251,0
DA:252,0
DA:253,0
DA:259,1
DA:260,0
DA:261,0
DA:263,0
DA:264,0
DA:269,0
DA:276,1
DA:277,0
DA:278,0
DA:280,0
DA:281,0
DA:287,0
DA:293,1
LF:118
LH:62
BRDA:8,0,0,1
BRDA:8,0,1,1
BRDA:9,1,0,1
BRDA:9,1,1,1
BRDA:20,2,0,0
BRDA:20,2,1,0
BRDA:33,3,0,1
BRDA:33,3,1,1
BRDA:50,4,0,0
BRDA:50,4,1,0
BRDA:82,5,0,1
BRDA:82,5,1,0
BRDA:102,6,0,1
BRDA:102,6,1,1
BRDA:183,7,0,0
BRDA:183,7,1,0
BRDA:184,8,0,0
BRDA:184,8,1,0
BRDA:196,9,0,0
BRDA:196,9,1,0
BRDA:197,10,0,0
BRDA:197,10,1,0
BRDA:209,11,0,0
BRDA:209,11,1,0
BRDA:210,12,0,0
BRDA:210,12,1,0
BRDA:234,13,0,1
BRDA:234,13,1,1
BRDA:243,14,0,1
BRDA:243,14,1,0
BRDA:249,15,0,0
BRDA:249,15,1,0
BRDA:250,16,0,0
BRDA:250,16,1,0
BRDA:263,17,0,0
BRDA:263,17,1,0
BRDA:280,18,0,0
BRDA:280,18,1,0
BRF:38
BRH:12
end_of_record
TN:
SF:src\controllers\proximity.controller.ts
FN:10,(anonymous_0)
FN:27,(anonymous_1)
FN:47,(anonymous_2)
FN:74,(anonymous_3)
FN:96,(anonymous_4)
FN:127,(anonymous_5)
FN:152,(anonymous_6)
FN:171,(anonymous_7)
FN:197,(anonymous_8)
FN:221,(anonymous_9)
FN:245,(anonymous_10)
FN:269,(anonymous_11)
FN:292,(anonymous_12)
FN:316,(anonymous_13)
FN:340,(anonymous_14)
FNF:15
FNH:15
FNDA:2,(anonymous_0)
FNDA:2,(anonymous_1)
FNDA:3,(anonymous_2)
FNDA:2,(anonymous_3)
FNDA:3,(anonymous_4)
FNDA:2,(anonymous_5)
FNDA:2,(anonymous_6)
FNDA:3,(anonymous_7)
FNDA:2,(anonymous_8)
FNDA:2,(anonymous_9)
FNDA:2,(anonymous_10)
FNDA:2,(anonymous_11)
FNDA:2,(anonymous_12)
FNDA:2,(anonymous_13)
FNDA:2,(anonymous_14)
DA:2,1
DA:8,1
DA:10,1
DA:11,2
DA:12,2
DA:13,1
DA:19,1
DA:21,1
DA:27,1
DA:28,2
DA:29,2
DA:31,2
DA:32,1
DA:38,1
DA:40,1
DA:47,1
DA:48,3
DA:49,3
DA:51,3
DA:52,1
DA:58,2
DA:60,2
DA:61,1
DA:67,1
DA:74,1
DA:75,2
DA:76,2
DA:78,2
DA:79,1
DA:85,1
DA:87,1
DA:89,1
DA:96,1
DA:97,3
DA:98,3
DA:99,1
DA:105,2
DA:106,0
DA:112,2
DA:114,2
DA:115,1
DA:121,1
DA:127,1
DA:128,2
DA:129,2
DA:130,1
DA:135,1
DA:137,1
DA:138,0
DA:144,1
DA:146,1
DA:152,1
DA:153,2
DA:154,2
DA:156,2
DA:157,1
DA:163,1
DA:165,1
DA:171,1
DA:172,3
DA:173,3
DA:175,3
DA:176,1
DA:182,2
DA:184,2
DA:185,1
DA:191,1
DA:197,1
DA:198,2
DA:199,2
DA:200,1
DA:206,1
DA:207,0
DA:213,1
DA:215,1
DA:221,1
DA:222,2
DA:223,2
DA:224,1
DA:230,1
DA:231,0
DA:237,1
DA:239,1
DA:245,1
DA:246,2
DA:247,2
DA:248,1
DA:254,1
DA:255,0
DA:261,1
DA:263,1
DA:269,1
DA:270,2
DA:271,2
DA:272,1
DA:277,1
DA:278,0
DA:284,1
DA:286,1
DA:292,1
DA:293,2
DA:294,2
DA:295,1
DA:301,1
DA:302,0
DA:308,1
DA:310,1
DA:316,1
DA:317,2
DA:318,2
DA:319,1
DA:325,1
DA:326,0
DA:332,1
DA:334,1
DA:340,1
DA:341,2
DA:343,2
DA:344,1
DA:350,1
DA:352,1
DA:358,1
LF:122
LH:114
BRDA:12,0,0,1
BRDA:12,0,1,1
BRDA:12,1,0,2
BRDA:12,1,1,1
BRDA:31,2,0,1
BRDA:31,2,1,1
BRDA:31,3,0,2
BRDA:31,3,1,1
BRDA:51,4,0,1
BRDA:51,4,1,2
BRDA:51,5,0,3
BRDA:51,5,1,2
BRDA:60,6,0,1
BRDA:60,6,1,1
BRDA:78,7,0,1
BRDA:78,7,1,1
BRDA:78,8,0,2
BRDA:78,8,1,1
BRDA:98,9,0,1
BRDA:98,9,1,2
BRDA:98,10,0,3
BRDA:98,10,1,3
BRDA:105,11,0,0
BRDA:105,11,1,2
BRDA:105,12,0,2
BRDA:105,12,1,2
BRDA:114,13,0,1
BRDA:114,13,1,1
BRDA:129,14,0,1
BRDA:129,14,1,1
BRDA:129,15,0,2
BRDA:129,15,1,2
BRDA:137,16,0,0
BRDA:137,16,1,1
BRDA:137,17,0,1
BRDA:137,17,1,1
BRDA:154,18,0,1
BRDA:154,19,0,1
BRDA:156,20,0,1
BRDA:156,20,1,1
BRDA:156,21,0,2
BRDA:156,21,1,1
BRDA:175,22,0,1
BRDA:175,22,1,2
BRDA:175,23,0,3
BRDA:175,23,1,2
BRDA:184,24,0,1
BRDA:184,24,1,1
BRDA:199,25,0,1
BRDA:199,25,1,1
BRDA:199,26,0,2
BRDA:199,26,1,2
BRDA:206,27,0,0
BRDA:206,27,1,1
BRDA:206,28,0,1
BRDA:206,28,1,1
BRDA:223,29,0,1
BRDA:223,29,1,1
BRDA:223,30,0,2
BRDA:223,30,1,2
BRDA:230,31,0,0
BRDA:230,31,1,1
BRDA:230,32,0,1
BRDA:230,32,1,1
BRDA:247,33,0,1
BRDA:247,33,1,1
BRDA:247,34,0,2
BRDA:247,34,1,2
BRDA:254,35,0,0
BRDA:254,35,1,1
BRDA:254,36,0,1
BRDA:254,36,1,1
BRDA:271,37,0,1
BRDA:271,37,1,1
BRDA:271,38,0,2
BRDA:271,38,1,2
BRDA:277,39,0,0
BRDA:277,39,1,1
BRDA:277,40,0,1
BRDA:277,40,1,1
BRDA:294,41,0,1
BRDA:294,41,1,1
BRDA:294,42,0,2
BRDA:294,42,1,2
BRDA:301,43,0,0
BRDA:301,43,1,1
BRDA:301,44,0,1
BRDA:301,44,1,1
BRDA:318,45,0,1
BRDA:318,45,1,1
BRDA:318,46,0,2
BRDA:318,46,1,2
BRDA:325,47,0,0
BRDA:325,47,1,1
BRDA:325,48,0,1
BRDA:325,48,1,1
BRDA:343,49,0,1
BRDA:343,49,1,1
BRDA:343,50,0,2
BRDA:343,50,1,1
BRF:100
BRH:92
end_of_record
TN:
SF:src\controllers\transport.controller.ts
FN:6,(anonymous_0)
FN:15,(anonymous_1)
FN:32,(anonymous_2)
FN:44,(anonymous_3)
FN:72,(anonymous_4)
FNF:5
FNH:5
FNDA:1,(anonymous_0)
FNDA:2,(anonymous_1)
FNDA:1,(anonymous_2)
FNDA:1,(anonymous_3)
FNDA:2,(anonymous_4)
DA:2,1
DA:4,1
DA:6,1
DA:7,1
DA:8,1
DA:9,1
DA:15,1
DA:16,2
DA:17,2
DA:19,2
DA:20,1
DA:26,1
DA:32,1
DA:33,1
DA:34,1
DA:35,1
DA:37,1
DA:44,1
DA:45,1
DA:46,1
DA:47,1
DA:56,1
DA:58,1
DA:59,1
DA:65,0
DA:72,1
DA:73,2
DA:74,2
DA:83,2
DA:85,2
DA:86,1
DA:92,1
DA:98,1
LF:33
LH:32
BRDA:19,0,0,1
BRDA:19,0,1,1
BRDA:58,1,0,1
BRDA:58,1,1,0
BRDA:85,2,0,1
BRDA:85,2,1,1
BRF:6
BRH:5
end_of_record
TN:
SF:src\controllers\trip.controller.ts
FN:12,(anonymous_0)
FN:32,(anonymous_1)
FN:52,(anonymous_2)
FN:78,(anonymous_3)
FN:106,(anonymous_4)
FN:132,(anonymous_5)
FN:159,(anonymous_6)
FN:193,(anonymous_7)
FN:219,(anonymous_8)
FN:245,(anonymous_9)
FN:273,(anonymous_10)
FN:292,(anonymous_11)
FN:310,(anonymous_12)
FNF:13
FNH:13
FNDA:2,(anonymous_0)
FNDA:2,(anonymous_1)
FNDA:3,(anonymous_2)
FNDA:3,(anonymous_3)
FNDA:3,(anonymous_4)
FNDA:3,(anonymous_5)
FNDA:4,(anonymous_6)
FNDA:3,(anonymous_7)
FNDA:3,(anonymous_8)
FNDA:3,(anonymous_9)
FNDA:2,(anonymous_10)
FNDA:2,(anonymous_11)
FNDA:2,(anonymous_12)
DA:2,1
DA:10,1
DA:12,1
DA:13,2
DA:14,2
DA:16,2
DA:17,1
DA:23,1
DA:25,1
DA:32,1
DA:33,2
DA:34,2
DA:35,2
DA:37,2
DA:38,1
DA:44,1
DA:46,1
DA:52,1
DA:53,3
DA:54,3
DA:56,3
DA:57,1
DA:63,2
DA:65,2
DA:66,1
DA:72,1
DA:78,1
DA:79,3
DA:80,3
DA:81,3
DA:83,3
DA:84,1
DA:90,2
DA:92,2
DA:93,1
DA:99,1
DA:106,1
DA:107,3
DA:108,3
DA:110,3
DA:111,1
DA:117,2
DA:119,2
DA:120,1
DA:126,1
DA:132,1
DA:133,3
DA:134,3
DA:135,3
DA:137,3
DA:138,1
DA:144,2
DA:145,1
DA:151,1
DA:153,1
DA:159,1
DA:160,4
DA:161,4
DA:162,4
DA:164,4
DA:165,1
DA:171,3
DA:172,1
DA:178,2
DA:180,2
DA:181,1
DA:187,1
DA:193,1
DA:194,3
DA:195,3
DA:197,3
DA:198,1
DA:204,2
DA:206,2
DA:207,1
DA:213,1
DA:219,1
DA:220,3
DA:221,3
DA:223,3
DA:224,1
DA:230,2
DA:232,2
DA:233,1
DA:239,1
DA:245,1
DA:246,3
DA:247,3
DA:248,3
DA:250,3
DA:251,1
DA:257,2
DA:258,1
DA:264,1
DA:266,1
DA:273,1
DA:274,2
DA:275,2
DA:276,2
DA:277,2
DA:279,2
DA:280,1
DA:285,1
DA:286,1
DA:292,1
DA:293,2
DA:295,2
DA:296,1
DA:302,1
DA:304,1
DA:310,1
DA:311,2
DA:312,2
DA:314,2
DA:315,1
DA:321,1
DA:323,1
DA:329,1
LF:118
LH:118
BRDA:16,0,0,1
BRDA:16,0,1,1
BRDA:16,1,0,2
BRDA:16,1,1,1
BRDA:34,2,0,2
BRDA:34,2,1,1
BRDA:35,3,0,2
BRDA:35,3,1,1
BRDA:37,4,0,1
BRDA:37,4,1,1
BRDA:37,5,0,2
BRDA:37,5,1,2
BRDA:56,6,0,1
BRDA:56,6,1,2
BRDA:56,7,0,3
BRDA:56,7,1,3
BRDA:65,8,0,1
BRDA:65,8,1,1
BRDA:83,9,0,1
BRDA:83,9,1,2
BRDA:83,10,0,3
BRDA:83,10,1,2
BRDA:92,11,0,1
BRDA:92,11,1,1
BRDA:110,12,0,1
BRDA:110,12,1,2
BRDA:110,13,0,3
BRDA:110,13,1,2
BRDA:119,14,0,1
BRDA:119,14,1,1
BRDA:137,15,0,1
BRDA:137,15,1,2
BRDA:137,16,0,3
BRDA:137,16,1,2
BRDA:144,17,0,1
BRDA:144,17,1,1
BRDA:144,18,0,2
BRDA:144,18,1,2
BRDA:144,18,2,2
BRDA:164,19,0,1
BRDA:164,19,1,3
BRDA:164,20,0,4
BRDA:164,20,1,3
BRDA:171,21,0,1
BRDA:171,21,1,2
BRDA:171,22,0,3
BRDA:171,22,1,3
BRDA:180,23,0,1
BRDA:180,23,1,1
BRDA:197,24,0,1
BRDA:197,24,1,2
BRDA:197,25,0,3
BRDA:197,25,1,2
BRDA:206,26,0,1
BRDA:206,26,1,1
BRDA:223,27,0,1
BRDA:223,27,1,2
BRDA:223,28,0,3
BRDA:223,28,1,2
BRDA:232,29,0,1
BRDA:232,29,1,1
BRDA:250,30,0,1
BRDA:250,30,1,2
BRDA:250,31,0,3
BRDA:250,31,1,2
BRDA:257,32,0,1
BRDA:257,32,1,1
BRDA:257,33,0,2
BRDA:257,33,1,1
BRDA:276,34,0,2
BRDA:276,34,1,1
BRDA:277,35,0,2
BRDA:277,35,1,1
BRDA:279,36,0,1
BRDA:279,36,1,1
BRDA:279,37,0,2
BRDA:279,37,1,2
BRDA:295,38,0,1
BRDA:295,38,1,1
BRDA:295,39,0,2
BRDA:295,39,1,2
BRDA:314,40,0,1
BRDA:314,40,1,1
BRDA:314,41,0,2
BRDA:314,41,1,2
BRF:85
BRH:85
end_of_record
TN:
SF:src\controllers\user.controller.ts
FN:4,(anonymous_0)
FN:14,(anonymous_1)
FN:25,(anonymous_2)
FN:36,(anonymous_3)
FN:47,(anonymous_4)
FN:57,(anonymous_5)
FNF:6
FNH:6
FNDA:1,(anonymous_0)
FNDA:1,(anonymous_1)
FNDA:1,(anonymous_2)
FNDA:1,(anonymous_3)
FNDA:1,(anonymous_4)
FNDA:1,(anonymous_5)
DA:1,1
DA:2,1
DA:4,1
DA:5,1
DA:7,1
DA:14,1
DA:15,1
DA:16,1
DA:18,1
DA:25,1
DA:26,1
DA:27,1
DA:29,1
DA:36,1
DA:37,1
DA:38,1
DA:40,1
DA:47,1
DA:48,1
DA:49,1
DA:51,1
DA:57,1
DA:58,1
DA:59,1
DA:61,1
DA:68,1
LF:26
LH:26
BRF:0
BRH:0
end_of_record
TN:
SF:src\controllers\wishlist.controller.ts
FN:12,(anonymous_0)
FN:27,(anonymous_1)
FN:44,(anonymous_2)
FN:65,(anonymous_3)
FN:77,(anonymous_4)
FN:94,(anonymous_5)
FN:109,(anonymous_6)
FN:129,(anonymous_7)
FN:146,(anonymous_8)
FN:161,(anonymous_9)
FN:176,(anonymous_10)
FNF:11
FNH:11
FNDA:3,(anonymous_0)
FNDA:2,(anonymous_1)
FNDA:1,(anonymous_2)
FNDA:1,(anonymous_3)
FNDA:3,(anonymous_4)
FNDA:3,(anonymous_5)
FNDA:4,(anonymous_6)
FNDA:3,(anonymous_7)
FNDA:3,(anonymous_8)
FNDA:3,(anonymous_9)
FNDA:2,(anonymous_10)
DA:2,1
DA:10,1
DA:12,1
DA:13,3
DA:14,3
DA:15,1
DA:18,2
DA:19,2
DA:20,1
DA:23,1
DA:24,1
DA:27,1
DA:28,2
DA:29,2
DA:30,2
DA:31,2
DA:32,0
DA:37,2
DA:38,1
DA:41,1
DA:44,1
DA:45,1
DA:46,1
DA:47,0
DA:53,1
DA:61,1
DA:62,1
DA:65,1
DA:66,1
DA:73,1
DA:74,1
DA:77,1
DA:78,3
DA:79,3
DA:80,3
DA:81,1
DA:84,2
DA:85,2
DA:87,2
DA:88,1
DA:91,1
DA:94,1
DA:95,3
DA:96,3
DA:97,3
DA:98,1
DA:101,2
DA:102,2
DA:103,1
DA:106,1
DA:109,1
DA:110,4
DA:111,4
DA:112,4
DA:113,1
DA:116,3
DA:117,3
DA:118,1
DA:121,2
DA:122,2
DA:123,1
DA:126,1
DA:129,1
DA:130,3
DA:131,3
DA:132,3
DA:133,1
DA:136,2
DA:137,2
DA:139,2
DA:140,1
DA:143,1
DA:146,1
DA:147,3
DA:148,3
DA:149,3
DA:150,1
DA:153,2
DA:154,2
DA:155,1
DA:158,1
DA:161,1
DA:162,3
DA:163,3
DA:164,3
DA:165,1
DA:168,2
DA:169,2
DA:170,1
DA:173,1
DA:176,1
DA:177,2
DA:178,2
DA:180,2
DA:181,1
DA:184,1
DA:187,1
LF:97
LH:95
BRDA:14,0,0,1
BRDA:14,0,1,2
BRDA:19,1,0,1
BRDA:19,1,1,1
BRDA:19,2,0,2
BRDA:19,2,1,1
BRDA:31,3,0,0
BRDA:31,3,1,2
BRDA:31,4,0,2
BRDA:31,4,1,2
BRDA:37,5,0,1
BRDA:37,5,1,1
BRDA:46,6,0,0
BRDA:46,6,1,1
BRDA:46,7,0,1
BRDA:46,7,1,1
BRDA:55,8,0,0
BRDA:55,8,1,1
BRDA:55,9,0,0
BRDA:55,9,1,1
BRDA:57,10,0,0
BRDA:57,10,1,1
BRDA:58,11,0,0
BRDA:58,11,1,1
BRDA:69,12,0,0
BRDA:69,12,1,1
BRDA:70,13,0,0
BRDA:70,13,1,1
BRDA:80,14,0,1
BRDA:80,14,1,2
BRDA:87,15,0,1
BRDA:87,15,1,1
BRDA:97,16,0,1
BRDA:97,16,1,2
BRDA:102,17,0,1
BRDA:102,17,1,1
BRDA:112,18,0,1
BRDA:112,18,1,3
BRDA:117,19,0,1
BRDA:117,19,1,2
BRDA:117,20,0,3
BRDA:117,20,1,2
BRDA:117,20,2,0
BRDA:122,21,0,1
BRDA:122,21,1,1
BRDA:132,22,0,1
BRDA:132,22,1,2
BRDA:139,23,0,1
BRDA:139,23,1,1
BRDA:149,24,0,1
BRDA:149,24,1,2
BRDA:154,25,0,1
BRDA:154,25,1,1
BRDA:164,26,0,1
BRDA:164,26,1,2
BRDA:169,27,0,1
BRDA:169,27,1,1
BRDA:180,28,0,1
BRDA:180,28,1,1
BRF:59
BRH:50
end_of_record
TN:
SF:src\database\index.ts
FN:4,(anonymous_1)
FN:5,(anonymous_2)
FN:6,(anonymous_3)
FN:7,(anonymous_4)
FN:8,(anonymous_5)
FN:9,(anonymous_6)
FN:10,(anonymous_7)
FNF:7
FNH:7
FNDA:1,(anonymous_1)
FNDA:1,(anonymous_2)
FNDA:1,(anonymous_3)
FNDA:1,(anonymous_4)
FNDA:1,(anonymous_5)
FNDA:1,(anonymous_6)
FNDA:1,(anonymous_7)
DA:1,31
DA:3,31
DA:4,31
DA:5,31
DA:6,31
DA:7,31
DA:8,31
DA:9,31
DA:10,31
LF:9
LH:9
BRF:0
BRH:0
end_of_record
TN:
SF:src\database\factories\DatabaseFactory.ts
FN:21,(anonymous_1)
FN:28,(anonymous_2)
FN:45,(anonymous_3)
FN:67,(anonymous_4)
FN:79,(anonymous_5)
FN:96,(anonymous_6)
FN:112,(anonymous_7)
FN:123,(anonymous_8)
FN:134,(anonymous_9)
FNF:9
FNH:9
FNDA:2,(anonymous_1)
FNDA:4,(anonymous_2)
FNDA:3,(anonymous_3)
FNDA:3,(anonymous_4)
FNDA:3,(anonymous_5)
FNDA:3,(anonymous_6)
FNDA:3,(anonymous_7)
FNDA:3,(anonymous_8)
FNDA:3,(anonymous_9)
DA:1,32
DA:2,32
DA:9,32
DA:10,32
DA:22,2
DA:23,1
DA:25,2
DA:29,4
DA:31,4
DA:33,3
DA:41,1
DA:46,3
DA:47,3
DA:48,1
DA:49,1
DA:52,2
DA:53,2
DA:55,1
DA:56,1
DA:58,1
DA:59,1
DA:61,0
DA:63,1
DA:68,3
DA:69,1
DA:72,2
DA:73,1
DA:76,1
DA:80,3
DA:81,3
DA:82,2
DA:83,1
DA:84,1
DA:87,1
DA:88,1
DA:90,0
DA:92,1
DA:97,3
DA:98,1
DA:105,2
DA:113,3
DA:114,1
DA:117,2
DA:118,1
DA:120,1
DA:124,3
DA:125,1
DA:128,2
DA:129,1
DA:131,1
DA:135,3
DA:136,1
DA:139,2
DA:140,1
DA:142,1
DA:146,32
LF:56
LH:54
BRDA:22,0,0,1
BRDA:22,0,1,1
BRDA:31,1,0,3
BRDA:31,1,1,1
BRDA:47,2,0,1
BRDA:47,2,1,2
BRDA:47,3,0,3
BRDA:47,3,1,1
BRDA:58,4,0,1
BRDA:58,4,1,0
BRDA:68,5,0,1
BRDA:68,5,1,2
BRDA:72,6,0,1
BRDA:72,6,1,1
BRDA:81,7,0,2
BRDA:81,7,1,1
BRDA:87,8,0,1
BRDA:87,8,1,0
BRDA:97,9,0,1
BRDA:97,9,1,2
BRDA:105,10,0,1
BRDA:105,10,1,1
BRDA:113,11,0,1
BRDA:113,11,1,2
BRDA:117,12,0,1
BRDA:117,12,1,1
BRDA:124,13,0,1
BRDA:124,13,1,2
BRDA:128,14,0,1
BRDA:128,14,1,1
BRDA:135,15,0,1
BRDA:135,15,1,2
BRDA:139,16,0,1
BRDA:139,16,1,1
BRF:34
BRH:32
end_of_record
TN:
SF:src\database\implementations\knex\KnexConnection.ts
FN:11,(anonymous_1)
FN:18,(anonymous_2)
FN:40,(anonymous_3)
FN:56,(anonymous_4)
FN:63,(anonymous_5)
FN:67,(anonymous_6)
FN:94,(anonymous_7)
FN:107,(anonymous_8)
FN:120,(anonymous_9)
FN:133,(anonymous_10)
FN:146,(anonymous_11)
FNF:11
FNH:11
FNDA:21,(anonymous_1)
FNDA:2,(anonymous_2)
FNDA:3,(anonymous_3)
FNDA:2,(anonymous_4)
FNDA:2,(anonymous_5)
FNDA:5,(anonymous_6)
FNDA:3,(anonymous_7)
FNDA:2,(anonymous_8)
FNDA:3,(anonymous_9)
FNDA:1,(anonymous_10)
FNDA:2,(anonymous_11)
DA:1,34
DA:2,34
DA:3,34
DA:4,34
DA:12,21
DA:13,21
DA:14,21
DA:15,21
DA:19,2
DA:20,2
DA:22,2
DA:24,2
DA:26,1
DA:27,1
DA:29,1
DA:31,1
DA:32,1
DA:33,1
DA:35,0
DA:41,3
DA:42,3
DA:43,2
DA:44,1
DA:45,1
DA:48,1
DA:49,1
DA:51,0
DA:57,2
DA:58,1
DA:60,1
DA:64,2
DA:68,5
DA:69,5
DA:70,1
DA:72,4
DA:74,0
DA:75,0
DA:77,0
DA:78,0
DA:80,3
DA:81,2
DA:83,1
DA:86,3
DA:87,3
DA:89,0
DA:95,3
DA:96,3
DA:97,1
DA:100,2
DA:101,2
DA:103,2
DA:104,1
DA:106,1
DA:107,1
DA:108,2
DA:112,1
DA:113,1
DA:115,0
DA:121,3
DA:122,3
DA:123,1
DA:126,2
DA:127,2
DA:129,2
DA:130,1
DA:132,1
DA:133,1
DA:134,1
DA:138,1
DA:139,1
DA:141,0
DA:147,2
DA:161,34
LF:73
LH:64
BRDA:32,0,0,1
BRDA:32,0,1,0
BRDA:42,1,0,2
BRDA:42,1,1,1
BRDA:48,2,0,1
BRDA:48,2,1,0
BRDA:57,3,0,1
BRDA:57,3,1,1
BRDA:57,4,0,2
BRDA:57,4,1,1
BRDA:64,5,0,2
BRDA:64,5,1,1
BRDA:69,6,0,1
BRDA:69,6,1,4
BRDA:72,7,0,0
BRDA:72,7,1,0
BRDA:72,7,2,3
BRDA:72,7,3,1
BRDA:86,8,0,3
BRDA:86,8,1,0
BRDA:96,9,0,1
BRDA:96,9,1,2
BRDA:103,10,0,1
BRDA:103,10,1,1
BRDA:112,11,0,1
BRDA:112,11,1,0
BRDA:122,12,0,1
BRDA:122,12,1,2
BRDA:129,13,0,1
BRDA:129,13,1,1
BRDA:138,14,0,1
BRDA:138,14,1,0
BRDA:153,15,0,2
BRDA:153,15,1,1
BRDA:154,16,0,2
BRDA:154,16,1,1
BRDA:155,17,0,2
BRDA:155,17,1,1
BRF:38
BRH:31
end_of_record
TN:
SF:src\database\implementations\knex\knexConfig.ts
FN:3,(anonymous_1)
FNF:1
FNH:1
FNDA:4,(anonymous_1)
DA:1,33
DA:3,33
DA:4,4
DA:15,4
DA:17,1
DA:31,1
DA:44,1
DA:54,1
DA:58,33
LF:9
LH:9
BRDA:15,0,0,1
BRDA:15,0,1,1
BRDA:15,0,2,1
BRDA:15,0,3,1
BRF:4
BRH:4
end_of_record
TN:
SF:src\database\interfaces\IDatabaseConnection.ts
FN:2,(anonymous_0)
FN:6,(anonymous_1)
FN:10,(anonymous_2)
FN:14,(anonymous_3)
FN:18,(anonymous_4)
FN:22,(anonymous_5)
FN:26,(anonymous_6)
FN:30,(anonymous_7)
FNF:8
FNH:8
FNDA:1,(anonymous_0)
FNDA:1,(anonymous_1)
FNDA:1,(anonymous_2)
FNDA:1,(anonymous_3)
FNDA:1,(anonymous_4)
FNDA:1,(anonymous_5)
FNDA:1,(anonymous_6)
FNDA:1,(anonymous_7)
DA:3,1
DA:7,1
DA:11,1
DA:15,1
DA:19,1
DA:23,1
DA:27,1
DA:31,1
DA:35,35
LF:9
LH:9
BRF:0
BRH:0
end_of_record
TN:
SF:src\interfaces\post.interface.ts
FN:1,(anonymous_0)
FN:7,(anonymous_1)
FN:14,(anonymous_2)
FNF:3
FNH:3
FNDA:11,(anonymous_0)
FNDA:11,(anonymous_1)
FNDA:11,(anonymous_2)
DA:1,11
DA:2,11
DA:3,11
DA:4,11
DA:7,11
DA:8,11
DA:9,11
DA:10,11
DA:11,11
DA:14,11
DA:15,11
DA:16,11
LF:12
LH:12
BRDA:1,0,0,11
BRDA:1,0,1,11
BRDA:7,1,0,11
BRDA:7,1,1,11
BRDA:14,2,0,11
BRDA:14,2,1,11
BRF:6
BRH:6
end_of_record
TN:
SF:src\interfaces\user.interface.ts
FNF:0
FNH:0
DA:1,6
DA:8,6
LF:2
LH:2
BRF:0
BRH:0
end_of_record
TN:
SF:src\repositories\accommodation.repository.ts
FN:4,(anonymous_0)
FN:7,(anonymous_1)
FN:15,(anonymous_2)
FN:48,(anonymous_3)
FN:54,(anonymous_4)
FN:62,(anonymous_5)
FN:81,(anonymous_6)
FN:98,(anonymous_7)
FNF:8
FNH:1
FNDA:2,(anonymous_0)
FNDA:0,(anonymous_1)
FNDA:0,(anonymous_2)
FNDA:0,(anonymous_3)
FNDA:0,(anonymous_4)
FNDA:0,(anonymous_5)
FNDA:0,(anonymous_6)
FNDA:0,(anonymous_7)
DA:2,2
DA:5,2
DA:8,0
DA:9,0
DA:10,0
DA:12,0
DA:23,0
DA:28,0
DA:29,0
DA:32,0
DA:45,0
DA:49,0
DA:55,0
DA:59,0
DA:63,0
DA:64,0
DA:65,0
DA:68,0
DA:70,0
DA:78,0
DA:82,0
DA:83,0
DA:84,0
DA:87,0
DA:89,0
DA:99,0
DA:103,0
DA:107,2
LF:28
LH:3
BRDA:9,0,0,0
BRDA:9,0,1,0
BRDA:28,1,0,0
BRDA:28,1,1,0
BRDA:36,2,0,0
BRDA:36,2,1,0
BRDA:37,3,0,0
BRDA:37,3,1,0
BRDA:40,4,0,0
BRDA:40,4,1,0
BRDA:59,5,0,0
BRDA:59,5,1,0
BRDA:64,6,0,0
BRDA:64,6,1,0
BRDA:83,7,0,0
BRDA:83,7,1,0
BRDA:93,8,0,0
BRDA:93,8,1,0
BRF:18
BRH:0
end_of_record
TN:
SF:src\repositories\attraction.repository.ts
FN:4,(anonymous_0)
FN:7,(anonymous_1)
FN:15,(anonymous_2)
FN:48,(anonymous_3)
FN:54,(anonymous_4)
FN:62,(anonymous_5)
FN:79,(anonymous_6)
FN:95,(anonymous_7)
FNF:8
FNH:1
FNDA:2,(anonymous_0)
FNDA:0,(anonymous_1)
FNDA:0,(anonymous_2)
FNDA:0,(anonymous_3)
FNDA:0,(anonymous_4)
FNDA:0,(anonymous_5)
FNDA:0,(anonymous_6)
FNDA:0,(anonymous_7)
DA:2,2
DA:5,2
DA:8,0
DA:9,0
DA:10,0
DA:12,0
DA:23,0
DA:28,0
DA:29,0
DA:32,0
DA:45,0
DA:49,0
DA:55,0
DA:59,0
DA:63,0
DA:64,0
DA:65,0
DA:67,0
DA:69,0
DA:76,0
DA:80,0
DA:81,0
DA:82,0
DA:84,0
DA:86,0
DA:96,0
DA:100,0
DA:104,2
LF:28
LH:3
BRDA:9,0,0,0
BRDA:9,0,1,0
BRDA:28,1,0,0
BRDA:28,1,1,0
BRDA:36,2,0,0
BRDA:36,2,1,0
BRDA:37,3,0,0
BRDA:37,3,1,0
BRDA:40,4,0,0
BRDA:40,4,1,0
BRDA:59,5,0,0
BRDA:59,5,1,0
BRDA:64,6,0,0
BRDA:64,6,1,0
BRDA:81,7,0,0
BRDA:81,7,1,0
BRDA:90,8,0,0
BRDA:90,8,1,0
BRF:18
BRH:0
end_of_record
TN:
SF:src\repositories\dining.repository.ts
FN:4,(anonymous_0)
FN:7,(anonymous_1)
FN:15,(anonymous_2)
FN:48,(anonymous_3)
FN:54,(anonymous_4)
FN:62,(anonymous_5)
FN:79,(anonymous_6)
FN:95,(anonymous_7)
FNF:8
FNH:1
FNDA:2,(anonymous_0)
FNDA:0,(anonymous_1)
FNDA:0,(anonymous_2)
FNDA:0,(anonymous_3)
FNDA:0,(anonymous_4)
FNDA:0,(anonymous_5)
FNDA:0,(anonymous_6)
FNDA:0,(anonymous_7)
DA:2,2
DA:5,2
DA:8,0
DA:9,0
DA:10,0
DA:12,0
DA:23,0
DA:28,0
DA:29,0
DA:32,0
DA:45,0
DA:49,0
DA:55,0
DA:59,0
DA:63,0
DA:64,0
DA:65,0
DA:67,0
DA:69,0
DA:76,0
DA:80,0
DA:81,0
DA:82,0
DA:84,0
DA:86,0
DA:96,0
DA:100,0
DA:104,2
LF:28
LH:3
BRDA:9,0,0,0
BRDA:9,0,1,0
BRDA:28,1,0,0
BRDA:28,1,1,0
BRDA:36,2,0,0
BRDA:36,2,1,0
BRDA:37,3,0,0
BRDA:37,3,1,0
BRDA:40,4,0,0
BRDA:40,4,1,0
BRDA:59,5,0,0
BRDA:59,5,1,0
BRDA:64,6,0,0
BRDA:64,6,1,0
BRDA:81,7,0,0
BRDA:81,7,1,0
BRDA:90,8,0,0
BRDA:90,8,1,0
BRF:18
BRH:0
end_of_record
TN:
SF:src\repositories\location.repository.ts
FN:11,(anonymous_0)
FN:14,(anonymous_1)
FN:22,(anonymous_2)
FN:42,(anonymous_3)
FN:51,(anonymous_4)
FN:59,(anonymous_5)
FN:68,(anonymous_6)
FN:76,(anonymous_7)
FN:82,(anonymous_8)
FNF:9
FNH:1
FNDA:4,(anonymous_0)
FNDA:0,(anonymous_1)
FNDA:0,(anonymous_2)
FNDA:0,(anonymous_3)
FNDA:0,(anonymous_4)
FNDA:0,(anonymous_5)
FNDA:0,(anonymous_6)
FNDA:0,(anonymous_7)
FNDA:0,(anonymous_8)
DA:2,4
DA:12,4
DA:15,0
DA:16,0
DA:17,0
DA:19,0
DA:23,0
DA:24,0
DA:26,0
DA:28,0
DA:29,0
DA:32,0
DA:33,0
DA:36,0
DA:43,0
DA:52,0
DA:56,0
DA:60,0
DA:65,0
DA:69,0
DA:73,0
DA:77,0
DA:83,0
DA:87,0
DA:91,4
LF:25
LH:3
BRDA:16,0,0,0
BRDA:16,0,1,0
BRDA:28,1,0,0
BRDA:28,1,1,0
BRDA:32,2,0,0
BRDA:32,2,1,0
BRDA:56,3,0,0
BRDA:56,3,1,0
BRDA:65,4,0,0
BRDA:65,4,1,0
BRF:10
BRH:0
end_of_record
TN:
SF:src\repositories\notification.repository.ts
FN:4,(anonymous_0)
FN:7,(anonymous_1)
FN:15,(anonymous_2)
FN:23,(anonymous_3)
FN:42,(anonymous_4)
FN:54,(anonymous_5)
FN:64,(anonymous_6)
FN:75,(anonymous_7)
FN:86,(anonymous_8)
FN:97,(anonymous_9)
FN:104,(anonymous_10)
FN:113,(anonymous_11)
FN:122,(anonymous_12)
FN:134,(anonymous_13)
FN:149,(anonymous_14)
FN:169,(anonymous_15)
FNF:16
FNH:1
FNDA:4,(anonymous_0)
FNDA:0,(anonymous_1)
FNDA:0,(anonymous_2)
FNDA:0,(anonymous_3)
FNDA:0,(anonymous_4)
FNDA:0,(anonymous_5)
FNDA:0,(anonymous_6)
FNDA:0,(anonymous_7)
FNDA:0,(anonymous_8)
FNDA:0,(anonymous_9)
FNDA:0,(anonymous_10)
FNDA:0,(anonymous_11)
FNDA:0,(anonymous_12)
FNDA:0,(anonymous_13)
FNDA:0,(anonymous_14)
FNDA:0,(anonymous_15)
DA:2,4
DA:5,4
DA:8,0
DA:9,0
DA:10,0
DA:12,0
DA:16,0
DA:20,0
DA:29,0
DA:35,0
DA:36,0
DA:39,0
DA:47,0
DA:55,0
DA:61,0
DA:65,0
DA:72,0
DA:76,0
DA:83,0
DA:87,0
DA:94,0
DA:98,0
DA:105,0
DA:110,0
DA:114,0
DA:119,0
DA:123,0
DA:124,0
DA:126,0
DA:131,0
DA:139,0
DA:140,0
DA:142,0
DA:155,0
DA:156,0
DA:158,0
DA:166,0
DA:170,0
DA:180,4
LF:39
LH:3
BRDA:9,0,0,0
BRDA:9,0,1,0
BRDA:20,1,0,0
BRDA:20,1,1,0
BRDA:25,2,0,0
BRDA:26,3,0,0
BRDA:35,4,0,0
BRDA:35,4,1,0
BRDA:45,5,0,0
BRDA:61,6,0,0
BRDA:61,6,1,0
BRDA:122,7,0,0
BRDA:137,8,0,0
BRDA:153,9,0,0
BRDA:166,10,0,0
BRDA:166,10,1,0
BRF:16
BRH:0
end_of_record
TN:
SF:src\repositories\post.repository.ts
FN:12,(anonymous_0)
FN:24,(anonymous_1)
FN:32,(anonymous_2)
FN:96,(anonymous_3)
FN:131,(anonymous_4)
FN:148,(anonymous_5)
FN:156,(anonymous_6)
FN:205,(anonymous_7)
FN:206,(anonymous_8)
FN:235,(anonymous_9)
FN:236,(anonymous_10)
FN:275,(anonymous_11)
FN:283,(anonymous_12)
FN:284,(anonymous_13)
FN:292,(anonymous_14)
FN:298,(anonymous_15)
FN:306,(anonymous_16)
FN:312,(anonymous_17)
FN:324,(anonymous_18)
FN:336,(anonymous_19)
FN:342,(anonymous_20)
FN:350,(anonymous_21)
FN:356,(anonymous_22)
FN:368,(anonymous_23)
FN:380,(anonymous_24)
FN:389,(anonymous_25)
FN:401,(anonymous_26)
FN:422,(anonymous_27)
FN:449,(anonymous_28)
FN:476,(anonymous_29)
FN:482,(anonymous_30)
FN:496,(anonymous_31)
FN:514,(anonymous_32)
FN:529,(anonymous_33)
FN:538,(anonymous_34)
FN:544,(anonymous_35)
FNF:36
FNH:1
FNDA:10,(anonymous_0)
FNDA:0,(anonymous_1)
FNDA:0,(anonymous_2)
FNDA:0,(anonymous_3)
FNDA:0,(anonymous_4)
FNDA:0,(anonymous_5)
FNDA:0,(anonymous_6)
FNDA:0,(anonymous_7)
FNDA:0,(anonymous_8)
FNDA:0,(anonymous_9)
FNDA:0,(anonymous_10)
FNDA:0,(anonymous_11)
FNDA:0,(anonymous_12)
FNDA:0,(anonymous_13)
FNDA:0,(anonymous_14)
FNDA:0,(anonymous_15)
FNDA:0,(anonymous_16)
FNDA:0,(anonymous_17)
FNDA:0,(anonymous_18)
FNDA:0,(anonymous_19)
FNDA:0,(anonymous_20)
FNDA:0,(anonymous_21)
FNDA:0,(anonymous_22)
FNDA:0,(anonymous_23)
FNDA:0,(anonymous_24)
FNDA:0,(anonymous_25)
FNDA:0,(anonymous_26)
FNDA:0,(anonymous_27)
FNDA:0,(anonymous_28)
FNDA:0,(anonymous_29)
FNDA:0,(anonymous_30)
FNDA:0,(anonymous_31)
FNDA:0,(anonymous_32)
FNDA:0,(anonymous_33)
FNDA:0,(anonymous_34)
FNDA:0,(anonymous_35)
DA:2,10
DA:4,10
DA:13,10
DA:14,10
DA:15,10
DA:16,10
DA:17,10
DA:18,10
DA:19,10
DA:20,10
DA:21,10
DA:22,10
DA:25,0
DA:26,0
DA:27,0
DA:29,0
DA:37,0
DA:40,0
DA:42,0
DA:43,0
DA:46,0
DA:47,0
DA:48,0
DA:49,0
DA:51,0
DA:54,0
DA:55,0
DA:56,0
DA:57,0
DA:59,0
DA:62,0
DA:63,0
DA:66,0
DA:67,0
DA:70,0
DA:71,0
DA:74,0
DA:75,0
DA:78,0
DA:79,0
DA:82,0
DA:83,0
DA:86,0
DA:87,0
DA:90,0
DA:91,0
DA:92,0
DA:93,0
DA:96,0
DA:97,0
DA:103,0
DA:105,0
DA:106,0
DA:108,0
DA:109,0
DA:112,0
DA:126,0
DA:132,0
DA:149,0
DA:153,0
DA:157,0
DA:174,0
DA:176,0
DA:182,0
DA:186,0
DA:190,0
DA:194,0
DA:198,0
DA:206,0
DA:207,0
DA:210,0
DA:211,0
DA:212,0
DA:214,0
DA:218,0
DA:222,0
DA:230,0
DA:236,0
DA:238,0
DA:240,0
DA:243,0
DA:244,0
DA:245,0
DA:247,0
DA:249,0
DA:257,0
DA:261,0
DA:266,0
DA:276,0
DA:280,0
DA:284,0
DA:289,0
DA:293,0
DA:299,0
DA:307,0
DA:313,0
DA:317,0
DA:318,0
DA:319,0
DA:321,0
DA:325,0
DA:329,0
DA:330,0
DA:331,0
DA:333,0
DA:337,0
DA:343,0
DA:351,0
DA:357,0
DA:361,0
DA:362,0
DA:363,0
DA:365,0
DA:369,0
DA:373,0
DA:374,0
DA:375,0
DA:377,0
DA:381,0
DA:390,0
DA:394,0
DA:395,0
DA:396,0
DA:398,0
DA:402,0
DA:411,0
DA:412,0
DA:414,0
DA:419,0
DA:423,0
DA:438,0
DA:439,0
DA:441,0
DA:446,0
DA:450,0
DA:465,0
DA:466,0
DA:468,0
DA:473,0
DA:477,0
DA:483,0
DA:493,0
DA:497,0
DA:509,0
DA:510,0
DA:513,0
DA:515,0
DA:519,0
DA:521,0
DA:526,0
DA:530,0
DA:535,0
DA:539,0
DA:545,0
DA:548,0
DA:552,10
LF:156
LH:13
BRDA:26,0,0,0
BRDA:26,0,1,0
BRDA:42,1,0,0
BRDA:42,1,1,0
BRDA:46,2,0,0
BRDA:46,2,1,0
BRDA:47,3,0,0
BRDA:47,3,1,0
BRDA:54,4,0,0
BRDA:54,4,1,0
BRDA:55,5,0,0
BRDA:55,5,1,0
BRDA:62,6,0,0
BRDA:62,6,1,0
BRDA:66,7,0,0
BRDA:66,7,1,0
BRDA:70,8,0,0
BRDA:70,8,1,0
BRDA:74,9,0,0
BRDA:74,9,1,0
BRDA:78,10,0,0
BRDA:78,10,1,0
BRDA:82,11,0,0
BRDA:82,11,1,0
BRDA:86,12,0,0
BRDA:86,12,1,0
BRDA:90,13,0,0
BRDA:90,13,1,0
BRDA:91,14,0,0
BRDA:91,14,1,0
BRDA:108,15,0,0
BRDA:108,15,1,0
BRDA:153,16,0,0
BRDA:153,16,1,0
BRDA:174,17,0,0
BRDA:174,17,1,0
BRDA:210,18,0,0
BRDA:210,18,1,0
BRDA:210,19,0,0
BRDA:210,19,1,0
BRDA:226,20,0,0
BRDA:226,20,1,0
BRDA:240,21,0,0
BRDA:240,21,1,0
BRDA:243,22,0,0
BRDA:243,22,1,0
BRDA:243,23,0,0
BRDA:243,23,1,0
BRDA:247,24,0,0
BRDA:247,24,1,0
BRDA:318,25,0,0
BRDA:318,25,1,0
BRDA:330,26,0,0
BRDA:330,26,1,0
BRDA:362,27,0,0
BRDA:362,27,1,0
BRDA:374,28,0,0
BRDA:374,28,1,0
BRDA:395,29,0,0
BRDA:395,29,1,0
BRDA:509,30,0,0
BRDA:509,30,1,0
BRDA:515,31,0,0
BRDA:515,31,1,0
BRF:64
BRH:0
end_of_record
TN:
SF:src\repositories\proximity.repository.ts
FN:13,(anonymous_0)
FN:25,(anonymous_1)
FN:34,(anonymous_2)
FN:44,(anonymous_3)
FN:48,(anonymous_4)
FN:56,(anonymous_5)
FN:64,(anonymous_6)
FN:72,(anonymous_7)
FN:81,(anonymous_8)
FN:99,(anonymous_9)
FN:117,(anonymous_10)
FN:151,(anonymous_11)
FN:172,(anonymous_12)
FN:182,(anonymous_13)
FN:191,(anonymous_14)
FN:203,(anonymous_15)
FN:229,(anonymous_16)
FN:244,(anonymous_17)
FN:270,(anonymous_18)
FN:285,(anonymous_19)
FN:314,(anonymous_20)
FN:329,(anonymous_21)
FN:358,(anonymous_22)
FN:373,(anonymous_23)
FN:400,(anonymous_24)
FN:415,(anonymous_25)
FN:442,(anonymous_26)
FN:457,(anonymous_27)
FN:480,(anonymous_28)
FN:493,(anonymous_29)
FN:499,(anonymous_30)
FN:505,(anonymous_31)
FN:514,(anonymous_32)
FN:519,(anonymous_33)
FNF:34
FNH:1
FNDA:2,(anonymous_0)
FNDA:0,(anonymous_1)
FNDA:0,(anonymous_2)
FNDA:0,(anonymous_3)
FNDA:0,(anonymous_4)
FNDA:0,(anonymous_5)
FNDA:0,(anonymous_6)
FNDA:0,(anonymous_7)
FNDA:0,(anonymous_8)
FNDA:0,(anonymous_9)
FNDA:0,(anonymous_10)
FNDA:0,(anonymous_11)
FNDA:0,(anonymous_12)
FNDA:0,(anonymous_13)
FNDA:0,(anonymous_14)
FNDA:0,(anonymous_15)
FNDA:0,(anonymous_16)
FNDA:0,(anonymous_17)
FNDA:0,(anonymous_18)
FNDA:0,(anonymous_19)
FNDA:0,(anonymous_20)
FNDA:0,(anonymous_21)
FNDA:0,(anonymous_22)
FNDA:0,(anonymous_23)
FNDA:0,(anonymous_24)
FNDA:0,(anonymous_25)
FNDA:0,(anonymous_26)
FNDA:0,(anonymous_27)
FNDA:0,(anonymous_28)
FNDA:0,(anonymous_29)
FNDA:0,(anonymous_30)
FNDA:0,(anonymous_31)
FNDA:0,(anonymous_32)
FNDA:0,(anonymous_33)
DA:1,2
DA:14,2
DA:15,2
DA:16,2
DA:17,2
DA:18,2
DA:19,2
DA:20,2
DA:21,2
DA:22,2
DA:23,2
DA:26,0
DA:27,0
DA:28,0
DA:30,0
DA:35,0
DA:37,0
DA:38,0
DA:41,0
DA:45,0
DA:49,0
DA:53,0
DA:57,0
DA:61,0
DA:65,0
DA:69,0
DA:73,0
DA:82,0
DA:83,0
DA:85,0
DA:86,0
DA:89,0
DA:100,0
DA:105,0
DA:106,0
DA:109,0
DA:118,0
DA:136,0
DA:137,0
DA:140,0
DA:141,0
DA:144,0
DA:145,0
DA:148,0
DA:149,0
DA:151,0
DA:173,0
DA:179,0
DA:183,0
DA:188,0
DA:192,0
DA:193,0
DA:195,0
DA:204,0
DA:205,0
DA:207,0
DA:227,0
DA:229,0
DA:245,0
DA:246,0
DA:248,0
DA:268,0
DA:270,0
DA:286,0
DA:287,0
DA:289,0
DA:312,0
DA:314,0
DA:330,0
DA:331,0
DA:333,0
DA:335,0
DA:356,0
DA:358,0
DA:374,0
DA:375,0
DA:377,0
DA:398,0
DA:400,0
DA:416,0
DA:417,0
DA:419,0
DA:440,0
DA:442,0
DA:462,0
DA:464,0
DA:466,0
DA:468,0
DA:470,0
DA:472,0
DA:474,0
DA:476,0
DA:481,0
DA:482,0
DA:483,0
DA:486,0
DA:490,0
DA:494,0
DA:499,0
DA:506,0
DA:507,0
DA:509,0
DA:515,0
DA:516,0
DA:520,0
DA:531,0
DA:532,0
DA:536,2
LF:108
LH:12
BRDA:27,0,0,0
BRDA:27,0,1,0
BRDA:35,1,0,0
BRDA:35,1,1,0
BRDA:37,2,0,0
BRDA:37,2,1,0
BRDA:37,3,0,0
BRDA:37,3,1,0
BRDA:53,4,0,0
BRDA:53,4,1,0
BRDA:61,5,0,0
BRDA:61,5,1,0
BRDA:85,6,0,0
BRDA:85,6,1,0
BRDA:85,7,0,0
BRDA:85,7,1,0
BRDA:105,8,0,0
BRDA:105,8,1,0
BRDA:105,9,0,0
BRDA:105,9,1,0
BRDA:105,9,2,0
BRDA:136,10,0,0
BRDA:136,10,1,0
BRDA:140,11,0,0
BRDA:140,11,1,0
BRDA:144,12,0,0
BRDA:144,12,1,0
BRDA:164,13,0,0
BRDA:164,13,1,0
BRDA:172,14,0,0
BRDA:172,15,0,0
BRDA:462,16,0,0
BRDA:462,16,1,0
BRDA:462,16,2,0
BRDA:462,16,3,0
BRDA:462,16,4,0
BRDA:462,16,5,0
BRDA:462,16,6,0
BRDA:482,17,0,0
BRDA:482,17,1,0
BRDA:493,18,0,0
BRDA:501,19,0,0
BRDA:501,19,1,0
BRDA:505,20,0,0
BRDA:514,21,0,0
BRDA:514,22,0,0
BRDA:516,23,0,0
BRDA:516,23,1,0
BRF:48
BRH:0
end_of_record
TN:
SF:src\repositories\transport.repository.ts
FN:4,(anonymous_0)
FN:7,(anonymous_1)
FN:15,(anonymous_2)
FN:21,(anonymous_3)
FN:29,(anonymous_4)
FN:37,(anonymous_5)
FN:46,(anonymous_6)
FNF:7
FNH:1
FNDA:2,(anonymous_0)
FNDA:0,(anonymous_1)
FNDA:0,(anonymous_2)
FNDA:0,(anonymous_3)
FNDA:0,(anonymous_4)
FNDA:0,(anonymous_5)
FNDA:0,(anonymous_6)
DA:2,2
DA:5,2
DA:8,0
DA:9,0
DA:10,0
DA:12,0
DA:16,0
DA:22,0
DA:26,0
DA:30,0
DA:34,0
DA:38,0
DA:47,0
DA:51,0
DA:55,2
LF:15
LH:3
BRDA:9,0,0,0
BRDA:9,0,1,0
BRDA:26,1,0,0
BRDA:26,1,1,0
BRF:4
BRH:0
end_of_record
TN:
SF:src\repositories\trip.repository.ts
FN:4,(anonymous_0)
FN:10,(anonymous_1)
FN:19,(anonymous_2)
FN:26,(anonymous_3)
FN:43,(anonymous_4)
FN:59,(anonymous_5)
FN:63,(anonymous_6)
FN:72,(anonymous_7)
FN:76,(anonymous_8)
FN:93,(anonymous_9)
FN:102,(anonymous_10)
FN:109,(anonymous_11)
FN:110,(anonymous_12)
FN:123,(anonymous_13)
FN:139,(anonymous_14)
FN:152,(anonymous_15)
FN:164,(anonymous_16)
FN:171,(anonymous_17)
FN:187,(anonymous_18)
FN:209,(anonymous_19)
FN:215,(anonymous_20)
FN:222,(anonymous_21)
FN:233,(anonymous_22)
FN:244,(anonymous_23)
FN:256,(anonymous_24)
FNF:25
FNH:1
FNDA:2,(anonymous_0)
FNDA:0,(anonymous_1)
FNDA:0,(anonymous_2)
FNDA:0,(anonymous_3)
FNDA:0,(anonymous_4)
FNDA:0,(anonymous_5)
FNDA:0,(anonymous_6)
FNDA:0,(anonymous_7)
FNDA:0,(anonymous_8)
FNDA:0,(anonymous_9)
FNDA:0,(anonymous_10)
FNDA:0,(anonymous_11)
FNDA:0,(anonymous_12)
FNDA:0,(anonymous_13)
FNDA:0,(anonymous_14)
FNDA:0,(anonymous_15)
FNDA:0,(anonymous_16)
FNDA:0,(anonymous_17)
FNDA:0,(anonymous_18)
FNDA:0,(anonymous_19)
FNDA:0,(anonymous_20)
FNDA:0,(anonymous_21)
FNDA:0,(anonymous_22)
FNDA:0,(anonymous_23)
FNDA:0,(anonymous_24)
DA:2,2
DA:5,2
DA:6,2
DA:7,2
DA:8,2
DA:11,0
DA:12,0
DA:13,0
DA:15,0
DA:20,0
DA:23,0
DA:27,0
DA:40,0
DA:44,0
DA:45,0
DA:47,0
DA:60,0
DA:64,0
DA:71,0
DA:73,0
DA:77,0
DA:83,0
DA:84,0
DA:86,0
DA:94,0
DA:103,0
DA:106,0
DA:110,0
DA:117,0
DA:124,0
DA:125,0
DA:126,0
DA:129,0
DA:136,0
DA:140,0
DA:153,0
DA:161,0
DA:165,0
DA:168,0
DA:172,0
DA:174,0
DA:188,0
DA:210,0
DA:216,0
DA:219,0
DA:223,0
DA:230,0
DA:234,0
DA:241,0
DA:245,0
DA:250,0
DA:251,0
DA:253,0
DA:257,0
DA:264,0
DA:268,2
LF:56
LH:6
BRDA:12,0,0,0
BRDA:12,0,1,0
BRDA:40,1,0,0
BRDA:40,1,1,0
BRDA:43,2,0,0
BRDA:43,3,0,0
BRDA:84,4,0,0
BRDA:84,4,1,0
BRDA:125,5,0,0
BRDA:125,5,1,0
BRDA:171,6,0,0
BRDA:171,7,0,0
BRDA:219,8,0,0
BRDA:219,8,1,0
BRDA:250,9,0,0
BRDA:250,9,1,0
BRDA:250,10,0,0
BRDA:250,10,1,0
BRF:18
BRH:0
end_of_record
TN:
SF:src\repositories\user.repository.ts
FN:6,(anonymous_1)
FN:9,(anonymous_2)
FN:17,(anonymous_3)
FN:34,(anonymous_4)
FN:40,(anonymous_5)
FN:50,(anonymous_6)
FN:56,(anonymous_7)
FN:78,(anonymous_8)
FN:87,(anonymous_9)
FN:93,(anonymous_10)
FN:100,(anonymous_11)
FNF:11
FNH:1
FNDA:4,(anonymous_1)
FNDA:0,(anonymous_2)
FNDA:0,(anonymous_3)
FNDA:0,(anonymous_4)
FNDA:0,(anonymous_5)
FNDA:0,(anonymous_6)
FNDA:0,(anonymous_7)
FNDA:0,(anonymous_8)
FNDA:0,(anonymous_9)
FNDA:0,(anonymous_10)
FNDA:0,(anonymous_11)
DA:1,4
DA:2,4
DA:3,4
DA:4,4
DA:7,4
DA:10,0
DA:11,0
DA:12,0
DA:14,0
DA:18,0
DA:20,0
DA:26,0
DA:30,0
DA:31,0
DA:35,0
DA:37,0
DA:41,0
DA:43,0
DA:44,0
DA:47,0
DA:51,0
DA:57,0
DA:58,0
DA:59,0
DA:60,0
DA:63,0
DA:70,0
DA:71,0
DA:72,0
DA:75,0
DA:79,0
DA:81,0
DA:88,0
DA:94,0
DA:95,0
DA:101,0
DA:106,0
DA:107,0
DA:110,0
DA:113,4
LF:40
LH:6
BRDA:11,0,0,0
BRDA:11,0,1,0
BRDA:23,1,0,0
BRDA:23,1,1,0
BRDA:40,2,0,0
BRDA:43,3,0,0
BRDA:43,3,1,0
BRDA:57,4,0,0
BRDA:57,4,1,0
BRDA:57,5,0,0
BRDA:57,5,1,0
BRDA:57,5,2,0
BRDA:58,6,0,0
BRDA:58,6,1,0
BRDA:70,7,0,0
BRDA:70,7,1,0
BRDA:87,8,0,0
BRDA:106,9,0,0
BRDA:106,9,1,0
BRDA:106,10,0,0
BRDA:106,10,1,0
BRF:21
BRH:0
end_of_record
TN:
SF:src\repositories\wishlist.repository.ts
FN:14,(anonymous_0)
FN:17,(anonymous_1)
FN:25,(anonymous_2)
FN:39,(anonymous_3)
FN:44,(anonymous_4)
FN:63,(anonymous_5)
FN:91,(anonymous_6)
FN:103,(anonymous_7)
FN:121,(anonymous_8)
FN:129,(anonymous_9)
FN:147,(anonymous_10)
FN:156,(anonymous_11)
FN:161,(anonymous_12)
FN:198,(anonymous_13)
FN:203,(anonymous_14)
FN:212,(anonymous_15)
FN:217,(anonymous_16)
FN:222,(anonymous_17)
FN:230,(anonymous_18)
FN:236,(anonymous_19)
FNF:20
FNH:1
FNDA:2,(anonymous_0)
FNDA:0,(anonymous_1)
FNDA:0,(anonymous_2)
FNDA:0,(anonymous_3)
FNDA:0,(anonymous_4)
FNDA:0,(anonymous_5)
FNDA:0,(anonymous_6)
FNDA:0,(anonymous_7)
FNDA:0,(anonymous_8)
FNDA:0,(anonymous_9)
FNDA:0,(anonymous_10)
FNDA:0,(anonymous_11)
FNDA:0,(anonymous_12)
FNDA:0,(anonymous_13)
FNDA:0,(anonymous_14)
FNDA:0,(anonymous_15)
FNDA:0,(anonymous_16)
FNDA:0,(anonymous_17)
FNDA:0,(anonymous_18)
FNDA:0,(anonymous_19)
DA:12,2
DA:15,2
DA:18,0
DA:19,0
DA:20,0
DA:22,0
DA:26,0
DA:36,0
DA:40,0
DA:41,0
DA:45,0
DA:46,0
DA:48,0
DA:63,0
DA:85,0
DA:92,0
DA:94,0
DA:95,0
DA:98,0
DA:99,0
DA:102,0
DA:103,0
DA:104,0
DA:108,0
DA:110,0
DA:111,0
DA:114,0
DA:115,0
DA:118,0
DA:122,0
DA:124,0
DA:125,0
DA:128,0
DA:129,0
DA:130,0
DA:134,0
DA:136,0
DA:137,0
DA:140,0
DA:141,0
DA:144,0
DA:148,0
DA:157,0
DA:158,0
DA:162,0
DA:164,0
DA:165,0
DA:174,0
DA:175,0
DA:177,0
DA:183,0
DA:195,0
DA:199,0
DA:200,0
DA:204,0
DA:213,0
DA:214,0
DA:218,0
DA:219,0
DA:223,0
DA:227,0
DA:231,0
DA:232,0
DA:233,0
DA:237,0
DA:240,0
DA:244,2
LF:67
LH:3
BRDA:19,0,0,0
BRDA:19,0,1,0
BRDA:32,1,0,0
BRDA:32,1,1,0
BRDA:41,2,0,0
BRDA:41,2,1,0
BRDA:46,3,0,0
BRDA:46,3,1,0
BRDA:91,4,0,0
BRDA:94,5,0,0
BRDA:94,5,1,0
BRDA:98,6,0,0
BRDA:98,6,1,0
BRDA:102,7,0,0
BRDA:102,7,1,0
BRDA:110,8,0,0
BRDA:110,8,1,0
BRDA:114,9,0,0
BRDA:114,9,1,0
BRDA:121,10,0,0
BRDA:124,11,0,0
BRDA:124,11,1,0
BRDA:128,12,0,0
BRDA:128,12,1,0
BRDA:136,13,0,0
BRDA:136,13,1,0
BRDA:140,14,0,0
BRDA:140,14,1,0
BRDA:164,15,0,0
BRDA:164,15,1,0
BRDA:164,16,0,0
BRDA:164,16,1,0
BRDA:171,17,0,0
BRDA:171,17,1,0
BRDA:200,18,0,0
BRDA:200,18,1,0
BRDA:231,19,0,0
BRDA:231,19,1,0
BRF:38
BRH:0
end_of_record
TN:
SF:src\services\accommodation.service.ts
FN:9,(anonymous_0)
FN:13,(anonymous_1)
FN:17,(anonymous_2)
FN:45,(anonymous_3)
FN:72,(anonymous_4)
FNF:5
FNH:5
FNDA:1,(anonymous_0)
FNDA:2,(anonymous_1)
FNDA:5,(anonymous_2)
FNDA:4,(anonymous_3)
FNDA:2,(anonymous_4)
DA:1,2
DA:2,2
DA:9,2
DA:10,1
DA:13,2
DA:14,2
DA:17,2
DA:21,5
DA:22,2
DA:25,3
DA:26,3
DA:28,3
DA:29,1
DA:32,2
DA:37,2
DA:38,2
DA:39,1
DA:42,1
DA:45,2
DA:49,4
DA:50,4
DA:51,1
DA:54,3
DA:55,3
DA:56,1
DA:59,2
DA:60,2
DA:61,2
DA:63,2
DA:64,1
DA:68,1
DA:69,1
DA:72,2
DA:73,2
DA:74,2
DA:75,1
DA:77,1
DA:78,1
DA:81,2
LF:39
LH:39
BRDA:21,0,0,2
BRDA:21,0,1,3
BRDA:21,1,0,5
BRDA:21,1,1,4
BRDA:28,2,0,1
BRDA:28,2,1,2
BRDA:38,3,0,1
BRDA:38,3,1,1
BRDA:50,4,0,1
BRDA:50,4,1,3
BRDA:55,5,0,1
BRDA:55,5,1,2
BRDA:55,6,0,3
BRDA:55,6,1,3
BRDA:55,6,2,2
BRDA:59,7,0,2
BRDA:59,7,1,0
BRDA:59,8,0,2
BRDA:59,8,1,2
BRDA:63,9,0,1
BRDA:63,9,1,1
BRDA:74,10,0,1
BRDA:74,10,1,1
BRF:23
BRH:22
end_of_record
TN:
SF:src\services\attraction.service.ts
FN:9,(anonymous_0)
FN:13,(anonymous_1)
FN:17,(anonymous_2)
FN:43,(anonymous_3)
FN:65,(anonymous_4)
FNF:5
FNH:1
FNDA:0,(anonymous_0)
FNDA:0,(anonymous_1)
FNDA:6,(anonymous_2)
FNDA:0,(anonymous_3)
FNDA:0,(anonymous_4)
DA:1,2
DA:2,2
DA:9,2
DA:10,0
DA:13,2
DA:14,0
DA:17,2
DA:21,6
DA:22,6
DA:23,2
DA:26,4
DA:27,1
DA:30,3
DA:35,3
DA:36,3
DA:37,1
DA:40,2
DA:43,2
DA:47,0
DA:48,0
DA:49,0
DA:52,0
DA:53,0
DA:54,0
DA:57,0
DA:58,0
DA:61,0
DA:62,0
DA:65,2
DA:66,0
DA:67,0
DA:68,0
DA:70,0
DA:71,0
DA:74,2
LF:35
LH:18
BRDA:22,0,0,2
BRDA:22,0,1,4
BRDA:22,1,0,6
BRDA:22,1,1,5
BRDA:26,2,0,1
BRDA:26,2,1,3
BRDA:36,3,0,1
BRDA:36,3,1,2
BRDA:48,4,0,0
BRDA:48,4,1,0
BRDA:53,5,0,0
BRDA:53,5,1,0
BRDA:53,6,0,0
BRDA:53,6,1,0
BRDA:53,6,2,0
BRDA:57,7,0,0
BRDA:57,7,1,0
BRDA:57,8,0,0
BRDA:57,8,1,0
BRDA:67,9,0,0
BRDA:67,9,1,0
BRF:21
BRH:8
end_of_record
TN:
SF:src\services\auth.service.ts
FN:9,(anonymous_1)
FN:22,(anonymous_2)
FN:61,(anonymous_3)
FNF:3
FNH:3
FNDA:2,(anonymous_1)
FNDA:4,(anonymous_2)
FNDA:3,(anonymous_3)
DA:1,2
DA:2,2
DA:5,2
DA:6,2
DA:7,2
DA:9,2
DA:10,2
DA:11,2
DA:12,2
DA:13,1
DA:15,1
DA:17,1
DA:19,1
DA:22,2
DA:23,4
DA:24,4
DA:25,4
DA:26,1
DA:29,3
DA:30,1
DA:33,2
DA:38,2
DA:39,1
DA:42,1
DA:47,1
DA:51,1
DA:55,1
DA:61,2
DA:62,3
DA:63,1
DA:66,2
DA:67,2
DA:68,1
DA:70,1
DA:74,1
DA:76,1
DA:80,2
LF:37
LH:37
BRDA:12,0,0,1
BRDA:12,0,1,1
BRDA:25,1,0,1
BRDA:25,1,1,3
BRDA:29,2,0,1
BRDA:29,2,1,2
BRDA:38,3,0,1
BRDA:38,3,1,1
BRDA:62,4,0,1
BRDA:62,4,1,2
BRF:10
BRH:10
end_of_record
TN:
SF:src\services\dining.sevice.ts
FN:9,(anonymous_0)
FN:13,(anonymous_1)
FN:17,(anonymous_2)
FN:40,(anonymous_3)
FN:57,(anonymous_4)
FNF:5
FNH:5
FNDA:1,(anonymous_0)
FNDA:2,(anonymous_1)
FNDA:3,(anonymous_2)
FNDA:3,(anonymous_3)
FNDA:2,(anonymous_4)
DA:1,2
DA:2,2
DA:9,2
DA:10,1
DA:13,2
DA:14,2
DA:17,2
DA:22,3
DA:23,3
DA:24,1
DA:27,2
DA:32,2
DA:33,2
DA:34,1
DA:37,1
DA:40,2
DA:44,3
DA:45,3
DA:46,1
DA:48,2
DA:49,2
DA:50,1
DA:53,1
DA:54,1
DA:57,2
DA:58,2
DA:59,2
DA:60,1
DA:62,1
DA:63,1
DA:66,2
LF:31
LH:31
BRDA:23,0,0,1
BRDA:23,0,1,2
BRDA:23,1,0,3
BRDA:23,1,1,3
BRDA:33,2,0,1
BRDA:33,2,1,1
BRDA:45,3,0,1
BRDA:45,3,1,2
BRDA:49,4,0,1
BRDA:49,4,1,1
BRDA:49,5,0,2
BRDA:49,5,1,2
BRDA:49,5,2,1
BRDA:59,6,0,1
BRDA:59,6,1,1
BRF:15
BRH:15
end_of_record
TN:
SF:src\services\location.service.ts
FN:15,(anonymous_0)
FN:19,(anonymous_1)
FN:23,(anonymous_2)
FN:27,(anonymous_3)
FN:54,(anonymous_4)
FN:85,(anonymous_5)
FNF:6
FNH:6
FNDA:1,(anonymous_0)
FNDA:1,(anonymous_1)
FNDA:2,(anonymous_2)
FNDA:5,(anonymous_3)
FNDA:5,(anonymous_4)
FNDA:2,(anonymous_5)
DA:1,2
DA:15,2
DA:16,1
DA:19,2
DA:20,1
DA:23,2
DA:24,2
DA:27,2
DA:28,5
DA:29,1
DA:32,4
DA:33,1
DA:35,3
DA:40,3
DA:41,1
DA:44,2
DA:46,2
DA:47,2
DA:48,1
DA:51,1
DA:54,2
DA:58,5
DA:59,5
DA:60,1
DA:63,4
DA:64,1
DA:67,3
DA:68,1
DA:71,2
DA:72,2
DA:73,2
DA:75,2
DA:76,2
DA:77,1
DA:81,1
DA:82,1
DA:85,2
DA:86,2
DA:87,2
DA:88,1
DA:91,1
DA:94,2
LF:42
LH:42
BRDA:28,0,0,1
BRDA:28,0,1,4
BRDA:28,1,0,5
BRDA:28,1,1,5
BRDA:32,2,0,1
BRDA:32,2,1,3
BRDA:32,3,0,4
BRDA:32,3,1,4
BRDA:40,4,0,1
BRDA:40,4,1,2
BRDA:47,5,0,1
BRDA:47,5,1,1
BRDA:59,6,0,1
BRDA:59,6,1,4
BRDA:63,7,0,1
BRDA:63,7,1,3
BRDA:63,8,0,4
BRDA:63,8,1,2
BRDA:63,8,2,1
BRDA:67,9,0,1
BRDA:67,9,1,2
BRDA:67,10,0,3
BRDA:67,10,1,1
BRDA:67,10,2,1
BRDA:71,11,0,2
BRDA:71,11,1,0
BRDA:71,12,0,2
BRDA:71,12,1,0
BRDA:72,13,0,2
BRDA:72,13,1,0
BRDA:73,14,0,2
BRDA:73,14,1,2
BRDA:76,15,0,1
BRDA:76,15,1,1
BRDA:76,16,0,2
BRDA:76,16,1,1
BRDA:87,17,0,1
BRDA:87,17,1,1
BRF:38
BRH:35
end_of_record
TN:
SF:src\services\notification.service.ts
FN:10,(anonymous_0)
FN:19,(anonymous_1)
FN:23,(anonymous_2)
FN:52,(anonymous_3)
FN:73,(anonymous_4)
FN:77,(anonymous_5)
FN:81,(anonymous_6)
FN:85,(anonymous_7)
FN:89,(anonymous_8)
FN:102,(anonymous_9)
FN:119,(anonymous_10)
FN:131,(anonymous_11)
FN:139,(anonymous_12)
FN:143,(anonymous_13)
FN:165,(anonymous_14)
FNF:15
FNH:15
FNDA:1,(anonymous_0)
FNDA:2,(anonymous_1)
FNDA:7,(anonymous_2)
FNDA:4,(anonymous_3)
FNDA:1,(anonymous_4)
FNDA:1,(anonymous_5)
FNDA:1,(anonymous_6)
FNDA:1,(anonymous_7)
FNDA:2,(anonymous_8)
FNDA:4,(anonymous_9)
FNDA:3,(anonymous_10)
FNDA:3,(anonymous_11)
FNDA:1,(anonymous_12)
FNDA:6,(anonymous_13)
FNDA:2,(anonymous_14)
DA:1,2
DA:10,2
DA:16,1
DA:19,2
DA:20,2
DA:23,2
DA:24,7
DA:25,7
DA:26,1
DA:29,6
DA:30,3
DA:33,3
DA:34,2
DA:35,2
DA:36,2
DA:43,2
DA:44,1
DA:49,2
DA:52,2
DA:58,4
DA:59,4
DA:60,2
DA:62,2
DA:63,2
DA:64,2
DA:65,1
DA:69,1
DA:70,1
DA:73,2
DA:74,1
DA:77,2
DA:78,1
DA:81,2
DA:82,1
DA:85,2
DA:86,1
DA:89,2
DA:94,2
DA:95,2
DA:96,1
DA:99,1
DA:102,2
DA:107,4
DA:108,4
DA:109,1
DA:112,3
DA:113,2
DA:116,1
DA:119,2
DA:120,3
DA:121,1
DA:124,2
DA:125,1
DA:128,1
DA:131,2
DA:132,3
DA:133,2
DA:136,1
DA:139,2
DA:140,1
DA:143,2
DA:144,6
DA:145,2
DA:148,4
DA:149,2
DA:151,2
DA:158,2
DA:159,1
DA:162,1
DA:165,2
DA:171,2
DA:174,2
LF:72
LH:72
BRDA:12,0,0,0
BRDA:13,1,0,0
BRDA:25,2,0,1
BRDA:25,2,1,6
BRDA:29,3,0,3
BRDA:29,3,1,3
BRDA:29,4,0,6
BRDA:29,4,1,5
BRDA:29,4,2,4
BRDA:33,5,0,2
BRDA:33,5,1,1
BRDA:33,6,0,3
BRDA:33,6,1,2
BRDA:35,7,0,2
BRDA:35,7,1,0
BRDA:35,8,0,2
BRDA:35,8,1,2
BRDA:43,9,0,1
BRDA:43,9,1,1
BRDA:59,10,0,2
BRDA:59,10,1,2
BRDA:59,11,0,4
BRDA:59,11,1,3
BRDA:62,12,0,2
BRDA:62,12,1,0
BRDA:64,13,0,1
BRDA:64,13,1,1
BRDA:92,14,0,0
BRDA:95,15,0,1
BRDA:95,15,1,1
BRDA:105,16,0,0
BRDA:108,17,0,1
BRDA:108,17,1,3
BRDA:112,18,0,2
BRDA:112,18,1,1
BRDA:112,19,0,3
BRDA:112,19,1,2
BRDA:120,20,0,1
BRDA:120,20,1,2
BRDA:120,21,0,3
BRDA:120,21,1,3
BRDA:124,22,0,1
BRDA:124,22,1,1
BRDA:131,23,0,0
BRDA:132,24,0,2
BRDA:132,24,1,1
BRDA:132,25,0,3
BRDA:132,25,1,2
BRDA:144,26,0,2
BRDA:144,26,1,4
BRDA:144,27,0,6
BRDA:144,27,1,5
BRDA:148,28,0,2
BRDA:148,28,1,2
BRDA:148,29,0,4
BRDA:148,29,1,3
BRDA:158,30,0,1
BRDA:158,30,1,1
BRDA:169,31,0,0
BRF:59
BRH:51
end_of_record
TN:
SF:src\services\post.service.ts
FN:12,(anonymous_0)
FN:24,(anonymous_1)
FN:28,(anonymous_2)
FN:36,(anonymous_3)
FN:40,(anonymous_4)
FN:55,(anonymous_5)
FN:64,(anonymous_6)
FN:72,(anonymous_7)
FN:92,(anonymous_8)
FN:112,(anonymous_9)
FN:132,(anonymous_10)
FN:152,(anonymous_11)
FN:164,(anonymous_12)
FN:176,(anonymous_13)
FN:188,(anonymous_14)
FN:200,(anonymous_15)
FN:218,(anonymous_16)
FN:227,(anonymous_17)
FN:232,(anonymous_18)
FN:236,(anonymous_19)
FNF:20
FNH:18
FNDA:1,(anonymous_0)
FNDA:1,(anonymous_1)
FNDA:0,(anonymous_2)
FNDA:1,(anonymous_3)
FNDA:1,(anonymous_4)
FNDA:1,(anonymous_5)
FNDA:0,(anonymous_6)
FNDA:1,(anonymous_7)
FNDA:1,(anonymous_8)
FNDA:1,(anonymous_9)
FNDA:1,(anonymous_10)
FNDA:1,(anonymous_11)
FNDA:1,(anonymous_12)
FNDA:1,(anonymous_13)
FNDA:1,(anonymous_14)
FNDA:1,(anonymous_15)
FNDA:1,(anonymous_16)
FNDA:1,(anonymous_17)
FNDA:1,(anonymous_18)
FNDA:2,(anonymous_19)
DA:1,2
DA:2,2
DA:12,2
DA:13,1
DA:14,1
DA:15,1
DA:24,2
DA:25,1
DA:28,2
DA:29,0
DA:30,0
DA:31,0
DA:33,0
DA:36,2
DA:37,1
DA:40,2
DA:41,1
DA:45,1
DA:46,1
DA:48,1
DA:49,1
DA:50,0
DA:52,1
DA:55,2
DA:56,1
DA:57,1
DA:58,0
DA:60,1
DA:61,1
DA:64,2
DA:65,0
DA:66,0
DA:67,0
DA:69,0
DA:72,2
DA:73,1
DA:74,1
DA:75,0
DA:77,1
DA:78,1
DA:79,1
DA:84,0
DA:85,0
DA:86,0
DA:92,2
DA:93,1
DA:94,1
DA:95,0
DA:97,1
DA:98,1
DA:99,1
DA:104,0
DA:105,0
DA:106,0
DA:112,2
DA:113,1
DA:114,1
DA:115,0
DA:117,1
DA:118,1
DA:119,1
DA:124,0
DA:125,0
DA:126,0
DA:132,2
DA:133,1
DA:134,1
DA:135,0
DA:137,1
DA:138,1
DA:139,1
DA:144,0
DA:145,0
DA:146,0
DA:152,2
DA:153,1
DA:154,1
DA:155,0
DA:157,1
DA:158,1
DA:159,1
DA:164,2
DA:165,1
DA:166,1
DA:167,1
DA:176,2
DA:177,1
DA:178,1
DA:179,1
DA:188,2
DA:189,1
DA:190,1
DA:191,1
DA:200,2
DA:206,1
DA:207,1
DA:208,0
DA:211,1
DA:212,1
DA:213,0
DA:215,1
DA:218,2
DA:219,1
DA:220,1
DA:221,0
DA:223,1
DA:224,1
DA:227,2
DA:228,1
DA:229,1
DA:232,2
DA:233,1
DA:236,2
DA:237,2
DA:238,2
DA:239,1
DA:241,1
DA:242,1
DA:243,1
DA:244,0
DA:245,0
DA:247,1
DA:249,2
LF:123
LH:91
BRDA:30,0,0,0
BRDA:30,0,1,0
BRDA:45,1,0,1
BRDA:45,1,1,0
BRDA:45,2,0,1
BRDA:45,2,1,1
BRDA:49,3,0,0
BRDA:49,3,1,1
BRDA:57,4,0,0
BRDA:57,4,1,1
BRDA:57,5,0,1
BRDA:57,5,1,1
BRDA:66,6,0,0
BRDA:66,6,1,0
BRDA:66,7,0,0
BRDA:66,7,1,0
BRDA:74,8,0,0
BRDA:74,8,1,1
BRDA:78,9,0,1
BRDA:78,9,1,0
BRDA:94,10,0,0
BRDA:94,10,1,1
BRDA:98,11,0,1
BRDA:98,11,1,0
BRDA:114,12,0,0
BRDA:114,12,1,1
BRDA:118,13,0,1
BRDA:118,13,1,0
BRDA:134,14,0,0
BRDA:134,14,1,1
BRDA:138,15,0,1
BRDA:138,15,1,0
BRDA:154,16,0,0
BRDA:154,16,1,1
BRDA:207,17,0,0
BRDA:207,17,1,1
BRDA:212,18,0,0
BRDA:212,18,1,1
BRDA:220,19,0,0
BRDA:220,19,1,1
BRDA:238,20,0,1
BRDA:238,20,1,1
BRDA:243,21,0,0
BRDA:243,21,1,1
BRF:44
BRH:22
end_of_record
TN:
SF:src\services\proximity.service.ts
FN:16,(anonymous_0)
FN:26,(anonymous_1)
FN:54,(anonymous_2)
FN:68,(anonymous_3)
FN:82,(anonymous_4)
FN:86,(anonymous_5)
FN:93,(anonymous_6)
FN:101,(anonymous_7)
FN:105,(anonymous_8)
FN:114,(anonymous_9)
FN:123,(anonymous_10)
FN:132,(anonymous_11)
FN:141,(anonymous_12)
FN:150,(anonymous_13)
FN:159,(anonymous_14)
FN:171,(anonymous_15)
FNF:16
FNH:16
FNDA:20,(anonymous_0)
FNDA:4,(anonymous_1)
FNDA:2,(anonymous_2)
FNDA:2,(anonymous_3)
FNDA:3,(anonymous_4)
FNDA:1,(anonymous_5)
FNDA:1,(anonymous_6)
FNDA:1,(anonymous_7)
FNDA:3,(anonymous_8)
FNDA:3,(anonymous_9)
FNDA:3,(anonymous_10)
FNDA:3,(anonymous_11)
FNDA:3,(anonymous_12)
FNDA:3,(anonymous_13)
FNDA:3,(anonymous_14)
FNDA:1,(anonymous_15)
DA:1,2
DA:2,2
DA:16,2
DA:17,20
DA:19,20
DA:20,1
DA:23,20
DA:26,2
DA:30,4
DA:41,4
DA:46,4
DA:47,4
DA:48,1
DA:51,3
DA:54,2
DA:58,2
DA:60,2
DA:61,1
DA:64,1
DA:65,1
DA:68,2
DA:72,2
DA:74,2
DA:75,2
DA:76,1
DA:79,1
DA:82,2
DA:83,3
DA:86,2
DA:90,1
DA:93,2
DA:98,1
DA:101,2
DA:102,1
DA:105,2
DA:106,3
DA:107,3
DA:108,1
DA:111,2
DA:114,2
DA:115,3
DA:116,3
DA:117,1
DA:120,2
DA:123,2
DA:124,3
DA:125,3
DA:126,1
DA:129,2
DA:132,2
DA:133,3
DA:134,3
DA:135,1
DA:138,2
DA:141,2
DA:142,3
DA:143,3
DA:144,1
DA:147,2
DA:150,2
DA:151,3
DA:152,3
DA:153,1
DA:156,2
DA:159,2
DA:160,3
DA:161,3
DA:162,1
DA:165,2
DA:166,2
DA:167,1
DA:170,1
DA:171,1
DA:179,1
DA:180,1
DA:182,1
DA:187,1
DA:201,1
DA:210,1
DA:211,1
DA:212,1
DA:213,1
DA:222,1
DA:223,1
DA:224,1
DA:225,0
DA:236,1
DA:237,1
DA:238,1
DA:239,0
DA:248,1
DA:249,1
DA:250,1
DA:251,0
DA:260,1
DA:261,1
DA:262,1
DA:263,0
DA:272,1
DA:273,1
DA:274,1
DA:275,0
DA:284,1
DA:285,1
DA:286,1
DA:294,0
DA:299,2
LF:107
LH:101
BRDA:19,0,0,1
BRDA:19,0,1,19
BRDA:47,1,0,1
BRDA:47,1,1,3
BRDA:60,2,0,1
BRDA:60,2,1,1
BRDA:75,3,0,1
BRDA:75,3,1,1
BRDA:95,4,0,0
BRDA:96,5,0,0
BRDA:107,6,0,1
BRDA:107,6,1,2
BRDA:116,7,0,1
BRDA:116,7,1,2
BRDA:125,8,0,1
BRDA:125,8,1,2
BRDA:134,9,0,1
BRDA:134,9,1,2
BRDA:143,10,0,1
BRDA:143,10,1,2
BRDA:152,11,0,1
BRDA:152,11,1,2
BRDA:161,12,0,1
BRDA:161,12,1,2
BRDA:166,13,0,1
BRDA:166,13,1,1
BRDA:176,14,0,1
BRDA:177,15,0,1
BRDA:180,16,0,0
BRDA:180,16,1,1
BRDA:185,17,0,1
BRDA:185,17,1,0
BRDA:210,18,0,1
BRDA:210,18,1,0
BRDA:222,19,0,1
BRDA:222,19,1,0
BRDA:236,20,0,1
BRDA:236,20,1,0
BRDA:248,21,0,1
BRDA:248,21,1,0
BRDA:260,22,0,1
BRDA:260,22,1,0
BRDA:272,23,0,1
BRDA:272,23,1,0
BRF:44
BRH:34
end_of_record
TN:
SF:src\services\transport.service.ts
FN:9,(anonymous_0)
FN:13,(anonymous_1)
FN:17,(anonymous_2)
FN:37,(anonymous_3)
FN:50,(anonymous_4)
FNF:5
FNH:1
FNDA:0,(anonymous_0)
FNDA:0,(anonymous_1)
FNDA:0,(anonymous_2)
FNDA:3,(anonymous_3)
FNDA:0,(anonymous_4)
DA:1,2
DA:2,2
DA:9,2
DA:10,0
DA:13,2
DA:14,0
DA:17,2
DA:22,0
DA:24,0
DA:29,0
DA:30,0
DA:31,0
DA:34,0
DA:37,2
DA:41,3
DA:42,3
DA:43,1
DA:45,2
DA:46,2
DA:47,2
DA:50,2
DA:51,0
DA:52,0
DA:53,0
DA:55,0
DA:56,0
DA:59,2
LF:27
LH:14
BRDA:30,0,0,0
BRDA:30,0,1,0
BRDA:42,1,0,1
BRDA:42,1,1,2
BRDA:52,2,0,0
BRDA:52,2,1,0
BRF:6
BRH:2
end_of_record
TN:
SF:src\services\trip.service.ts
FN:15,(anonymous_0)
FN:67,(anonymous_1)
FN:82,(anonymous_2)
FN:106,(anonymous_3)
FN:150,(anonymous_4)
FN:159,(anonymous_5)
FN:182,(anonymous_6)
FN:183,(anonymous_7)
FN:192,(anonymous_8)
FN:205,(anonymous_9)
FN:214,(anonymous_10)
FN:231,(anonymous_11)
FN:256,(anonymous_12)
FN:270,(anonymous_13)
FN:274,(anonymous_14)
FNF:15
FNH:15
FNDA:6,(anonymous_0)
FNDA:1,(anonymous_1)
FNDA:3,(anonymous_2)
FNDA:7,(anonymous_3)
FNDA:2,(anonymous_4)
FNDA:5,(anonymous_5)
FNDA:2,(anonymous_6)
FNDA:3,(anonymous_7)
FNDA:2,(anonymous_8)
FNDA:2,(anonymous_9)
FNDA:3,(anonymous_10)
FNDA:3,(anonymous_11)
FNDA:2,(anonymous_12)
FNDA:1,(anonymous_13)
FNDA:2,(anonymous_14)
DA:1,2
DA:15,2
DA:19,6
DA:20,6
DA:21,6
DA:23,6
DA:24,1
DA:27,5
DA:28,1
DA:31,4
DA:32,1
DA:35,3
DA:36,1
DA:39,2
DA:40,2
DA:41,1
DA:44,1
DA:55,1
DA:56,1
DA:57,1
DA:59,1
DA:60,1
DA:61,0
DA:64,1
DA:67,2
DA:72,1
DA:74,1
DA:82,2
DA:86,3
DA:87,3
DA:88,1
DA:91,2
DA:92,2
DA:93,1
DA:96,1
DA:97,1
DA:99,1
DA:106,2
DA:112,7
DA:113,7
DA:114,1
DA:117,6
DA:118,6
DA:119,1
DA:122,5
DA:123,1
DA:124,1
DA:126,1
DA:127,1
DA:131,4
DA:132,1
DA:135,3
DA:136,1
DA:139,2
DA:140,1
DA:141,1
DA:142,1
DA:146,1
DA:147,1
DA:150,2
DA:151,2
DA:152,2
DA:153,1
DA:156,1
DA:159,2
DA:164,5
DA:165,5
DA:166,1
DA:169,4
DA:170,4
DA:171,1
DA:174,3
DA:175,3
DA:177,3
DA:178,1
DA:181,2
DA:182,2
DA:183,3
DA:185,2
DA:186,1
DA:189,1
DA:192,2
DA:197,2
DA:198,2
DA:199,1
DA:202,1
DA:205,2
DA:206,2
DA:207,2
DA:208,1
DA:211,1
DA:214,2
DA:219,3
DA:220,3
DA:221,1
DA:223,2
DA:224,2
DA:225,1
DA:228,1
DA:231,2
DA:236,3
DA:237,3
DA:238,1
DA:241,2
DA:242,1
DA:245,1
DA:252,1
DA:253,1
DA:256,2
DA:262,2
DA:263,2
DA:264,1
DA:267,1
DA:270,2
DA:271,1
DA:274,2
DA:278,2
DA:279,2
DA:280,1
DA:283,1
DA:286,2
LF:121
LH:120
BRDA:23,0,0,1
BRDA:23,0,1,5
BRDA:27,1,0,1
BRDA:27,1,1,4
BRDA:31,2,0,1
BRDA:31,2,1,3
BRDA:31,3,0,4
BRDA:31,3,1,4
BRDA:35,4,0,1
BRDA:35,4,1,2
BRDA:35,5,0,3
BRDA:35,5,1,3
BRDA:40,6,0,1
BRDA:40,6,1,1
BRDA:60,7,0,0
BRDA:60,7,1,1
BRDA:69,8,0,0
BRDA:70,9,0,0
BRDA:87,10,0,1
BRDA:87,10,1,2
BRDA:92,11,0,1
BRDA:92,11,1,1
BRDA:113,12,0,1
BRDA:113,12,1,6
BRDA:118,13,0,1
BRDA:118,13,1,5
BRDA:122,14,0,1
BRDA:122,14,1,4
BRDA:122,15,0,5
BRDA:122,15,1,4
BRDA:123,16,0,1
BRDA:123,16,1,0
BRDA:124,17,0,1
BRDA:124,17,1,0
BRDA:126,18,0,1
BRDA:126,18,1,0
BRDA:131,19,0,1
BRDA:131,19,1,3
BRDA:131,20,0,4
BRDA:131,20,1,1
BRDA:135,21,0,1
BRDA:135,21,1,2
BRDA:135,22,0,3
BRDA:135,22,1,2
BRDA:139,23,0,1
BRDA:139,23,1,1
BRDA:141,24,0,1
BRDA:141,24,1,0
BRDA:152,25,0,1
BRDA:152,25,1,1
BRDA:165,26,0,1
BRDA:165,26,1,4
BRDA:170,27,0,1
BRDA:170,27,1,3
BRDA:177,28,0,1
BRDA:177,28,1,2
BRDA:185,29,0,1
BRDA:185,29,1,1
BRDA:198,30,0,1
BRDA:198,30,1,1
BRDA:207,31,0,1
BRDA:207,31,1,1
BRDA:220,32,0,1
BRDA:220,32,1,2
BRDA:224,33,0,1
BRDA:224,33,1,1
BRDA:237,34,0,1
BRDA:237,34,1,2
BRDA:241,35,0,1
BRDA:241,35,1,1
BRDA:249,36,0,1
BRDA:249,36,1,1
BRDA:259,37,0,0
BRDA:260,38,0,0
BRDA:263,39,0,1
BRDA:263,39,1,1
BRDA:279,40,0,1
BRDA:279,40,1,1
BRF:78
BRH:69
end_of_record
TN:
SF:src\services\user.services.ts
FN:5,(anonymous_0)
FN:9,(anonymous_1)
FN:14,(anonymous_2)
FN:27,(anonymous_3)
FN:32,(anonymous_4)
FN:36,(anonymous_5)
FNF:6
FNH:6
FNDA:1,(anonymous_0)
FNDA:1,(anonymous_1)
FNDA:3,(anonymous_2)
FNDA:1,(anonymous_3)
FNDA:1,(anonymous_4)
FNDA:2,(anonymous_5)
DA:2,2
DA:3,2
DA:5,2
DA:6,1
DA:7,1
DA:9,2
DA:10,1
DA:11,1
DA:14,2
DA:15,3
DA:16,3
DA:17,1
DA:19,2
DA:20,1
DA:21,1
DA:23,2
DA:24,2
DA:27,2
DA:28,1
DA:29,1
DA:32,2
DA:33,1
DA:36,2
DA:37,2
DA:38,2
DA:39,1
DA:42,1
DA:46,1
DA:52,2
LF:29
LH:29
BRDA:16,0,0,1
BRDA:16,0,1,2
BRDA:19,1,0,1
BRDA:19,1,1,1
BRDA:19,2,0,2
BRDA:19,2,1,1
BRDA:38,3,0,1
BRDA:38,3,1,1
BRF:8
BRH:8
end_of_record
TN:
SF:src\services\wishlist.service.ts
FN:16,(anonymous_0)
FN:23,(anonymous_1)
FN:30,(anonymous_2)
FN:34,(anonymous_3)
FN:38,(anonymous_4)
FN:47,(anonymous_5)
FN:55,(anonymous_6)
FN:102,(anonymous_7)
FN:111,(anonymous_8)
FN:119,(anonymous_9)
FN:137,(anonymous_10)
FNF:11
FNH:11
FNDA:2,(anonymous_0)
FNDA:4,(anonymous_1)
FNDA:1,(anonymous_2)
FNDA:1,(anonymous_3)
FNDA:3,(anonymous_4)
FNDA:3,(anonymous_5)
FNDA:7,(anonymous_6)
FNDA:3,(anonymous_7)
FNDA:3,(anonymous_8)
FNDA:4,(anonymous_9)
FNDA:3,(anonymous_10)
DA:1,2
DA:2,2
DA:16,2
DA:17,2
DA:18,2
DA:19,2
DA:20,1
DA:23,2
DA:24,4
DA:25,4
DA:26,3
DA:27,2
DA:30,2
DA:31,1
DA:34,2
DA:35,1
DA:38,2
DA:39,3
DA:40,3
DA:41,2
DA:42,2
DA:43,1
DA:44,1
DA:47,2
DA:48,3
DA:49,3
DA:50,2
DA:51,2
DA:52,1
DA:55,2
DA:60,7
DA:61,7
DA:62,6
DA:64,6
DA:65,2
DA:74,2
DA:75,2
DA:77,1
DA:78,1
DA:82,1
DA:86,5
DA:88,5
DA:89,5
DA:91,4
DA:92,4
DA:94,3
DA:96,3
DA:97,3
DA:99,2
DA:102,2
DA:103,3
DA:104,3
DA:105,2
DA:106,2
DA:107,1
DA:108,1
DA:111,2
DA:112,3
DA:113,3
DA:114,2
DA:115,2
DA:116,1
DA:119,2
DA:120,4
DA:121,4
DA:122,3
DA:123,3
DA:124,2
DA:126,2
DA:127,2
DA:129,1
DA:131,1
DA:137,2
DA:138,3
DA:139,3
DA:140,1
DA:143,2
LF:77
LH:77
BRDA:19,0,0,1
BRDA:19,0,1,1
BRDA:25,1,0,1
BRDA:25,1,1,3
BRDA:26,2,0,1
BRDA:26,2,1,2
BRDA:26,3,0,3
BRDA:26,3,1,2
BRDA:30,4,0,1
BRDA:34,5,0,1
BRDA:40,6,0,1
BRDA:40,6,1,2
BRDA:42,7,0,1
BRDA:42,7,1,1
BRDA:49,8,0,1
BRDA:49,8,1,2
BRDA:51,9,0,1
BRDA:51,9,1,1
BRDA:61,10,0,1
BRDA:61,10,1,6
BRDA:64,11,0,2
BRDA:64,11,1,4
BRDA:64,12,0,6
BRDA:64,12,1,2
BRDA:67,13,0,2
BRDA:67,13,1,0
BRDA:68,14,0,2
BRDA:68,14,1,0
BRDA:71,15,0,2
BRDA:71,15,1,2
BRDA:77,16,0,1
BRDA:77,16,1,0
BRDA:86,17,0,0
BRDA:86,17,1,5
BRDA:89,18,0,1
BRDA:89,18,1,4
BRDA:92,19,0,1
BRDA:92,19,1,3
BRDA:97,20,0,1
BRDA:97,20,1,2
BRDA:104,21,0,1
BRDA:104,21,1,2
BRDA:106,22,0,1
BRDA:106,22,1,1
BRDA:113,23,0,1
BRDA:113,23,1,2
BRDA:115,24,0,1
BRDA:115,24,1,1
BRDA:121,25,0,1
BRDA:121,25,1,3
BRDA:123,26,0,1
BRDA:123,26,1,2
BRDA:124,27,0,2
BRDA:124,27,1,0
BRDA:127,28,0,1
BRDA:127,28,1,1
BRDA:129,29,0,1
BRDA:129,29,1,1
BRDA:139,30,0,2
BRDA:139,30,1,1
BRDA:139,31,0,3
BRDA:139,31,1,2
BRF:62
BRH:57
end_of_record
TN:
SF:src\utils\auth.util.ts
FN:3,(anonymous_1)
FNF:1
FNH:1
FNDA:4,(anonymous_1)
DA:1,3
DA:3,3
DA:7,4
DA:8,3
LF:4
LH:4
BRF:0
BRH:0
end_of_record
TN:
SF:src\utils\catchAsync.util.ts
FN:3,(anonymous_0)
FN:4,(anonymous_1)
FN:5,(anonymous_2)
FNF:3
FNH:3
FNDA:110,(anonymous_0)
FNDA:176,(anonymous_1)
FNDA:1,(anonymous_2)
DA:3,13
DA:4,110
DA:5,176
DA:6,1
DA:7,1
LF:5
LH:5
BRF:0
BRH:0
end_of_record
